Log file open, 10/15/17 09:48:54
LogWindows: LoadLibraryWithSearchPaths failed for file aqProf.dll. GetLastError=0
LogWindows: LoadLibraryWithSearchPaths failed for file VtuneApi.dll. GetLastError=0
LogWindows: LoadLibraryWithSearchPaths failed for file VtuneApi32e.dll. GetLastError=0
LogInit: Display: Running engine for game: MCMigrate
LogPlatformFile: Not using cached read wrapper
LogInit: Display: RandInit(-1084568214) SRandInit(-1084568214).
LogTaskGraph: Started task graph with 5 named threads and 14 total threads with 3 sets of task threads.
LogStats: Stats thread started at 3.685525
LogD3D11RHI: Aftermath initialized
LogPluginManager: Mounting plugin Paper2D
LogPluginManager: Mounting plugin LightPropagationVolume
LogPluginManager: Mounting plugin CodeLiteSourceCodeAccess
LogPluginManager: Mounting plugin GitSourceControl
LogPluginManager: Mounting plugin KDevelopSourceCodeAccess
LogPluginManager: Mounting plugin NullSourceCodeAccess
LogPluginManager: Mounting plugin PerforceSourceControl
LogPluginManager: Mounting plugin SubversionSourceControl
LogPluginManager: Mounting plugin UObjectPlugin
LogPluginManager: Mounting plugin VisualStudioSourceCodeAccess
LogPluginManager: Mounting plugin XCodeSourceCodeAccess
LogPluginManager: Mounting plugin AssetManagerEditor
LogPluginManager: Mounting plugin AudioCapture
LogPluginManager: Mounting plugin FacialAnimation
LogPluginManager: Mounting plugin GameplayTagsEditor
LogPluginManager: Mounting plugin MobileLauncherProfileWizard
LogPluginManager: Mounting plugin PluginBrowser
LogPluginManager: Mounting plugin SpeedTreeImporter
LogPluginManager: Mounting plugin AlembicImporter
LogPluginManager: Mounting plugin CharacterAI
LogPluginManager: Mounting plugin HTML5Networking
LogPluginManager: Mounting plugin AndroidMedia
LogPluginManager: Mounting plugin AvfMedia
LogPluginManager: Mounting plugin MediaPlayerEditor
LogPluginManager: Mounting plugin WmfMedia
LogPluginManager: Mounting plugin TcpMessaging
LogPluginManager: Mounting plugin UdpMessaging
LogPluginManager: Mounting plugin LevelSequenceEditor
LogPluginManager: Mounting plugin MatineeToLevelSequence
LogPluginManager: Mounting plugin OnlineSubsystemGooglePlay
LogPluginManager: Mounting plugin OnlineSubsystemIOS
LogPluginManager: Mounting plugin OnlineSubsystem
LogPluginManager: Mounting plugin OnlineSubsystemNull
LogPluginManager: Mounting plugin OnlineSubsystemUtils
LogPluginManager: Mounting plugin AndroidDeviceProfileSelector
LogPluginManager: Mounting plugin AndroidMoviePlayer
LogPluginManager: Mounting plugin AndroidPermission
LogPluginManager: Mounting plugin AppleMoviePlayer
LogPluginManager: Mounting plugin ArchVisCharacter
LogPluginManager: Mounting plugin CableComponent
LogPluginManager: Mounting plugin CustomMeshComponent
LogPluginManager: Mounting plugin ExampleDeviceProfileSelector
LogPluginManager: Mounting plugin GoogleCloudMessaging
LogPluginManager: Mounting plugin ImmediatePhysics
LogPluginManager: Mounting plugin IOSDeviceProfileSelector
LogPluginManager: Mounting plugin LinuxDeviceProfileSelector
LogPluginManager: Mounting plugin LocationServicesBPLibrary
LogPluginManager: Mounting plugin MobilePatchingUtils
LogPluginManager: Mounting plugin OculusVR
LogPluginManager: Mounting plugin PhysXVehicles
LogPluginManager: Mounting plugin ProceduralMeshComponent
LogPluginManager: Mounting plugin RuntimePhysXCooking
LogPluginManager: Mounting plugin SteamVR
LogPluginManager: Mounting plugin WindowsMoviePlayer
LogInit: Using libcurl 7.47.1
LogInit:  - built for x86_64-pc-win32
LogInit:  - supports SSL with OpenSSL/1.0.2g
LogInit:  - supports HTTP deflate (compression) using libz 1.2.8
LogInit:  - other features:
LogInit:      CURL_VERSION_SSL
LogInit:      CURL_VERSION_LIBZ
LogInit:      CURL_VERSION_IPV6
LogInit:      CURL_VERSION_ASYNCHDNS
LogInit:      CURL_VERSION_LARGEFILE
LogInit:      CURL_VERSION_IDN
LogInit:  CurlRequestOptions (configurable via config and command line):
LogInit:  - bVerifyPeer = false  - Libcurl will NOT verify peer certificate
LogInit:  - bUseHttpProxy = false  - Libcurl will NOT use HTTP proxy
LogInit:  - bDontReuseConnections = false  - Libcurl will reuse connections
LogInit:  - CertBundlePath = nullptr  - Libcurl will use whatever was configured at build time.
LogInit: Build: ++UE4+Release-4.17-CL-3586342
LogInit: Engine Version: 4.17.1-3586342+++UE4+Release-4.17
LogInit: Compatible Engine Version: 4.17.0-3573198+++UE4+Release-4.17
LogInit: Net CL: 3573198
LogDevObjectVersion: Number of dev versions registered: 16
LogDevObjectVersion:   Dev-Blueprints (B0D832E4-1F89-4F0D-ACCF-7EB736FD4AA2): 10
LogDevObjectVersion:   Dev-Build (E1C64328-A22C-4D53-A36C-8E866417BD8C): 0
LogDevObjectVersion:   Dev-Core (375EC13C-06E4-48FB-B500-84F0262A717E): 2
LogDevObjectVersion:   Dev-Editor (E4B068ED-F494-42E9-A231-DA0B2E46BB41): 20
LogDevObjectVersion:   Dev-Framework (CFFC743F-43B0-4480-9391-14DF171D2073): 28
LogDevObjectVersion:   Dev-Mobile (B02B49B5-BB20-44E9-A304-32B752E40360): 0
LogDevObjectVersion:   Dev-Networking (A4E4105C-59A1-49B5-A7C5-40C4547EDFEE): 0
LogDevObjectVersion:   Dev-Online (39C831C9-5AE6-47DC-9A44-9C173E1C8E7C): 0
LogDevObjectVersion:   Dev-Physics (78F01B33-EBEA-4F98-B9B4-84EACCB95AA2): 0
LogDevObjectVersion:   Dev-Platform (6631380F-2D4D-43E0-8009-CF276956A95A): 0
LogDevObjectVersion:   Dev-Rendering (12F88B9F-8875-4AFC-A67C-D90C383ABD29): 19
LogDevObjectVersion:   Dev-Sequencer (7B5AE74C-D270-4C10-A958-57980B212A5A): 4
LogDevObjectVersion:   Dev-VR (D7296918-1DD6-4BDD-9DE2-64A83CC13884): 0
LogDevObjectVersion:   Dev-LoadTimes (C2A15278-BFE7-4AFE-6C17-90FF531DF755): 1
LogDevObjectVersion:   Private-Geometry (6EACA3D4-40EC-4CC1-B786-8BED09428FC5): 1
LogDevObjectVersion:   Dev-AnimPhys (29E575DD-E0A3-4627-9D10-D276232CDCEA): 7
LogInit: Compiled (64-bit): Aug 15 2017 02:05:26
LogInit: Compiled with Visual C++: 19.00.24215.01
LogInit: Build Configuration: Development
LogInit: Branch Name: ++UE4+Release-4.17
LogInit: Command line:  
LogInit: Base directory: D:/1.6.2/New folder/UE_4.17/Engine/Binaries/Win64/
LogInit: Installed Engine Build: 1
LogInit: Presizing for max 8388607 objects, including 0 objects not considered by GC, pre-allocating 0 bytes for permanent pool.
LogInit: Object subsystem initialized
[2017.10.15-05.48.56:241][  0]LogInit: Selected Device Profile: [Windows]
[2017.10.15-05.48.56:241][  0]LogInit: Applying CVar settings loaded from the selected device profile: [Windows]
[2017.10.15-05.48.56:344][  0]LogInit: Computer: DESKTOP-440KPT7
[2017.10.15-05.48.56:344][  0]LogInit: User: A
[2017.10.15-05.48.56:344][  0]LogInit: CPU Page size=4096, Cores=4
[2017.10.15-05.48.56:344][  0]LogInit: High frequency timer resolution =2.648440 MHz
[2017.10.15-05.48.56:344][  0]LogMemory: Memory total: Physical=31.9GB (32GB approx)
[2017.10.15-05.48.56:344][  0]LogMemory: Platform Memory Stats for Windows
[2017.10.15-05.48.56:344][  0]LogMemory: Process Physical Memory: 279.84 MB used, 279.84 MB peak
[2017.10.15-05.48.56:344][  0]LogMemory: Process Virtual Memory: 290.37 MB used, 290.37 MB peak
[2017.10.15-05.48.56:344][  0]LogMemory: Physical Memory: 6739.12 MB used,  25964.63 MB free, 32703.74 MB total
[2017.10.15-05.48.56:344][  0]LogMemory: Virtual Memory: 685.04 MB used,  25964.63 MB free, 134217728.00 MB total
[2017.10.15-05.48.57:999][  0]LogInit: Using OS detected language (en-US).
[2017.10.15-05.48.57:999][  0]LogInit: Using OS detected locale (en-US).
[2017.10.15-05.48.58:265][  0]LogTextLocalizationManager: No specific localization for 'en-US' exists, so the 'en' localization will be used.
[2017.10.15-05.49.02:191][  0]LogD3D11RHI: D3D11 adapters:
[2017.10.15-05.49.02:822][  0]LogD3D11RHI:    0. 'NVIDIA GeForce GTX 1070' (Feature Level 11_0)
[2017.10.15-05.49.02:822][  0]LogD3D11RHI:       8078/0/16351 MB DedicatedVideo/DedicatedSystem/SharedSystem, Outputs:1, VendorId:0x10de
[2017.10.15-05.49.02:824][  0]LogD3D11RHI:    1. 'Microsoft Basic Render Driver' (Feature Level 11_0)
[2017.10.15-05.49.02:824][  0]LogD3D11RHI:       0/0/16351 MB DedicatedVideo/DedicatedSystem/SharedSystem, Outputs:0, VendorId:0x1414
[2017.10.15-05.49.02:824][  0]LogD3D11RHI: Chosen D3D11 Adapter: 0
[2017.10.15-05.49.02:891][  0]LogD3D11RHI: Creating new Direct3DDevice
[2017.10.15-05.49.02:891][  0]LogD3D11RHI:     GPU DeviceId: 0x1be1 (for the marketing name, search the web for "GPU Device Id")
[2017.10.15-05.49.02:891][  0]LogWindows: EnumDisplayDevices:
[2017.10.15-05.49.02:891][  0]LogWindows:    0. 'NVIDIA GeForce GTX 1070' (P:1 D:1)
[2017.10.15-05.49.02:892][  0]LogWindows:    1. 'NVIDIA GeForce GTX 1070' (P:0 D:0)
[2017.10.15-05.49.02:892][  0]LogWindows:    2. 'NVIDIA GeForce GTX 1070' (P:0 D:0)
[2017.10.15-05.49.02:893][  0]LogWindows:    3. 'NVIDIA GeForce GTX 1070' (P:0 D:0)
[2017.10.15-05.49.02:893][  0]LogWindows: DebugString: FoundDriverCount:4 
[2017.10.15-05.49.02:893][  0]LogD3D11RHI:     Adapter Name: NVIDIA GeForce GTX 1070
[2017.10.15-05.49.02:893][  0]LogD3D11RHI:   Driver Version: 384.94 (internal:22.21.13.8494, unified:384.94)
[2017.10.15-05.49.02:893][  0]LogD3D11RHI:      Driver Date: 7-18-2017
[2017.10.15-05.49.02:893][  0]LogRHI: Texture pool is 1361 MB (70% of 1945 MB)
[2017.10.15-05.49.03:534][  0]LogD3D11RHI: Async texture creation enabled
[2017.10.15-05.49.03:899][  0]LogD3D11RHI: GPU Timing Frequency: 1000.000000 (Debug: 2 1)
[2017.10.15-05.49.04:013][  0]LogShaderCompilers: Guid format shader working directory is 9 characters bigger than the processId version (../../../../../../Repo/AGS/MCMigrate/Intermediate/Shaders/WorkingDirectory/11960/).
[2017.10.15-05.49.04:013][  0]LogShaderCompilers: Cleaned the shader compiler working directory 'C:/Users/Aleks/AppData/Local/Temp/UnrealShaderWorkingDir/684C9A084F8FFDDD57706AA486BE8F81/'.
[2017.10.15-05.49.04:021][  0]LogShaderCompilers: Display: Using Local Shader Compiler.
[2017.10.15-05.49.07:945][  0]LogTemp: Display: Loaded TP AllDesktopTargetPlatform
[2017.10.15-05.49.07:996][  0]LogTemp: Display: Loaded TP MacClientTargetPlatform
[2017.10.15-05.49.08:033][  0]LogTemp: Display: Loaded TP MacNoEditorTargetPlatform
[2017.10.15-05.49.08:064][  0]LogTemp: Display: Loaded TP MacServerTargetPlatform
[2017.10.15-05.49.08:129][  0]LogTemp: Display: Loaded TP MacTargetPlatform
[2017.10.15-05.49.08:163][  0]LogTemp: Display: Loaded TP WindowsClientTargetPlatform
[2017.10.15-05.49.08:193][  0]LogTemp: Display: Loaded TP WindowsNoEditorTargetPlatform
[2017.10.15-05.49.08:225][  0]LogTemp: Display: Loaded TP WindowsServerTargetPlatform
[2017.10.15-05.49.08:253][  0]LogTemp: Display: Loaded TP WindowsTargetPlatform
[2017.10.15-05.49.08:337][  0]LogTemp: Display: Loaded TP AndroidTargetPlatform
[2017.10.15-05.49.08:386][  0]LogTemp: Display: Loaded TP Android_ASTCTargetPlatform
[2017.10.15-05.49.08:428][  0]LogTemp: Display: Loaded TP Android_ATCTargetPlatform
[2017.10.15-05.49.08:469][  0]LogTemp: Display: Loaded TP Android_DXTTargetPlatform
[2017.10.15-05.49.08:502][  0]LogTemp: Display: Loaded TP Android_ETC1TargetPlatform
[2017.10.15-05.49.08:534][  0]LogTemp: Display: Loaded TP Android_ETC2TargetPlatform
[2017.10.15-05.49.08:596][  0]LogTemp: Display: Loaded TP Android_MultiTargetPlatform
[2017.10.15-05.49.08:596][  0]LogTemp: Display: Loaded TP Android_PVRTCTargetPlatform
[2017.10.15-05.49.08:620][  0]LogTemp: Display: Loaded TP HTML5TargetPlatform
[2017.10.15-05.49.08:818][  0]LogTemp: Display: Loaded TP IOSTargetPlatform
[2017.10.15-05.49.08:910][  0]LogTemp: Display: Loaded TP TVOSTargetPlatform
[2017.10.15-05.49.09:008][  0]LogTemp: Display: Loaded TP LinuxClientTargetPlatform
[2017.10.15-05.49.09:055][  0]LogTemp: Display: Loaded TP LinuxNoEditorTargetPlatform
[2017.10.15-05.49.09:085][  0]LogTemp: Display: Loaded TP LinuxServerTargetPlatform
[2017.10.15-05.49.09:134][  0]LogTemp: Display: Loaded TP LinuxTargetPlatform
[2017.10.15-05.49.09:134][  0]LogTargetPlatformManager: Display: Building Assets For Windows
[2017.10.15-05.49.10:811][  0]LogDerivedDataCache: Display: Max Cache Size: 512 MB
[2017.10.15-05.49.11:304][  0]LogDerivedDataCache: Loaded boot cache 0.49s 93MB C:/Users/Aleks/AppData/Local/UnrealEngine/4.17/DerivedDataCache/Boot.ddc.
[2017.10.15-05.49.11:304][  0]LogDerivedDataCache: Display: Loaded Boot cache: C:/Users/Aleks/AppData/Local/UnrealEngine/4.17/DerivedDataCache/Boot.ddc
[2017.10.15-05.49.11:304][  0]LogDerivedDataCache: FDerivedDataBackendGraph:  Pak pak cache file ../../../../../../Repo/AGS/MCMigrate/DerivedDataCache/DDC.ddp not found, will not use a pak cache.
[2017.10.15-05.49.11:304][  0]LogDerivedDataCache: Unable to find inner node Pak for hierarchical cache Hierarchy.
[2017.10.15-05.49.11:304][  0]LogDerivedDataCache: FDerivedDataBackendGraph:  CompressedPak pak cache file ../../../../../../Repo/AGS/MCMigrate/DerivedDataCache/Compressed.ddp not found, will not use a pak cache.
[2017.10.15-05.49.11:304][  0]LogDerivedDataCache: Unable to find inner node CompressedPak for hierarchical cache Hierarchy.
[2017.10.15-05.49.11:419][  0]LogDerivedDataCache: Display: Pak cache opened for reading ../../../Engine/DerivedDataCache/Compressed.ddp.
[2017.10.15-05.49.11:433][  0]LogDerivedDataCache: Using Local data cache path C:/Users/Aleks/AppData/Local/UnrealEngine/Common/DerivedDataCache: Writable
[2017.10.15-05.49.11:494][  0]LogMaterial: Verifying Global Shaders for PCD3D_SM5
[2017.10.15-05.49.11:567][  0]LogSlate: Using Freetype 2.6.0
[2017.10.15-05.49.11:692][  0]LogSlate: SlateFontCache - WITH_FREETYPE: 1, WITH_HARFBUZZ: 1
[2017.10.15-05.49.11:703][  0]LogSlate: SlateFontCache - WITH_FREETYPE: 1, WITH_HARFBUZZ: 1
[2017.10.15-05.49.23:530][  0]LogAssetRegistry: FAssetRegistry took 0.0357 seconds to start up
[2017.10.15-05.49.24:896][  0]LogInit: Selected Device Profile: [Windows]
[2017.10.15-05.49.27:305][  0]LogContentStreaming: Texture pool size is 0.00 MB
[2017.10.15-05.49.28:375][  0]LogSimplygon: Simplygon DLL not present - disabling.
[2017.10.15-05.49.28:459][  0]LogMeshReduction: Using SimplygonSwarm for distributed automatic mesh merging
[2017.10.15-05.49.28:480][  0]LogMeshReduction: Using QuadricMeshReduction for automatic static mesh reduction
[2017.10.15-05.49.28:488][  0]LogMeshReduction: No automatic skeletal mesh reduction module available
[2017.10.15-05.49.28:488][  0]LogMeshReduction: No automatic mesh merging module available
[2017.10.15-05.49.28:488][  0]LogMeshMerging: No automatic mesh merging module available
[2017.10.15-05.49.31:889][  0]LogNetVersion: MCMigrate , NetCL: 3573198, EngineNetVer: 2, GameNetVer: 0 (Checksum: 2332261947)
[2017.10.15-05.49.33:432][  0]LogPackageLocalizationCache: Processed 5 localized package path(s) for 2 prioritized culture(s) in 0.163422 seconds
[2017.10.15-05.49.33:450][  0]LogUObjectArray: 35825 objects as part of root set at end of initial load.
[2017.10.15-05.49.33:450][  0]LogUObjectAllocator: 7529112 out of 0 bytes used by permanent object pool.
[2017.10.15-05.49.33:450][  0]LogUObjectArray: CloseDisregardForGC: 0/0 objects in disregard for GC pool
[2017.10.15-05.49.33:506][  0]LogInit: WinSock: version 1.1 (2.2), MaxSocks=32767, MaxUdp=65467
[2017.10.15-05.49.47:663][  0]LogTcpMessaging: Initializing TcpMessaging bridge
[2017.10.15-05.49.47:737][  0]LogUdpMessaging: Initializing bridge on interface 0.0.0.0:0 to multicast group 230.0.0.1:6666.
[2017.10.15-05.49.49:480][  0]LogMaterial: Uniform references updated for custom material expression Custom.
[2017.10.15-05.49.50:389][  0]SourceControl: Source control is disabled
[2017.10.15-05.49.50:389][  0]SourceControl: Source control is disabled
[2017.10.15-05.49.50:465][  0]SourceControl: Source control is disabled
[2017.10.15-05.49.50:506][  0]SourceControl: Source control is disabled
[2017.10.15-05.49.51:596][  0]LogAndroidPermission: UAndroidPermissionCallbackProxy::GetInstance
[2017.10.15-05.49.51:754][  0]LogOcInput: OculusInput pre-init called
[2017.10.15-05.49.52:559][  0]LogEngine: Initializing Engine...
[2017.10.15-05.49.52:592][  0]LogHMD: Failed to initialize OpenVR with code 110
[2017.10.15-05.49.53:961][  0]LogStats: UGameplayTagsManager::ConstructGameplayTagTree: Construct from data asset -  0.000 s
[2017.10.15-05.49.53:961][  0]LogStats: UGameplayTagsManager::ConstructGameplayTagTree: GameplayTagTreeChangedEvent.Broadcast -  0.000 s
[2017.10.15-05.49.54:432][  0]LogAIModule: Creating AISystem for world Untitled
[2017.10.15-05.49.54:582][  0]LogInit: XAudio2 using 'Speakers (Realtek High Definition Audio)' : 6 channels at 48 kHz using 32 bits per sample (channel mask 0x3f)
[2017.10.15-05.49.54:659][  0]LogInit: FAudioDevice initialized.
[2017.10.15-05.49.54:740][  0]LogDerivedDataCache: Saved boot cache 0.08s 93MB C:/Users/Aleks/AppData/Local/UnrealEngine/4.17/DerivedDataCache/Boot.ddc.
[2017.10.15-05.49.54:752][  0]LogInit: Texture streaming: Enabled
[2017.10.15-05.49.54:890][  0]LogEngineSessionManager: EngineSessionManager initialized
[2017.10.15-05.49.55:421][  0]LogInit: Transaction tracking system initialized
[2017.10.15-05.49.56:063][  0]BlueprintLog: New page: Editor Load
[2017.10.15-05.49.58:131][  0]LocalizationService: Localization service is disabled
[2017.10.15-05.49.59:343][  0]LogConsoleResponse: Display: 
[2017.10.15-05.50.01:460][  0]LogFileCache: Scanning file cache for directory 'D:/Repo/AGS/MCMigrate/Content/' took 0.02s
[2017.10.15-05.50.01:460][  0]LogCook: Display: Max memory allowance for cook 16384mb min free memory 0mb
[2017.10.15-05.50.01:460][  0]LogCook: Display: Mobile HDR setting 1
[2017.10.15-05.50.01:500][  0]LogGameplayTags: Display: UGameplayTagsManager::DoneAddingNativeTags. DelegateIsBound: 0
[2017.10.15-05.50.03:309][  0]SourceControl: Source control is disabled
[2017.10.15-05.50.03:345][  0]Cmd: MAP LOAD FILE="../../../../../../Repo/AGS/MCMigrate/Content/ThirdPersonBP/Maps/ThirdPersonExampleMap.umap" TEMPLATE=0 SHOWPROGRESS=1 FEATURELEVEL=3
[2017.10.15-05.50.03:397][  0]LightingResults: New page: Lighting Build
[2017.10.15-05.50.03:539][  0]MapCheck: New page: Map Check
[2017.10.15-05.50.03:539][  0]LightingResults: New page: Lighting Build
[2017.10.15-05.50.05:955][  0]LogBlueprint: Warning: [MCMigration] 'TPSpringArm' variable not found. Base class was probably changed.
[2017.10.15-05.50.05:959][  0]LogBlueprint: Warning: [MCMigration] 'TPSpringArm' variable not found. Base class was probably changed.
[2017.10.15-05.50.05:959][  0]LogBlueprint: Warning: [MCMigration] 'TPSpringArm' variable not found. Base class was probably changed.
[2017.10.15-05.50.10:036][  0]LogAIModule: Creating AISystem for world ThirdPersonExampleMap
[2017.10.15-05.50.10:702][  0]LogEditorServer: Finished looking for orphan Actors (0.000 secs)
[2017.10.15-05.50.10:858][  0]Cmd: MAP CHECKDEP NOCLEARLOG
[2017.10.15-05.50.10:920][  0]MapCheck: Map check complete: 0 Error(s), 0 Warning(s), took 61.426ms to complete.
[2017.10.15-05.50.10:920][  0]LogFileHelpers: Loading map 'ThirdPersonExampleMap' took 7.585
[2017.10.15-05.50.12:229][  0]LogCollectionManager: Loaded 0 collections in 0.001906 seconds
[2017.10.15-05.50.12:387][  0]LogFileCache: Scanning file cache for directory 'D:/Repo/AGS/MCMigrate/Saved/Collections/' took 0.01s
[2017.10.15-05.50.12:387][  0]LogFileCache: Scanning file cache for directory 'D:/Repo/AGS/MCMigrate/Content/Developers/A/Collections/' took 0.01s
[2017.10.15-05.50.12:387][  0]LogFileCache: Scanning file cache for directory 'D:/Repo/AGS/MCMigrate/Content/Collections/' took 0.01s
[2017.10.15-05.50.12:387][  0]LogCollectionManager: Rebuilt the GUID cache for 0 collections in 0.000001 seconds
[2017.10.15-05.50.12:411][  0]LogContentBrowser: Native class hierarchy populated in 0.0214 seconds. Added 2386 classes and 500 folders.
[2017.10.15-05.50.12:542][  0]LogContentBrowser: Native class hierarchy updated for 'WidgetCarousel' in 0.0015 seconds. Added 0 classes and 0 folders.
[2017.10.15-05.50.13:615][  0]LogContentBrowser: Native class hierarchy updated for 'AddContentDialog' in 0.0021 seconds. Added 0 classes and 0 folders.
[2017.10.15-05.50.13:740][  0]LogContentBrowser: Native class hierarchy updated for 'SceneOutliner' in 0.0013 seconds. Added 1 classes and 2 folders.
[2017.10.15-05.50.15:101][  0]LogSlate: Took 0.022802 seconds to synchronously load lazily loaded font '../../../Engine/Content/Slate/Fonts/Roboto-Regular.ttf' (155K)
[2017.10.15-05.50.15:123][  0]LogSlate: Took 0.007181 seconds to synchronously load lazily loaded font '../../../Engine/Content/Slate/Fonts/Roboto-Bold.ttf' (160K)
[2017.10.15-05.50.15:195][  0]LogSlate: Took 0.018573 seconds to synchronously load lazily loaded font '../../../Engine/Content/Editor/Slate/Fonts/FontAwesome.ttf' (139K)
[2017.10.15-05.50.15:880][  0]LogRenderer: Reallocating scene render targets to support 1168x640 Format 10 NumSamples 1 (Frame:1).
[2017.10.15-05.50.16:336][  0]LogSlate: Took 0.028202 seconds to synchronously load lazily loaded font '../../../Engine/Content/Slate/Fonts/Roboto-Light.ttf' (159K)
[2017.10.15-05.50.16:656][  0]LogContentBrowser: Native class hierarchy updated for 'HierarchicalLODOutliner' in 0.0010 seconds. Added 1 classes and 2 folders.
[2017.10.15-05.50.16:657][  0]LogLoad: (Engine Initialization) Total time: 94.04 seconds
[2017.10.15-05.50.16:657][  0]LogLoad: (Engine Initialization) Total Blueprint compile time: 0.00 seconds
[2017.10.15-05.50.16:657][  0]LogExternalProfiler: Found external profiler: VSPerf
[2017.10.15-05.50.16:657][  0]LogExternalProfiler: Using external profiler: VSPerf
[2017.10.15-05.50.17:201][  0]LogContentStreaming: Texture pool size now 3000 MB
[2017.10.15-05.50.17:381][  1]LogFileCache: Retrieving MD5 hashes for directory 'D:/Repo/AGS/MCMigrate/Content/' took 0.36s
[2017.10.15-05.50.18:739][  5]LogAssetRegistry: Asset discovery search completed in 55.2303 seconds
[2017.10.15-05.50.18:748][  5]LogCollectionManager: Rebuilt the object cache for 0 collections in 0.000001 seconds (found 0 objects)
[2017.10.15-05.50.18:749][  5]LogCollectionManager: Fixed up redirectors for 0 collections in 0.000173 seconds (updated 0 objects)
[2017.10.15-05.50.20:054][  9]LogSlate: Took 0.000182 seconds to synchronously load lazily loaded font '../../../Engine/Content/Slate/Fonts/Roboto-Light.ttf' (159K)
[2017.10.15-05.53.45:816][ 34]AssetReimport: New page: Outstanding source content changes 1:53:45 PM
[2017.10.15-05.53.48:993][216]AssetReimport: Error: Failed to reimport asset moon.
[2017.10.15-05.54.22:938][307]AssetReimport: New page: Outstanding source content changes 1:54:22 PM
[2017.10.15-05.54.46:307][979]LogSlate: Took 0.000723 seconds to synchronously load lazily loaded font '../../../Engine/Content/Slate/Fonts/Roboto-Light.ttf' (159K)
[2017.10.15-05.54.46:365][979]LogFactory: FactoryCreateFile: Texture with ReimportTextureFactory (0 0 D:\Repo\AGS\MCMigrate\Content\DayNight\moon\M.jpg)
[2017.10.15-05.54.46:444][979]LogTexture: Display: Building textures: M (AutoDXT, 1024X1024)
[2017.10.15-05.54.55:309][398]LogContentBrowser: Native class hierarchy updated for 'MaterialEditor' in 0.0007 seconds. Added 1 classes and 0 folders.
[2017.10.15-05.54.55:336][398]LogMaterial: Missing cached shader map for material Mooon_2, compiling. 
[2017.10.15-05.54.55:687][398]LogMaterial: Missing cached shader map for material Mooon_2, compiling. 
[2017.10.15-05.54.55:708][398]LogMaterial: Missing cached shader map for material Mooon_2, compiling. 
[2017.10.15-05.54.55:761][398]LogMaterial: Missing cached shader map for material FMatExpressionPreview MaterialExpressionTextureSample_0, compiling. 
[2017.10.15-05.54.55:770][398]LogMaterial: Missing cached shader map for material FMatExpressionPreview MaterialExpressionVectorParameter_0, compiling. 
[2017.10.15-05.54.55:811][398]LogSlate: Took 0.021849 seconds to synchronously load lazily loaded font '../../../Engine/Content/Editor/Slate/Fonts/Roboto-BoldCondensed.ttf' (158K)
[2017.10.15-05.54.56:807][399]LogSlate: Took 0.021001 seconds to synchronously load lazily loaded font '../../../Engine/Content/Editor/Slate/Fonts/Roboto-Italic.ttf' (157K)
[2017.10.15-05.54.57:984][446]MaterialEditorStats: Base pass shader without light map: 32 instructions
[2017.10.15-05.54.57:984][446]MaterialEditorStats: Vertex shader: 31 instructions
[2017.10.15-05.54.57:984][446]MaterialEditorStats: Texture samplers: 1/16
[2017.10.15-05.54.57:984][446]MaterialEditorStats: User interpolators: 2/4 Scalars (1/4 Vectors) (TexCoords: 2, Custom: 0)
[2017.10.15-05.55.00:644][599]LogMaterial: Missing cached shader map for material Mooon_2, compiling. 
[2017.10.15-05.55.00:662][599]LogMaterial: Missing cached shader map for material FMatExpressionPreview MaterialExpressionTextureSample_1, compiling. 
[2017.10.15-05.55.00:707][599]LogMaterial: Missing cached shader map for material FMatExpressionPreview MaterialExpressionTextureSample_0, compiling. 
[2017.10.15-05.55.00:712][599]LogMaterial: Missing cached shader map for material FMatExpressionPreview MaterialExpressionVectorParameter_0, compiling. 
[2017.10.15-05.55.00:716][599]LogMaterial: Missing cached shader map for material FMatExpressionPreview MaterialExpressionTextureSample_1, compiling. 
[2017.10.15-05.55.00:920][605]MaterialEditorStats: Base pass shader without light map: 32 instructions
[2017.10.15-05.55.00:920][605]MaterialEditorStats: Vertex shader: 31 instructions
[2017.10.15-05.55.00:920][605]MaterialEditorStats: Texture samplers: 1/16
[2017.10.15-05.55.00:920][605]MaterialEditorStats: User interpolators: 2/4 Scalars (1/4 Vectors) (TexCoords: 2, Custom: 0)
[2017.10.15-05.55.03:352][743]LogMaterial: Missing cached shader map for material Mooon_2, compiling. 
[2017.10.15-05.55.03:585][754]MaterialEditorStats: Base pass shader without light map: 30 instructions
[2017.10.15-05.55.03:585][754]MaterialEditorStats: Vertex shader: 29 instructions
[2017.10.15-05.55.03:585][754]MaterialEditorStats: Texture samplers: 0/16
[2017.10.15-05.55.05:791][886]LogMaterial: Missing cached shader map for material Mooon_2, compiling. 
[2017.10.15-05.55.05:802][886]LogMaterial: Missing cached shader map for material FMatExpressionPreview MaterialExpressionTextureSample_1, compiling. 
[2017.10.15-05.55.06:040][899]MaterialEditorStats: Base pass shader without light map: 32 instructions
[2017.10.15-05.55.06:040][899]MaterialEditorStats: Vertex shader: 31 instructions
[2017.10.15-05.55.06:040][899]MaterialEditorStats: Texture samplers: 1/16
[2017.10.15-05.55.06:040][899]MaterialEditorStats: User interpolators: 2/4 Scalars (1/4 Vectors) (TexCoords: 2, Custom: 0)
[2017.10.15-05.55.10:481][162]LogMaterialEditor: Applying material Mooon_2
[2017.10.15-05.55.10:897][162]LogMaterial: Missing cached shader map for material Mooon_2, compiling. 
[2017.10.15-05.55.10:922][162]LogMaterial: Missing cached shader map for material Mooon_2, compiling. 
[2017.10.15-05.55.10:934][162]LogMaterial: Missing cached shader map for material Mooon_2, compiling. 
[2017.10.15-05.55.11:010][162]LogMaterial: Missing cached shader map for material FDebugViewModeMaterialProxy Mooon_2, compiling. 
[2017.10.15-05.55.11:204][162]TextureStreamingBuild: Display: Compiling optional shaders took 0.199 seconds.
[2017.10.15-05.55.11:561][182]MaterialEditorStats: Base pass shader without light map: 32 instructions
[2017.10.15-05.55.11:561][182]MaterialEditorStats: Vertex shader: 31 instructions
[2017.10.15-05.55.11:561][182]MaterialEditorStats: Texture samplers: 1/16
[2017.10.15-05.55.11:561][182]MaterialEditorStats: User interpolators: 2/4 Scalars (1/4 Vectors) (TexCoords: 2, Custom: 0)
[2017.10.15-05.55.11:677][189]LogMaterialEditor: Saving and Compiling material Mooon_2
[2017.10.15-05.55.11:747][189]Cmd: OBJ SAVEPACKAGE PACKAGE="/Game/DayNight/moon/Mooon_2" FILE="../../../../../../Repo/AGS/MCMigrate/Content/DayNight/moon/Mooon_2.uasset" SILENT=true
[2017.10.15-05.55.11:802][189]LogSavePackage: Save=46.20ms
[2017.10.15-05.55.11:802][189]LogSavePackage: Moving '../../../../../../Repo/AGS/MCMigrate/Saved/Mooon_25742FA1E49C66062370BAF9601DED744.tmp' to '../../../../../../Repo/AGS/MCMigrate/Content/DayNight/moon/Mooon_2.uasset'
[2017.10.15-05.55.11:853][189]LogSavePackage: Display: Finished SavePackage ../../../../../../Repo/AGS/MCMigrate/Content/DayNight/moon/Mooon_2.uasset
[2017.10.15-05.55.12:144][202]LogEditorViewport: Clicking on Actor (LMB): StaticMeshActor (LeftArm_StaticMesh)
[2017.10.15-05.55.16:925][397]LogTemp: Repeating last play command: Selected Viewport
[2017.10.15-05.55.21:596][397]LogBlueprintUserMessages: Early PlayInEditor Detection: Level '/Game/ThirdPersonBP/Maps/ThirdPersonExampleMap.ThirdPersonExampleMap:PersistentLevel' has LevelScriptBlueprint '/Game/ThirdPersonBP/Maps/ThirdPersonExampleMap.ThirdPersonExampleMap:PersistentLevel.ThirdPersonExampleMap' with GeneratedClass '/Game/ThirdPersonBP/Maps/ThirdPersonExampleMap.ThirdPersonExampleMap_C' with ClassGeneratedBy '/Game/ThirdPersonBP/Maps/ThirdPersonExampleMap.ThirdPersonExampleMap:PersistentLevel.ThirdPersonExampleMap'
[2017.10.15-05.55.21:597][397]LogPlayLevel: PlayLevel: No blueprints needed recompiling
[2017.10.15-05.55.21:622][397]PIE: New page: PIE session: ThirdPersonExampleMap (Oct 15, 2017, 1:55:21 PM)
[2017.10.15-05.55.21:622][397]LogPlayLevel: Creating play world package: /Game/ThirdPersonBP/Maps/UEDPIE_0_ThirdPersonExampleMap
[2017.10.15-05.55.21:712][397]LogPlayLevel: PIE: StaticDuplicateObject took: (0.089212s)
[2017.10.15-05.55.21:713][397]LogAIModule: Creating AISystem for world ThirdPersonExampleMap
[2017.10.15-05.55.21:714][397]LogPlayLevel: PIE: World Init took: (0.001744s)
[2017.10.15-05.55.21:714][397]LogPlayLevel: PIE: Created PIE world by copying editor world from /Game/ThirdPersonBP/Maps/ThirdPersonExampleMap.ThirdPersonExampleMap to /Game/ThirdPersonBP/Maps/UEDPIE_0_ThirdPersonExampleMap.ThirdPersonExampleMap (0.091520s)
[2017.10.15-05.55.21:744][397]LogInit: XAudio2 using 'Speakers (Realtek High Definition Audio)' : 6 channels at 48 kHz using 32 bits per sample (channel mask 0x3f)
[2017.10.15-05.55.21:780][397]LogInit: FAudioDevice initialized.
[2017.10.15-05.55.21:867][397]LogLoad: Game class is 'ThirdPersonGameMode_C'
[2017.10.15-05.55.21:893][397]LogWorld: Bringing World /Game/ThirdPersonBP/Maps/UEDPIE_0_ThirdPersonExampleMap.ThirdPersonExampleMap up for play (max tick rate 60) at 2017.10.15-09.55.21
[2017.10.15-05.55.21:982][397]LogWorld: Bringing up level for play took: 0.095399
[2017.10.15-05.55.22:089][397]LogContentBrowser: Native class hierarchy updated for 'MovieSceneCapture' in 0.0006 seconds. Added 11 classes and 0 folders.
[2017.10.15-05.55.22:121][397]LogUObjectGlobals: Warning: Failed to find object 'Object None.None'
[2017.10.15-05.55.22:121][397]LogUObjectGlobals: Warning: Failed to find object 'Object None.None'
[2017.10.15-05.55.22:121][397]LogUObjectGlobals: Warning: Failed to find object 'Object None.None'
[2017.10.15-05.55.22:121][397]LogUObjectGlobals: Warning: Failed to find object 'Object None.None'
[2017.10.15-05.55.22:121][397]LogUObjectGlobals: Warning: Failed to find object 'Object None.None'
[2017.10.15-05.55.22:121][397]LogUObjectGlobals: Warning: Failed to find object 'Object None.None'
[2017.10.15-05.55.22:121][397]LogUObjectGlobals: Warning: Failed to find object 'Object None.None'
[2017.10.15-05.55.22:121][397]LogUObjectGlobals: Warning: Failed to find object 'Object None.None'
[2017.10.15-05.55.22:121][397]LogUObjectGlobals: Warning: Failed to find object 'Object None.None'
[2017.10.15-05.55.22:121][397]LogUObjectGlobals: Warning: Failed to find object 'Object None.None'
[2017.10.15-05.55.22:121][397]LogUObjectGlobals: Warning: Failed to find object 'Object None.None'
[2017.10.15-05.55.22:121][397]LogUObjectGlobals: Warning: Failed to find object 'Object None.None'
[2017.10.15-05.55.22:121][397]LogUObjectGlobals: Warning: Failed to find object 'Object None.None'
[2017.10.15-05.55.22:121][397]LogUObjectGlobals: Warning: Failed to find object 'Object None.None'
[2017.10.15-05.55.22:121][397]LogUObjectGlobals: Warning: Failed to find object 'Object None.None'
[2017.10.15-05.55.22:121][397]LogUObjectGlobals: Warning: Failed to find object 'Object None.None'
[2017.10.15-05.55.22:121][397]LogUObjectGlobals: Warning: Failed to find object 'Object None.None'
[2017.10.15-05.55.22:121][397]LogUObjectGlobals: Warning: Failed to find object 'Object None.None'
[2017.10.15-05.55.22:122][397]LogBlueprintUserMessages: [s] LoadedGame
[2017.10.15-05.55.22:123][397]PIE: Play in editor start time for /Game/ThirdPersonBP/Maps/UEDPIE_0_ThirdPersonExampleMap 0.77
[2017.10.15-05.55.22:123][397]LogBlueprintUserMessages: Late PlayInEditor Detection: Level '/Game/ThirdPersonBP/Maps/ThirdPersonExampleMap.ThirdPersonExampleMap:PersistentLevel' has LevelScriptBlueprint '/Game/ThirdPersonBP/Maps/ThirdPersonExampleMap.ThirdPersonExampleMap:PersistentLevel.ThirdPersonExampleMap' with GeneratedClass '/Game/ThirdPersonBP/Maps/ThirdPersonExampleMap.ThirdPersonExampleMap_C' with ClassGeneratedBy '/Game/ThirdPersonBP/Maps/ThirdPersonExampleMap.ThirdPersonExampleMap:PersistentLevel.ThirdPersonExampleMap'
[2017.10.15-05.55.34:634][139]Cmd: LevelEditor.ToggleImmersive
[2017.10.15-05.55.34:894][140]LogRenderer: Reallocating scene render targets to support 1916x1036 Format 10 NumSamples 1 (Frame:744).
[2017.10.15-05.55.34:965][141]LogRenderer: Reallocating scene render targets to support 1920x1040 Format 10 NumSamples 1 (Frame:746).
[2017.10.15-05.55.50:375][ 61]LogBlueprintUserMessages: [s] Hello
[2017.10.15-05.56.00:755][682]LogBlueprintUserMessages: [s] Hello
[2017.10.15-05.56.03:858][868]LogBlueprintUserMessages: [s] Auto Save Complete
[2017.10.15-05.56.06:320][ 16]LogBlueprintUserMessages: [s] Hello
[2017.10.15-05.56.23:006][ 17]LogBlueprintUserMessages: Early EndPlayMap Detection: Level '/Game/ThirdPersonBP/Maps/ThirdPersonExampleMap.ThirdPersonExampleMap:PersistentLevel' has LevelScriptBlueprint '/Game/ThirdPersonBP/Maps/ThirdPersonExampleMap.ThirdPersonExampleMap:PersistentLevel.ThirdPersonExampleMap' with GeneratedClass '/Game/ThirdPersonBP/Maps/ThirdPersonExampleMap.ThirdPersonExampleMap_C' with ClassGeneratedBy '/Game/ThirdPersonBP/Maps/ThirdPersonExampleMap.ThirdPersonExampleMap:PersistentLevel.ThirdPersonExampleMap'
[2017.10.15-05.56.23:185][ 17]LogBlueprintUserMessages: Late EndPlayMap Detection: Level '/Game/ThirdPersonBP/Maps/ThirdPersonExampleMap.ThirdPersonExampleMap:PersistentLevel' has LevelScriptBlueprint '/Game/ThirdPersonBP/Maps/ThirdPersonExampleMap.ThirdPersonExampleMap:PersistentLevel.ThirdPersonExampleMap' with GeneratedClass '/Game/ThirdPersonBP/Maps/ThirdPersonExampleMap.ThirdPersonExampleMap_C' with ClassGeneratedBy '/Game/ThirdPersonBP/Maps/ThirdPersonExampleMap.ThirdPersonExampleMap:PersistentLevel.ThirdPersonExampleMap'
[2017.10.15-05.56.30:684][449]LogEditorViewport: Clicking on Actor (LMB): BP_Torch_C (BP_Torch)
[2017.10.15-05.56.40:222][  6]LogTemp: Repeating last play command: Selected Viewport
[2017.10.15-05.56.40:257][  6]LogBlueprintUserMessages: Early PlayInEditor Detection: Level '/Game/ThirdPersonBP/Maps/ThirdPersonExampleMap.ThirdPersonExampleMap:PersistentLevel' has LevelScriptBlueprint '/Game/ThirdPersonBP/Maps/ThirdPersonExampleMap.ThirdPersonExampleMap:PersistentLevel.ThirdPersonExampleMap' with GeneratedClass '/Game/ThirdPersonBP/Maps/ThirdPersonExampleMap.ThirdPersonExampleMap_C' with ClassGeneratedBy '/Game/ThirdPersonBP/Maps/ThirdPersonExampleMap.ThirdPersonExampleMap:PersistentLevel.ThirdPersonExampleMap'
[2017.10.15-05.56.40:257][  6]LogPlayLevel: PlayLevel: No blueprints needed recompiling
[2017.10.15-05.56.40:258][  6]PIE: New page: PIE session: ThirdPersonExampleMap (Oct 15, 2017, 1:56:40 PM)
[2017.10.15-05.56.40:258][  6]LogPlayLevel: Creating play world package: /Game/ThirdPersonBP/Maps/UEDPIE_0_ThirdPersonExampleMap
[2017.10.15-05.56.40:276][  6]LogPlayLevel: PIE: StaticDuplicateObject took: (0.018764s)
[2017.10.15-05.56.40:277][  6]LogAIModule: Creating AISystem for world ThirdPersonExampleMap
[2017.10.15-05.56.40:277][  6]LogPlayLevel: PIE: World Init took: (0.000813s)
[2017.10.15-05.56.40:278][  6]LogPlayLevel: PIE: Created PIE world by copying editor world from /Game/ThirdPersonBP/Maps/ThirdPersonExampleMap.ThirdPersonExampleMap to /Game/ThirdPersonBP/Maps/UEDPIE_0_ThirdPersonExampleMap.ThirdPersonExampleMap (0.019891s)
[2017.10.15-05.56.40:293][  6]LogInit: XAudio2 using 'Speakers (Realtek High Definition Audio)' : 6 channels at 48 kHz using 32 bits per sample (channel mask 0x3f)
[2017.10.15-05.56.40:324][  6]LogInit: FAudioDevice initialized.
[2017.10.15-05.56.40:358][  6]LogLoad: Game class is 'ThirdPersonGameMode_C'
[2017.10.15-05.56.40:362][  6]LogWorld: Bringing World /Game/ThirdPersonBP/Maps/UEDPIE_0_ThirdPersonExampleMap.ThirdPersonExampleMap up for play (max tick rate 60) at 2017.10.15-09.56.40
[2017.10.15-05.56.40:363][  6]LogWorld: Bringing up level for play took: 0.003056
[2017.10.15-05.56.40:364][  6]LogUObjectGlobals: Warning: Failed to find object 'Object None.None'
[2017.10.15-05.56.40:364][  6]LogUObjectGlobals: Warning: Failed to find object 'Object None.None'
[2017.10.15-05.56.40:364][  6]LogUObjectGlobals: Warning: Failed to find object 'Object None.None'
[2017.10.15-05.56.40:364][  6]LogUObjectGlobals: Warning: Failed to find object 'Object None.None'
[2017.10.15-05.56.40:364][  6]LogUObjectGlobals: Warning: Failed to find object 'Object None.None'
[2017.10.15-05.56.40:364][  6]LogUObjectGlobals: Warning: Failed to find object 'Object None.None'
[2017.10.15-05.56.40:364][  6]LogUObjectGlobals: Warning: Failed to find object 'Object None.None'
[2017.10.15-05.56.40:364][  6]LogUObjectGlobals: Warning: Failed to find object 'Object None.None'
[2017.10.15-05.56.40:364][  6]LogUObjectGlobals: Warning: Failed to find object 'Object None.None'
[2017.10.15-05.56.40:364][  6]LogUObjectGlobals: Warning: Failed to find object 'Object None.None'
[2017.10.15-05.56.40:364][  6]LogUObjectGlobals: Warning: Failed to find object 'Object None.None'
[2017.10.15-05.56.40:364][  6]LogUObjectGlobals: Warning: Failed to find object 'Object None.None'
[2017.10.15-05.56.40:364][  6]LogUObjectGlobals: Warning: Failed to find object 'Object None.None'
[2017.10.15-05.56.40:364][  6]LogUObjectGlobals: Warning: Failed to find object 'Object None.None'
[2017.10.15-05.56.40:364][  6]LogUObjectGlobals: Warning: Failed to find object 'Object None.None'
[2017.10.15-05.56.40:364][  6]LogUObjectGlobals: Warning: Failed to find object 'Object None.None'
[2017.10.15-05.56.40:364][  6]LogUObjectGlobals: Warning: Failed to find object 'Object None.None'
[2017.10.15-05.56.40:364][  6]LogUObjectGlobals: Warning: Failed to find object 'Object None.None'
[2017.10.15-05.56.40:364][  6]LogBlueprintUserMessages: [s] LoadedGame
[2017.10.15-05.56.40:365][  6]PIE: Play in editor start time for /Game/ThirdPersonBP/Maps/UEDPIE_0_ThirdPersonExampleMap 1.012
[2017.10.15-05.56.40:365][  6]LogBlueprintUserMessages: Late PlayInEditor Detection: Level '/Game/ThirdPersonBP/Maps/ThirdPersonExampleMap.ThirdPersonExampleMap:PersistentLevel' has LevelScriptBlueprint '/Game/ThirdPersonBP/Maps/ThirdPersonExampleMap.ThirdPersonExampleMap:PersistentLevel.ThirdPersonExampleMap' with GeneratedClass '/Game/ThirdPersonBP/Maps/ThirdPersonExampleMap.ThirdPersonExampleMap_C' with ClassGeneratedBy '/Game/ThirdPersonBP/Maps/ThirdPersonExampleMap.ThirdPersonExampleMap:PersistentLevel.ThirdPersonExampleMap'
[2017.10.15-05.56.44:014][223]LogBlueprintUserMessages: Early EndPlayMap Detection: Level '/Game/ThirdPersonBP/Maps/ThirdPersonExampleMap.ThirdPersonExampleMap:PersistentLevel' has LevelScriptBlueprint '/Game/ThirdPersonBP/Maps/ThirdPersonExampleMap.ThirdPersonExampleMap:PersistentLevel.ThirdPersonExampleMap' with GeneratedClass '/Game/ThirdPersonBP/Maps/ThirdPersonExampleMap.ThirdPersonExampleMap_C' with ClassGeneratedBy '/Game/ThirdPersonBP/Maps/ThirdPersonExampleMap.ThirdPersonExampleMap:PersistentLevel.ThirdPersonExampleMap'
[2017.10.15-05.56.44:052][223]LogBlueprintUserMessages: Late EndPlayMap Detection: Level '/Game/ThirdPersonBP/Maps/ThirdPersonExampleMap.ThirdPersonExampleMap:PersistentLevel' has LevelScriptBlueprint '/Game/ThirdPersonBP/Maps/ThirdPersonExampleMap.ThirdPersonExampleMap:PersistentLevel.ThirdPersonExampleMap' with GeneratedClass '/Game/ThirdPersonBP/Maps/ThirdPersonExampleMap.ThirdPersonExampleMap_C' with ClassGeneratedBy '/Game/ThirdPersonBP/Maps/ThirdPersonExampleMap.ThirdPersonExampleMap:PersistentLevel.ThirdPersonExampleMap'
[2017.10.15-05.57.12:879][913]LogTemp: Repeating last play command: Selected Viewport
[2017.10.15-05.57.12:913][913]LogBlueprintUserMessages: Early PlayInEditor Detection: Level '/Game/ThirdPersonBP/Maps/ThirdPersonExampleMap.ThirdPersonExampleMap:PersistentLevel' has LevelScriptBlueprint '/Game/ThirdPersonBP/Maps/ThirdPersonExampleMap.ThirdPersonExampleMap:PersistentLevel.ThirdPersonExampleMap' with GeneratedClass '/Game/ThirdPersonBP/Maps/ThirdPersonExampleMap.ThirdPersonExampleMap_C' with ClassGeneratedBy '/Game/ThirdPersonBP/Maps/ThirdPersonExampleMap.ThirdPersonExampleMap:PersistentLevel.ThirdPersonExampleMap'
[2017.10.15-05.57.12:913][913]LogPlayLevel: PlayLevel: No blueprints needed recompiling
[2017.10.15-05.57.12:913][913]PIE: New page: PIE session: ThirdPersonExampleMap (Oct 15, 2017, 1:57:12 PM)
[2017.10.15-05.57.12:913][913]LogPlayLevel: Creating play world package: /Game/ThirdPersonBP/Maps/UEDPIE_0_ThirdPersonExampleMap
[2017.10.15-05.57.12:933][913]LogPlayLevel: PIE: StaticDuplicateObject took: (0.019282s)
[2017.10.15-05.57.12:933][913]LogAIModule: Creating AISystem for world ThirdPersonExampleMap
[2017.10.15-05.57.12:933][913]LogPlayLevel: PIE: World Init took: (0.000752s)
[2017.10.15-05.57.12:934][913]LogPlayLevel: PIE: Created PIE world by copying editor world from /Game/ThirdPersonBP/Maps/ThirdPersonExampleMap.ThirdPersonExampleMap to /Game/ThirdPersonBP/Maps/UEDPIE_0_ThirdPersonExampleMap.ThirdPersonExampleMap (0.020323s)
[2017.10.15-05.57.12:949][913]LogInit: XAudio2 using 'Speakers (Realtek High Definition Audio)' : 6 channels at 48 kHz using 32 bits per sample (channel mask 0x3f)
[2017.10.15-05.57.12:980][913]LogInit: FAudioDevice initialized.
[2017.10.15-05.57.13:016][913]LogLoad: Game class is 'ThirdPersonGameMode_C'
[2017.10.15-05.57.13:022][913]LogWorld: Bringing World /Game/ThirdPersonBP/Maps/UEDPIE_0_ThirdPersonExampleMap.ThirdPersonExampleMap up for play (max tick rate 60) at 2017.10.15-09.57.13
[2017.10.15-05.57.13:023][913]LogWorld: Bringing up level for play took: 0.005665
[2017.10.15-05.57.13:025][913]LogUObjectGlobals: Warning: Failed to find object 'Object None.None'
[2017.10.15-05.57.13:025][913]LogUObjectGlobals: Warning: Failed to find object 'Object None.None'
[2017.10.15-05.57.13:025][913]LogUObjectGlobals: Warning: Failed to find object 'Object None.None'
[2017.10.15-05.57.13:025][913]LogUObjectGlobals: Warning: Failed to find object 'Object None.None'
[2017.10.15-05.57.13:025][913]LogUObjectGlobals: Warning: Failed to find object 'Object None.None'
[2017.10.15-05.57.13:025][913]LogUObjectGlobals: Warning: Failed to find object 'Object None.None'
[2017.10.15-05.57.13:025][913]LogUObjectGlobals: Warning: Failed to find object 'Object None.None'
[2017.10.15-05.57.13:025][913]LogUObjectGlobals: Warning: Failed to find object 'Object None.None'
[2017.10.15-05.57.13:025][913]LogUObjectGlobals: Warning: Failed to find object 'Object None.None'
[2017.10.15-05.57.13:026][913]LogUObjectGlobals: Warning: Failed to find object 'Object None.None'
[2017.10.15-05.57.13:026][913]LogUObjectGlobals: Warning: Failed to find object 'Object None.None'
[2017.10.15-05.57.13:026][913]LogUObjectGlobals: Warning: Failed to find object 'Object None.None'
[2017.10.15-05.57.13:026][913]LogUObjectGlobals: Warning: Failed to find object 'Object None.None'
[2017.10.15-05.57.13:026][913]LogUObjectGlobals: Warning: Failed to find object 'Object None.None'
[2017.10.15-05.57.13:026][913]LogUObjectGlobals: Warning: Failed to find object 'Object None.None'
[2017.10.15-05.57.13:026][913]LogUObjectGlobals: Warning: Failed to find object 'Object None.None'
[2017.10.15-05.57.13:026][913]LogUObjectGlobals: Warning: Failed to find object 'Object None.None'
[2017.10.15-05.57.13:026][913]LogUObjectGlobals: Warning: Failed to find object 'Object None.None'
[2017.10.15-05.57.13:026][913]LogBlueprintUserMessages: [s] LoadedGame
[2017.10.15-05.57.13:027][913]PIE: Play in editor start time for /Game/ThirdPersonBP/Maps/UEDPIE_0_ThirdPersonExampleMap -0.325
[2017.10.15-05.57.13:028][913]LogBlueprintUserMessages: Late PlayInEditor Detection: Level '/Game/ThirdPersonBP/Maps/ThirdPersonExampleMap.ThirdPersonExampleMap:PersistentLevel' has LevelScriptBlueprint '/Game/ThirdPersonBP/Maps/ThirdPersonExampleMap.ThirdPersonExampleMap:PersistentLevel.ThirdPersonExampleMap' with GeneratedClass '/Game/ThirdPersonBP/Maps/ThirdPersonExampleMap.ThirdPersonExampleMap_C' with ClassGeneratedBy '/Game/ThirdPersonBP/Maps/ThirdPersonExampleMap.ThirdPersonExampleMap:PersistentLevel.ThirdPersonExampleMap'
[2017.10.15-05.57.23:735][554]LogBlueprintUserMessages: Early EndPlayMap Detection: Level '/Game/ThirdPersonBP/Maps/ThirdPersonExampleMap.ThirdPersonExampleMap:PersistentLevel' has LevelScriptBlueprint '/Game/ThirdPersonBP/Maps/ThirdPersonExampleMap.ThirdPersonExampleMap:PersistentLevel.ThirdPersonExampleMap' with GeneratedClass '/Game/ThirdPersonBP/Maps/ThirdPersonExampleMap.ThirdPersonExampleMap_C' with ClassGeneratedBy '/Game/ThirdPersonBP/Maps/ThirdPersonExampleMap.ThirdPersonExampleMap:PersistentLevel.ThirdPersonExampleMap'
[2017.10.15-05.57.23:773][554]LogBlueprintUserMessages: Late EndPlayMap Detection: Level '/Game/ThirdPersonBP/Maps/ThirdPersonExampleMap.ThirdPersonExampleMap:PersistentLevel' has LevelScriptBlueprint '/Game/ThirdPersonBP/Maps/ThirdPersonExampleMap.ThirdPersonExampleMap:PersistentLevel.ThirdPersonExampleMap' with GeneratedClass '/Game/ThirdPersonBP/Maps/ThirdPersonExampleMap.ThirdPersonExampleMap_C' with ClassGeneratedBy '/Game/ThirdPersonBP/Maps/ThirdPersonExampleMap.ThirdPersonExampleMap:PersistentLevel.ThirdPersonExampleMap'
[2017.10.15-05.57.27:832][774]LogSavePackage: Save=232.85ms
[2017.10.15-05.57.27:832][774]LogSavePackage: Moving '../../../../../../Repo/AGS/MCMigrate/Saved/ThirdPersonExampleMap8A265AAC46EE5898DA027393621A8620.tmp' to '../../../../../../Repo/AGS/MCMigrate/Content/ThirdPersonBP/Maps/ThirdPersonExampleMap.umap'
[2017.10.15-05.57.27:848][774]LogSavePackage: Display: Finished SavePackage ../../../../../../Repo/AGS/MCMigrate/Content/ThirdPersonBP/Maps/ThirdPersonExampleMap.umap
[2017.10.15-05.57.42:143][378]Cmd: OBJ SAVEPACKAGE PACKAGE="/Game/DayNight/moon/M" FILE="../../../../../../Repo/AGS/MCMigrate/Content/DayNight/moon/M.uasset" SILENT=true
[2017.10.15-05.57.42:203][378]LogSavePackage: Save=58.22ms
[2017.10.15-05.57.42:204][378]LogSavePackage: Moving '../../../../../../Repo/AGS/MCMigrate/Saved/M1E689FB6474C8FCDB44E76B307E30FD7.tmp' to '../../../../../../Repo/AGS/MCMigrate/Content/DayNight/moon/M.uasset'
[2017.10.15-05.57.42:206][378]LogSavePackage: Display: Finished SavePackage ../../../../../../Repo/AGS/MCMigrate/Content/DayNight/moon/M.uasset
[2017.10.15-05.57.42:219][378]Cmd: OBJ SAVEPACKAGE PACKAGE="/Game/DayNight/moon/moon" FILE="../../../../../../Repo/AGS/MCMigrate/Content/DayNight/moon/moon.uasset" SILENT=true
[2017.10.15-05.57.42:240][378]LogSavePackage: Save=13.52ms
[2017.10.15-05.57.42:240][378]LogSavePackage: Moving '../../../../../../Repo/AGS/MCMigrate/Saved/moon724C52EC4639B44520F7ED84860018C8.tmp' to '../../../../../../Repo/AGS/MCMigrate/Content/DayNight/moon/moon.uasset'
[2017.10.15-05.57.42:241][378]LogSavePackage: Display: Finished SavePackage ../../../../../../Repo/AGS/MCMigrate/Content/DayNight/moon/moon.uasset
[2017.10.15-05.57.42:764][378]LogWindowsTextInputMethodSystem: Display: IME system now deactivated.
[2017.10.15-05.57.43:126][379]Cmd: QUIT_EDITOR
[2017.10.15-05.57.43:821][379]LogExit: Preparing to exit.
[2017.10.15-05.57.44:119][379]LogDirectoryWatcher: A directory notification for 'D:/Repo/AGS/MCMigrate/Content/' was aborted.
[2017.10.15-05.57.44:191][379]LogExit: Editor shut down
[2017.10.15-05.57.44:204][379]LogExit: Transaction tracking system shut down
[2017.10.15-05.57.44:504][379]LogDirectoryWatcher: A directory notification for '../../../Engine/Content/' was aborted.
[2017.10.15-05.57.44:505][379]LogDirectoryWatcher: A directory notification for '../../../../../../Repo/AGS/MCMigrate/Content/' was aborted.
[2017.10.15-05.57.44:505][379]LogDirectoryWatcher: A directory notification for '../../../Engine/Plugins/2D/Paper2D/Content/' was aborted.
[2017.10.15-05.57.44:505][379]LogDirectoryWatcher: A directory notification for '../../../Engine/Plugins/Runtime/Oculus/OculusVR/Content/' was aborted.
[2017.10.15-05.57.44:506][379]LogDirectoryWatcher: A directory notification for '../../../Engine/Plugins/Runtime/Steam/SteamVR/Content/' was aborted.
[2017.10.15-05.57.44:961][379]LogExit: Object subsystem successfully closed.
[2017.10.15-05.57.45:005][379]LogD3D11RHI: Shutdown
[2017.10.15-05.57.45:005][379]LogD3D11RHI: CleanupD3DDevice
[2017.10.15-05.57.45:120][379]LogD3D11RHI: ~FD3D11DynamicRHI
[2017.10.15-05.57.45:325][379]LogModuleManager: Shutting down and abandoning module MovieSceneCapture (534)
[2017.10.15-05.57.45:326][379]LogModuleManager: Shutting down and abandoning module MaterialEditor (532)
[2017.10.15-05.57.45:326][379]LogModuleManager: Shutting down and abandoning module HierarchicalLODOutliner (530)
[2017.10.15-05.57.45:326][379]LogModuleManager: Shutting down and abandoning module SceneOutliner (528)
[2017.10.15-05.57.45:326][379]LogModuleManager: Shutting down and abandoning module AddContentDialog (526)
[2017.10.15-05.57.45:326][379]LogDirectoryWatcher: A directory notification for 'D:/1.6.2/New folder/UE_4.17/FeaturePacks/' was aborted.
[2017.10.15-05.57.45:329][379]LogModuleManager: Shutting down and abandoning module WidgetCarousel (525)
[2017.10.15-05.57.45:329][379]LogModuleManager: Shutting down and abandoning module EditorWidgets (522)
[2017.10.15-05.57.45:329][379]LogModuleManager: Shutting down and abandoning module CollectionManager (520)
[2017.10.15-05.57.45:329][379]LogDirectoryWatcher: A directory notification for 'D:/Repo/AGS/MCMigrate/Content/Collections/' was aborted.
[2017.10.15-05.57.45:329][379]LogDirectoryWatcher: A directory notification for 'D:/Repo/AGS/MCMigrate/Content/Developers/A/Collections/' was aborted.
[2017.10.15-05.57.45:329][379]LogDirectoryWatcher: A directory notification for 'D:/Repo/AGS/MCMigrate/Saved/Collections/' was aborted.
[2017.10.15-05.57.45:329][379]LogModuleManager: Shutting down and abandoning module StatsViewer (518)
[2017.10.15-05.57.45:329][379]LogModuleManager: Shutting down and abandoning module FoliageEdit (516)
[2017.10.15-05.57.45:329][379]LogModuleManager: Shutting down and abandoning module LandscapeEditor (514)
[2017.10.15-05.57.45:343][379]LogModuleManager: Shutting down and abandoning module MeshPaintMode (512)
[2017.10.15-05.57.45:343][379]LogModuleManager: Shutting down and abandoning module SceneDepthPickerMode (510)
[2017.10.15-05.57.45:343][379]LogModuleManager: Shutting down and abandoning module ActorPickerMode (508)
[2017.10.15-05.57.45:343][379]LogModuleManager: Shutting down and abandoning module GeometryMode (506)
[2017.10.15-05.57.45:343][379]LogModuleManager: Shutting down and abandoning module TextureAlignMode (504)
[2017.10.15-05.57.45:343][379]LogModuleManager: Shutting down and abandoning module BspMode (502)
[2017.10.15-05.57.45:343][379]LogModuleManager: Shutting down and abandoning module PIEPreviewDeviceProfileSelector (500)
[2017.10.15-05.57.45:343][379]LogModuleManager: Shutting down and abandoning module HardwareSurvey (498)
[2017.10.15-05.57.45:343][379]LogModuleManager: Shutting down and abandoning module SequenceRecorderSections (496)
[2017.10.15-05.57.45:343][379]LogModuleManager: Shutting down and abandoning module AutomationWorker (494)
[2017.10.15-05.57.45:344][379]LogModuleManager: Shutting down and abandoning module MatineeToLevelSequence (492)
[2017.10.15-05.57.45:344][379]LogModuleManager: Shutting down and abandoning module LevelSequenceEditor (490)
[2017.10.15-05.57.45:359][379]LogModuleManager: Shutting down and abandoning module PlacementMode (489)
[2017.10.15-05.57.45:359][379]LogModuleManager: Shutting down and abandoning module WmfMediaFactory (486)
[2017.10.15-05.57.45:359][379]LogModuleManager: Shutting down and abandoning module WmfMediaEditor (484)
[2017.10.15-05.57.45:359][379]LogModuleManager: Shutting down and abandoning module AvfMediaFactory (482)
[2017.10.15-05.57.45:359][379]LogModuleManager: Shutting down and abandoning module AvfMediaEditor (480)
[2017.10.15-05.57.45:359][379]LogModuleManager: Shutting down and abandoning module AndroidMediaFactory (478)
[2017.10.15-05.57.45:359][379]LogModuleManager: Shutting down and abandoning module Media (477)
[2017.10.15-05.57.45:359][379]LogModuleManager: Shutting down and abandoning module AndroidMediaEditor (474)
[2017.10.15-05.57.45:359][379]LogModuleManager: Shutting down and abandoning module CharacterAI (472)
[2017.10.15-05.57.45:359][379]LogModuleManager: Shutting down and abandoning module AudioCapture (470)
[2017.10.15-05.57.45:359][379]LogModuleManager: Shutting down and abandoning module SequenceRecorder (469)
[2017.10.15-05.57.45:360][379]LogModuleManager: Shutting down and abandoning module SmartSnapping (466)
[2017.10.15-05.57.45:360][379]LogModuleManager: Shutting down and abandoning module SessionServices (464)
[2017.10.15-05.57.45:360][379]LogModuleManager: Shutting down and abandoning module ViewportSnapping (462)
[2017.10.15-05.57.45:360][379]LogModuleManager: Shutting down and abandoning module ViewportInteraction (460)
[2017.10.15-05.57.45:360][379]LogModuleManager: Shutting down and abandoning module ClothPainter (458)
[2017.10.15-05.57.45:368][379]LogModuleManager: Shutting down and abandoning module LogVisualizer (456)
[2017.10.15-05.57.45:368][379]LogModuleManager: Shutting down and abandoning module IntroTutorials (454)
[2017.10.15-05.57.45:368][379]LogModuleManager: Shutting down and abandoning module GameProjectGeneration (453)
[2017.10.15-05.57.45:385][379]LogModuleManager: Shutting down and abandoning module IOSPlatformEditor (450)
[2017.10.15-05.57.45:385][379]LogModuleManager: Shutting down and abandoning module HTML5PlatformEditor (448)
[2017.10.15-05.57.45:385][379]LogModuleManager: Shutting down and abandoning module AndroidPlatformEditor (446)
[2017.10.15-05.57.45:385][379]LogModuleManager: Shutting down and abandoning module AndroidDeviceDetection (445)
[2017.10.15-05.57.45:435][379]LogModuleManager: Shutting down and abandoning module WindowsPlatformEditor (442)
[2017.10.15-05.57.45:435][379]LogModuleManager: Shutting down and abandoning module IOSRuntimeSettings (440)
[2017.10.15-05.57.45:435][379]LogModuleManager: Shutting down and abandoning module AndroidRuntimeSettings (438)
[2017.10.15-05.57.45:435][379]LogModuleManager: Shutting down and abandoning module InputBindingEditor (436)
[2017.10.15-05.57.45:436][379]LogModuleManager: Shutting down and abandoning module MergeActors (434)
[2017.10.15-05.57.45:446][379]LogModuleManager: Shutting down and abandoning module SizeMap (432)
[2017.10.15-05.57.45:446][379]LogModuleManager: Shutting down and abandoning module TreeMap (430)
[2017.10.15-05.57.45:446][379]LogModuleManager: Shutting down and abandoning module ReferenceViewer (428)
[2017.10.15-05.57.45:446][379]LogModuleManager: Shutting down and abandoning module LocalizationDashboard (426)
[2017.10.15-05.57.45:459][379]LogModuleManager: Shutting down and abandoning module LocalizationService (425)
[2017.10.15-05.57.45:459][379]LogModuleManager: Shutting down and abandoning module HardwareTargeting (422)
[2017.10.15-05.57.45:459][379]LogModuleManager: Shutting down and abandoning module DeviceProfileEditor (420)
[2017.10.15-05.57.45:459][379]LogModuleManager: Shutting down and abandoning module UndoHistory (418)
[2017.10.15-05.57.45:460][379]LogModuleManager: Shutting down and abandoning module XmlParser (416)
[2017.10.15-05.57.45:460][379]LogModuleManager: Shutting down and abandoning module Blutility (414)
[2017.10.15-05.57.45:460][379]LogModuleManager: Shutting down and abandoning module ProjectSettingsViewer (412)
[2017.10.15-05.57.45:460][379]LogModuleManager: Shutting down and abandoning module ProjectTargetPlatformEditor (411)
[2017.10.15-05.57.45:460][379]LogModuleManager: Shutting down and abandoning module EditorSettingsViewer (408)
[2017.10.15-05.57.45:460][379]LogModuleManager: Shutting down and abandoning module SettingsEditor (406)
[2017.10.15-05.57.45:468][379]LogModuleManager: Shutting down and abandoning module ProjectLauncher (404)
[2017.10.15-05.57.45:484][379]LogModuleManager: Shutting down and abandoning module SessionFrontend (402)
[2017.10.15-05.57.45:484][379]LogModuleManager: Shutting down and abandoning module ProfilerClient (400)
[2017.10.15-05.57.45:494][379]LogModuleManager: Shutting down and abandoning module DeviceManager (398)
[2017.10.15-05.57.45:494][379]LogModuleManager: Shutting down and abandoning module TargetDeviceServices (397)
[2017.10.15-05.57.45:536][379]LogModuleManager: Shutting down and abandoning module AutomationController (394)
[2017.10.15-05.57.45:536][379]LogModuleManager: Shutting down and abandoning module AutomationWindow (392)
[2017.10.15-05.57.45:547][379]LogModuleManager: Shutting down and abandoning module Layers (390)
[2017.10.15-05.57.45:549][379]LogModuleManager: Shutting down and abandoning module ComponentVisualizers (388)
[2017.10.15-05.57.45:549][379]LogModuleManager: Shutting down and abandoning module DetailCustomizations (386)
[2017.10.15-05.57.45:549][379]LogModuleManager: Shutting down and abandoning module PackagesDialog (384)
[2017.10.15-05.57.45:549][379]LogModuleManager: Shutting down and abandoning module Persona (382)
[2017.10.15-05.57.45:569][379]LogModuleManager: Shutting down and abandoning module AdvancedPreviewScene (381)
[2017.10.15-05.57.45:569][379]LogModuleManager: Shutting down and abandoning module AnimGraph (379)
[2017.10.15-05.57.45:569][379]LogModuleManager: Shutting down and abandoning module Kismet (376)
[2017.10.15-05.57.45:574][379]LogModuleManager: Shutting down and abandoning module ClassViewer (374)
[2017.10.15-05.57.45:574][379]LogModuleManager: Shutting down and abandoning module Toolbox (372)
[2017.10.15-05.57.45:574][379]LogModuleManager: Shutting down and abandoning module ModuleUI (370)
[2017.10.15-05.57.45:581][379]LogModuleManager: Shutting down and abandoning module MovieSceneTools (368)
[2017.10.15-05.57.45:595][379]LogModuleManager: Shutting down and abandoning module OutputLog (366)
[2017.10.15-05.57.45:595][379]LogModuleManager: Shutting down and abandoning module GammaUI (364)
[2017.10.15-05.57.45:595][379]LogModuleManager: Shutting down and abandoning module Documentation (362)
[2017.10.15-05.57.45:595][379]LogModuleManager: Shutting down and abandoning module MovieSceneTracks (360)
[2017.10.15-05.57.45:607][379]LogModuleManager: Shutting down and abandoning module MovieScene (358)
[2017.10.15-05.57.45:607][379]LogModuleManager: Shutting down and abandoning module Niagara (356)
[2017.10.15-05.57.45:607][379]LogModuleManager: Shutting down and abandoning module NiagaraEditor (355)
[2017.10.15-05.57.45:621][379]LogModuleManager: Shutting down and abandoning module StreamingPauseRendering (352)
[2017.10.15-05.57.45:621][379]LogModuleManager: Shutting down and abandoning module LauncherPlatform (350)
[2017.10.15-05.57.45:621][379]LogModuleManager: Shutting down and abandoning module AnalyticsET (348)
[2017.10.15-05.57.45:621][379]LogModuleManager: Shutting down and abandoning module PortalServices (346)
[2017.10.15-05.57.45:621][379]LogModuleManager: Shutting down and abandoning module PortalRpc (344)
[2017.10.15-05.57.45:621][379]LogModuleManager: Shutting down and abandoning module MessagingRpc (342)
[2017.10.15-05.57.45:621][379]LogModuleManager: Shutting down and abandoning module AIModule (340)
[2017.10.15-05.57.45:621][379]LogModuleManager: Shutting down and abandoning module GameplayDebugger (339)
[2017.10.15-05.57.45:622][379]LogModuleManager: Shutting down and abandoning module AITestSuite (337)
[2017.10.15-05.57.45:622][379]LogModuleManager: Shutting down and abandoning module ProfilerService (334)
[2017.10.15-05.57.45:718][379]LogModuleManager: Shutting down and abandoning module TaskGraph (332)
[2017.10.15-05.57.45:718][379]LogModuleManager: Shutting down and abandoning module SteamVRController (330)
[2017.10.15-05.57.45:718][379]LogModuleManager: Shutting down and abandoning module ProceduralMeshComponentEditor (328)
[2017.10.15-05.57.45:718][379]LogModuleManager: Shutting down and abandoning module ProceduralMeshComponent (326)
[2017.10.15-05.57.45:719][379]LogModuleManager: Shutting down and abandoning module OculusInput (324)
[2017.10.15-05.57.45:719][379]LogModuleManager: Shutting down and abandoning module MobilePatchingUtils (322)
[2017.10.15-05.57.45:719][379]LogModuleManager: Shutting down and abandoning module CustomMeshComponent (320)
[2017.10.15-05.57.45:719][379]LogModuleManager: Shutting down and abandoning module CableComponent (318)
[2017.10.15-05.57.45:719][379]LogModuleManager: Shutting down and abandoning module ArchVisCharacter (316)
[2017.10.15-05.57.45:719][379]LogModuleManager: Shutting down and abandoning module AndroidPermission (314)
[2017.10.15-05.57.45:719][379]LogModuleManager: Shutting down and abandoning module MediaPlayerEditor (310)
[2017.10.15-05.57.45:731][379]LogModuleManager: Shutting down and abandoning module HTML5Networking (308)
[2017.10.15-05.57.45:731][379]LogModuleManager: Shutting down and abandoning module AlembicImporter (306)
[2017.10.15-05.57.45:731][379]LogModuleManager: Shutting down and abandoning module AlembicLibrary (305)
[2017.10.15-05.57.45:731][379]LogModuleManager: Shutting down and abandoning module GeometryCache (304)
[2017.10.15-05.57.45:731][379]LogModuleManager: Shutting down and abandoning module GeometryCacheEd (303)
[2017.10.15-05.57.45:731][379]LogModuleManager: Shutting down and abandoning module SpeedTreeImporter (298)
[2017.10.15-05.57.45:731][379]LogModuleManager: Shutting down and abandoning module PluginBrowser (296)
[2017.10.15-05.57.45:732][379]LogModuleManager: Shutting down and abandoning module MobileLauncherProfileWizard (294)
[2017.10.15-05.57.45:732][379]LogModuleManager: Shutting down and abandoning module VisualStudioSourceCodeAccess (292)
[2017.10.15-05.57.45:732][379]LogModuleManager: Shutting down and abandoning module DesktopPlatform (291)
[2017.10.15-05.57.45:732][379]LogModuleManager: Shutting down and abandoning module UObjectPlugin (288)
[2017.10.15-05.57.45:732][379]LogModuleManager: Shutting down and abandoning module SubversionSourceControl (286)
[2017.10.15-05.57.45:732][379]LogModuleManager: Shutting down and abandoning module PerforceSourceControl (284)
[2017.10.15-05.57.45:733][379]LogModuleManager: Shutting down and abandoning module GitSourceControl (282)
[2017.10.15-05.57.45:733][379]LogModuleManager: Shutting down and abandoning module SourceControl (281)
[2017.10.15-05.57.45:733][379]LogModuleManager: Shutting down and abandoning module LightPropagationVolumeEditor (278)
[2017.10.15-05.57.45:733][379]LogModuleManager: Shutting down and abandoning module PaperTiledImporter (276)
[2017.10.15-05.57.45:733][379]LogModuleManager: Shutting down and abandoning module PaperSpriteSheetImporter (274)
[2017.10.15-05.57.45:733][379]LogModuleManager: Shutting down and abandoning module Paper2DEditor (272)
[2017.10.15-05.57.45:733][379]LogModuleManager: Shutting down and abandoning module MeshPaint (271)
[2017.10.15-05.57.45:733][379]LogModuleManager: Shutting down and abandoning module LevelEditor (269)
[2017.10.15-05.57.45:735][379]LogModuleManager: Shutting down and abandoning module PixelInspectorModule (268)
[2017.10.15-05.57.45:735][379]LogModuleManager: Shutting down and abandoning module MainFrame (266)
[2017.10.15-05.57.45:735][379]LogModuleManager: Shutting down and abandoning module HotReload (265)
[2017.10.15-05.57.45:736][379]LogModuleManager: Shutting down and abandoning module RuntimePhysXCooking (260)
[2017.10.15-05.57.45:736][379]LogModuleManager: Shutting down and abandoning module PhysXVehiclesEditor (258)
[2017.10.15-05.57.45:736][379]LogModuleManager: Shutting down and abandoning module PhysXVehicles (256)
[2017.10.15-05.57.45:736][379]LogModuleManager: Shutting down and abandoning module OculusEditor (254)
[2017.10.15-05.57.45:736][379]LogModuleManager: Shutting down and abandoning module LocationServicesBPLibrary (252)
[2017.10.15-05.57.45:736][379]LogModuleManager: Shutting down and abandoning module ImmediatePhysicsEditor (250)
[2017.10.15-05.57.45:736][379]LogModuleManager: Shutting down and abandoning module ImmediatePhysics (248)
[2017.10.15-05.57.45:737][379]LogModuleManager: Shutting down and abandoning module UdpMessaging (246)
[2017.10.15-05.57.45:837][379]LogModuleManager: Shutting down and abandoning module TcpMessaging (244)
[2017.10.15-05.57.45:937][379]LogModuleManager: Shutting down and abandoning module GameplayTagsEditor (242)
[2017.10.15-05.57.46:012][379]LogModuleManager: Shutting down and abandoning module FacialAnimationEditor (240)
[2017.10.15-05.57.46:012][379]LogModuleManager: Shutting down and abandoning module FacialAnimation (238)
[2017.10.15-05.57.46:013][379]LogModuleManager: Shutting down and abandoning module AssetManagerEditor (236)
[2017.10.15-05.57.46:013][379]LogModuleManager: Shutting down and abandoning module GraphEditor (235)
[2017.10.15-05.57.46:013][379]LogModuleManager: Shutting down and abandoning module ContentBrowser (233)
[2017.10.15-05.57.46:014][379]LogModuleManager: Shutting down and abandoning module LightPropagationVolumeRuntime (230)
[2017.10.15-05.57.46:014][379]LogModuleManager: Shutting down and abandoning module Paper2D (228)
[2017.10.15-05.57.46:014][379]LogModuleManager: Shutting down and abandoning module WindowsMoviePlayer (226)
[2017.10.15-05.57.46:014][379]LogModuleManager: Shutting down and abandoning module WmfMedia (224)
[2017.10.15-05.57.46:014][379]LogModuleManager: Shutting down and abandoning module PacketHandler (222)
[2017.10.15-05.57.46:014][379]LogModuleManager: Shutting down and abandoning module ClothingSystemEditor (220)
[2017.10.15-05.57.46:014][379]LogModuleManager: Shutting down and abandoning module ClothingSystemRuntime (218)
[2017.10.15-05.57.46:020][379]LogModuleManager: Shutting down and abandoning module Overlay (216)
[2017.10.15-05.57.46:020][379]LogModuleManager: Shutting down and abandoning module OverlayEditor (215)
[2017.10.15-05.57.46:020][379]LogModuleManager: Shutting down and abandoning module MediaAssets (212)
[2017.10.15-05.57.46:020][379]LogModuleManager: Shutting down and abandoning module VREditor (210)
[2017.10.15-05.57.46:032][379]LogModuleManager: Shutting down and abandoning module StringTableEditor (208)
[2017.10.15-05.57.46:037][379]LogModuleManager: Shutting down and abandoning module GameplayTasksEditor (206)
[2017.10.15-05.57.46:037][379]LogModuleManager: Shutting down and abandoning module BehaviorTreeEditor (204)
[2017.10.15-05.57.46:057][379]LogModuleManager: Shutting down and abandoning module FunctionalTesting (202)
[2017.10.15-05.57.46:057][379]LogModuleManager: Shutting down and abandoning module CollisionAnalyzer (200)
[2017.10.15-05.57.46:057][379]LogModuleManager: Shutting down and abandoning module WorkspaceMenuStructure (199)
[2017.10.15-05.57.46:057][379]LogModuleManager: Shutting down and abandoning module UMG (196)
[2017.10.15-05.57.46:063][379]LogModuleManager: Shutting down and abandoning module UMGEditor (195)
[2017.10.15-05.57.46:077][379]LogModuleManager: Shutting down and abandoning module Sequencer (194)
[2017.10.15-05.57.46:092][379]LogModuleManager: Shutting down and abandoning module MessageLog (191)
[2017.10.15-05.57.46:092][379]LogModuleManager: Shutting down and abandoning module SlateReflector (186)
[2017.10.15-05.57.46:110][379]LogModuleManager: Shutting down and abandoning module Slate (184)
[2017.10.15-05.57.46:110][379]LogModuleManager: Shutting down and abandoning module EditorStyle (182)
[2017.10.15-05.57.46:112][379]LogModuleManager: Shutting down and abandoning module MRMesh (180)
[2017.10.15-05.57.46:112][379]LogModuleManager: Shutting down and abandoning module SourceCodeAccess (178)
[2017.10.15-05.57.46:112][379]LogModuleManager: Shutting down and abandoning module HeadMountedDisplay (176)
[2017.10.15-05.57.46:112][379]LogModuleManager: Shutting down and abandoning module XAudio2 (174)
[2017.10.15-05.57.46:112][379]LogModuleManager: Shutting down and abandoning module Networking (172)
[2017.10.15-05.57.46:112][379]LogModuleManager: Shutting down and abandoning module Core (168)
[2017.10.15-05.57.46:112][379]LogModuleManager: Shutting down and abandoning module KismetCompiler (164)
[2017.10.15-05.57.46:112][379]LogModuleManager: Shutting down and abandoning module LevelSequence (162)
[2017.10.15-05.57.46:112][379]LogModuleManager: Shutting down and abandoning module MeshUtilities (160)
[2017.10.15-05.57.46:120][379]LogModuleManager: Shutting down and abandoning module MeshMergeUtilities (159)
[2017.10.15-05.57.46:132][379]LogModuleManager: Shutting down and abandoning module MeshReductionInterface (158)
[2017.10.15-05.57.46:132][379]LogModuleManager: Shutting down and abandoning module SimplygonSwarm (157)
[2017.10.15-05.57.46:145][379]LogModuleManager: Shutting down and abandoning module SimplygonMeshReduction (155)
[2017.10.15-05.57.46:145][379]LogModuleManager: Shutting down and abandoning module QuadricMeshReduction (153)
[2017.10.15-05.57.46:145][379]LogModuleManager: Shutting down and abandoning module MaterialBaking (149)
[2017.10.15-05.57.46:145][379]LogModuleManager: Shutting down and abandoning module DirectoryWatcher (146)
[2017.10.15-05.57.46:146][379]LogModuleManager: Shutting down and abandoning module DerivedDataCache (144)
[2017.10.15-05.57.46:238][379]LogDerivedDataCache: Shutdown
[2017.10.15-05.57.46:238][379]LogModuleManager: Shutting down and abandoning module TargetPlatform (142)
[2017.10.15-05.57.46:238][379]LogModuleManager: Shutting down and abandoning module VulkanShaderFormat (141)
[2017.10.15-05.57.46:238][379]LogModuleManager: Shutting down and abandoning module ShaderFormatVectorVM (139)
[2017.10.15-05.57.46:251][379]LogModuleManager: Shutting down and abandoning module ShaderFormatOpenGL (137)
[2017.10.15-05.57.46:265][379]LogModuleManager: Shutting down and abandoning module ShaderFormatD3D (135)
[2017.10.15-05.57.46:265][379]LogModuleManager: Shutting down and abandoning module MetalShaderFormat (133)
[2017.10.15-05.57.46:276][379]LogModuleManager: Shutting down and abandoning module TextureFormatUncompressed (131)
[2017.10.15-05.57.46:276][379]LogModuleManager: Shutting down and abandoning module TextureFormatPVR (129)
[2017.10.15-05.57.46:276][379]LogModuleManager: Shutting down and abandoning module TextureFormatDXT (127)
[2017.10.15-05.57.46:276][379]LogModuleManager: Shutting down and abandoning module TextureFormatIntelISPCTexComp (125)
[2017.10.15-05.57.46:276][379]LogModuleManager: Shutting down and abandoning module TextureFormatASTC (123)
[2017.10.15-05.57.46:276][379]LogModuleManager: Shutting down and abandoning module ImageWrapper (122)
[2017.10.15-05.57.46:276][379]LogModuleManager: Shutting down and abandoning module TextureFormatAndroid (119)
[2017.10.15-05.57.46:276][379]LogModuleManager: Shutting down and abandoning module AudioFormatOpus (117)
[2017.10.15-05.57.46:276][379]LogModuleManager: Shutting down and abandoning module AudioFormatOgg (115)
[2017.10.15-05.57.46:276][379]LogModuleManager: Shutting down and abandoning module AudioFormatADPCM (113)
[2017.10.15-05.57.46:276][379]LogModuleManager: Shutting down and abandoning module LinuxTargetPlatform (111)
[2017.10.15-05.57.46:276][379]LogModuleManager: Shutting down and abandoning module LinuxServerTargetPlatform (109)
[2017.10.15-05.57.46:276][379]LogModuleManager: Shutting down and abandoning module LinuxNoEditorTargetPlatform (107)
[2017.10.15-05.57.46:277][379]LogModuleManager: Shutting down and abandoning module LinuxClientTargetPlatform (105)
[2017.10.15-05.57.46:277][379]LogModuleManager: Shutting down and abandoning module TVOSTargetPlatform (103)
[2017.10.15-05.57.46:277][379]LogModuleManager: Shutting down and abandoning module Messaging (101)
[2017.10.15-05.57.46:277][379]LogModuleManager: Shutting down and abandoning module IOSTargetPlatform (99)
[2017.10.15-05.57.46:277][379]LogModuleManager: Shutting down and abandoning module HTML5TargetPlatform (97)
[2017.10.15-05.57.46:277][379]LogModuleManager: Shutting down and abandoning module Android_PVRTCTargetPlatform (95)
[2017.10.15-05.57.46:277][379]LogModuleManager: Shutting down and abandoning module Android_MultiTargetPlatform (93)
[2017.10.15-05.57.46:277][379]LogModuleManager: Shutting down and abandoning module Android_ETC2TargetPlatform (91)
[2017.10.15-05.57.46:277][379]LogModuleManager: Shutting down and abandoning module Android_ETC1TargetPlatform (89)
[2017.10.15-05.57.46:277][379]LogModuleManager: Shutting down and abandoning module Android_DXTTargetPlatform (87)
[2017.10.15-05.57.46:277][379]LogModuleManager: Shutting down and abandoning module Android_ATCTargetPlatform (85)
[2017.10.15-05.57.46:277][379]LogModuleManager: Shutting down and abandoning module Android_ASTCTargetPlatform (83)
[2017.10.15-05.57.46:277][379]LogModuleManager: Shutting down and abandoning module AndroidTargetPlatform (81)
[2017.10.15-05.57.46:277][379]LogModuleManager: Shutting down and abandoning module WindowsTargetPlatform (79)
[2017.10.15-05.57.46:277][379]LogModuleManager: Shutting down and abandoning module WindowsServerTargetPlatform (77)
[2017.10.15-05.57.46:277][379]LogModuleManager: Shutting down and abandoning module WindowsNoEditorTargetPlatform (75)
[2017.10.15-05.57.46:277][379]LogModuleManager: Shutting down and abandoning module WindowsClientTargetPlatform (73)
[2017.10.15-05.57.46:277][379]LogModuleManager: Shutting down and abandoning module MacTargetPlatform (71)
[2017.10.15-05.57.46:277][379]LogModuleManager: Shutting down and abandoning module MacServerTargetPlatform (69)
[2017.10.15-05.57.46:277][379]LogModuleManager: Shutting down and abandoning module MacNoEditorTargetPlatform (67)
[2017.10.15-05.57.46:277][379]LogModuleManager: Shutting down and abandoning module MacClientTargetPlatform (65)
[2017.10.15-05.57.46:278][379]LogModuleManager: Shutting down and abandoning module AllDesktopTargetPlatform (63)
[2017.10.15-05.57.46:278][379]LogModuleManager: Shutting down and abandoning module InputCore (60)
[2017.10.15-05.57.46:278][379]LogModuleManager: Shutting down and abandoning module Settings (58)
[2017.10.15-05.57.46:278][379]LogModuleManager: Shutting down and abandoning module PhysXCooking (56)
[2017.10.15-05.57.46:278][379]LogModuleManager: Shutting down and abandoning module SteamVR (54)
[2017.10.15-05.57.46:278][379]LogModuleManager: Shutting down and abandoning module OculusHMD (52)
[2017.10.15-05.57.46:278][379]LogModuleManager: Shutting down and abandoning module ExampleDeviceProfileSelector (50)
[2017.10.15-05.57.46:278][379]LogModuleManager: Shutting down and abandoning module OnlineBlueprintSupport (48)
[2017.10.15-05.57.46:278][379]LogModuleManager: Shutting down and abandoning module OnlineSubsystem (44)
[2017.10.15-05.57.46:278][379]LogOnline: Display: Unloading online subsystem: NULL
[2017.10.15-05.57.46:296][379]LogModuleManager: Shutting down and abandoning module XMPP (43)
[2017.10.15-05.57.46:310][379]LogModuleManager: Shutting down and abandoning module HTTP (41)
[2017.10.15-05.57.46:310][379]LogHttp: Display: Http module shutting down, but needs to wait on 1 outstanding Http requests:
[2017.10.15-05.57.46:310][379]LogHttp: Display: 	verb=[POST] url=[https://datarouter.ol.epicgames.com/datarouter/api/v1/public/data?SessionID=%7B550E5E44-49F5-012F-3CBF-DB9610FC3EC3%7D&AppID=UEEditor.Rocket.Release&AppVersion=4.17.1-3586342%2B%2B%2BUE4%2BRelease-4.17&UserID=d844313648ae837ffc76d7bfa58eef18%7C2e42d70969d44ec199f474a888389f42%7Cd2d11c2b-0f0c-4abd-b516-22879837d91b&AppEnvironment=datacollector-binary&UploadType=eteventstream] status=Processing
[2017.10.15-05.57.46:318][379]LogModuleManager: Shutting down and abandoning module SSL (40)
[2017.10.15-05.57.46:321][379]LogModuleManager: Shutting down and abandoning module AnimationModifiers (36)
[2017.10.15-05.57.46:322][379]LogModuleManager: Shutting down and abandoning module PropertyEditor (35)
[2017.10.15-05.57.46:322][379]LogModuleManager: Shutting down and abandoning module AudioEditor (32)
[2017.10.15-05.57.46:328][379]LogModuleManager: Shutting down and abandoning module TextureCompressor (30)
[2017.10.15-05.57.46:328][379]LogModuleManager: Shutting down and abandoning module ShaderCore (28)
[2017.10.15-05.57.46:328][379]LogModuleManager: Shutting down and abandoning module Landscape (26)
[2017.10.15-05.57.46:328][379]LogModuleManager: Shutting down and abandoning module SlateRHIRenderer (24)
[2017.10.15-05.57.46:343][379]LogModuleManager: Shutting down and abandoning module OpenGLDrv (22)
[2017.10.15-05.57.46:358][379]LogModuleManager: Shutting down and abandoning module D3D11RHI (20)
[2017.10.15-05.57.46:358][379]LogModuleManager: Shutting down and abandoning module AnimGraphRuntime (18)
[2017.10.15-05.57.46:358][379]LogModuleManager: Shutting down and abandoning module Renderer (16)
[2017.10.15-05.57.46:358][379]LogModuleManager: Shutting down and abandoning module Engine (14)
[2017.10.15-05.57.46:358][379]LogModuleManager: Shutting down and abandoning module CoreUObject (12)
[2017.10.15-05.57.46:358][379]LogModuleManager: Shutting down and abandoning module NetworkFile (10)
[2017.10.15-05.57.46:358][379]LogModuleManager: Shutting down and abandoning module CookedIterativeFile (8)
[2017.10.15-05.57.46:359][379]LogModuleManager: Shutting down and abandoning module StreamingFile (6)
[2017.10.15-05.57.46:359][379]LogModuleManager: Shutting down and abandoning module SandboxFile (4)
[2017.10.15-05.57.46:359][379]LogModuleManager: Shutting down and abandoning module PakFile (2)
[2017.10.15-05.57.46:367][379]LogExit: Exiting.
[2017.10.15-05.57.46:442][379]Log file closed, 10/15/17 09:57:46
