Log file open, 09/17/17 16:28:20
LogWindows: LoadLibraryWithSearchPaths failed for file aqProf.dll. GetLastError=0
LogWindows: LoadLibraryWithSearchPaths failed for file VtuneApi.dll. GetLastError=0
LogWindows: LoadLibraryWithSearchPaths failed for file VtuneApi32e.dll. GetLastError=0
LogInit: Display: Running engine for game: MCMigrate
LogPlatformFile: Not using cached read wrapper
LogInit: Display: RandInit(-957712500) SRandInit(-957712500).
LogTaskGraph: Started task graph with 5 named threads and 14 total threads with 3 sets of task threads.
LogStats: Stats thread started at 0.227304
LogD3D11RHI: Aftermath initialized
LogPluginManager: Mounting plugin Paper2D
LogPluginManager: Mounting plugin LightPropagationVolume
LogPluginManager: Mounting plugin CodeLiteSourceCodeAccess
LogPluginManager: Mounting plugin GitSourceControl
LogPluginManager: Mounting plugin KDevelopSourceCodeAccess
LogPluginManager: Mounting plugin NullSourceCodeAccess
LogPluginManager: Mounting plugin PerforceSourceControl
LogPluginManager: Mounting plugin SubversionSourceControl
LogPluginManager: Mounting plugin UObjectPlugin
LogPluginManager: Mounting plugin VisualStudioSourceCodeAccess
LogPluginManager: Mounting plugin XCodeSourceCodeAccess
LogPluginManager: Mounting plugin AssetManagerEditor
LogPluginManager: Mounting plugin AudioCapture
LogPluginManager: Mounting plugin FacialAnimation
LogPluginManager: Mounting plugin GameplayTagsEditor
LogPluginManager: Mounting plugin MobileLauncherProfileWizard
LogPluginManager: Mounting plugin PluginBrowser
LogPluginManager: Mounting plugin SpeedTreeImporter
LogPluginManager: Mounting plugin AlembicImporter
LogPluginManager: Mounting plugin CharacterAI
LogPluginManager: Mounting plugin HTML5Networking
LogPluginManager: Mounting plugin AndroidMedia
LogPluginManager: Mounting plugin AvfMedia
LogPluginManager: Mounting plugin MediaPlayerEditor
LogPluginManager: Mounting plugin WmfMedia
LogPluginManager: Mounting plugin TcpMessaging
LogPluginManager: Mounting plugin UdpMessaging
LogPluginManager: Mounting plugin LevelSequenceEditor
LogPluginManager: Mounting plugin MatineeToLevelSequence
LogPluginManager: Mounting plugin OnlineSubsystemGooglePlay
LogPluginManager: Mounting plugin OnlineSubsystemIOS
LogPluginManager: Mounting plugin OnlineSubsystem
LogPluginManager: Mounting plugin OnlineSubsystemNull
LogPluginManager: Mounting plugin OnlineSubsystemUtils
LogPluginManager: Mounting plugin AndroidDeviceProfileSelector
LogPluginManager: Mounting plugin AndroidMoviePlayer
LogPluginManager: Mounting plugin AndroidPermission
LogPluginManager: Mounting plugin AppleMoviePlayer
LogPluginManager: Mounting plugin ArchVisCharacter
LogPluginManager: Mounting plugin CableComponent
LogPluginManager: Mounting plugin CustomMeshComponent
LogPluginManager: Mounting plugin ExampleDeviceProfileSelector
LogPluginManager: Mounting plugin GoogleCloudMessaging
LogPluginManager: Mounting plugin ImmediatePhysics
LogPluginManager: Mounting plugin IOSDeviceProfileSelector
LogPluginManager: Mounting plugin LinuxDeviceProfileSelector
LogPluginManager: Mounting plugin LocationServicesBPLibrary
LogPluginManager: Mounting plugin MobilePatchingUtils
LogPluginManager: Mounting plugin OculusVR
LogPluginManager: Mounting plugin PhysXVehicles
LogPluginManager: Mounting plugin ProceduralMeshComponent
LogPluginManager: Mounting plugin RuntimePhysXCooking
LogPluginManager: Mounting plugin SteamVR
LogPluginManager: Mounting plugin WindowsMoviePlayer
LogInit: Using libcurl 7.47.1
LogInit:  - built for x86_64-pc-win32
LogInit:  - supports SSL with OpenSSL/1.0.2g
LogInit:  - supports HTTP deflate (compression) using libz 1.2.8
LogInit:  - other features:
LogInit:      CURL_VERSION_SSL
LogInit:      CURL_VERSION_LIBZ
LogInit:      CURL_VERSION_IPV6
LogInit:      CURL_VERSION_ASYNCHDNS
LogInit:      CURL_VERSION_LARGEFILE
LogInit:      CURL_VERSION_IDN
LogInit:  CurlRequestOptions (configurable via config and command line):
LogInit:  - bVerifyPeer = false  - Libcurl will NOT verify peer certificate
LogInit:  - bUseHttpProxy = false  - Libcurl will NOT use HTTP proxy
LogInit:  - bDontReuseConnections = false  - Libcurl will reuse connections
LogInit:  - CertBundlePath = nullptr  - Libcurl will use whatever was configured at build time.
LogInit: Build: ++UE4+Release-4.17-CL-3586342
LogInit: Engine Version: 4.17.1-3586342+++UE4+Release-4.17
LogInit: Compatible Engine Version: 4.17.0-3573198+++UE4+Release-4.17
LogInit: Net CL: 3573198
LogDevObjectVersion: Number of dev versions registered: 16
LogDevObjectVersion:   Dev-Blueprints (B0D832E4-1F89-4F0D-ACCF-7EB736FD4AA2): 10
LogDevObjectVersion:   Dev-Build (E1C64328-A22C-4D53-A36C-8E866417BD8C): 0
LogDevObjectVersion:   Dev-Core (375EC13C-06E4-48FB-B500-84F0262A717E): 2
LogDevObjectVersion:   Dev-Editor (E4B068ED-F494-42E9-A231-DA0B2E46BB41): 20
LogDevObjectVersion:   Dev-Framework (CFFC743F-43B0-4480-9391-14DF171D2073): 28
LogDevObjectVersion:   Dev-Mobile (B02B49B5-BB20-44E9-A304-32B752E40360): 0
LogDevObjectVersion:   Dev-Networking (A4E4105C-59A1-49B5-A7C5-40C4547EDFEE): 0
LogDevObjectVersion:   Dev-Online (39C831C9-5AE6-47DC-9A44-9C173E1C8E7C): 0
LogDevObjectVersion:   Dev-Physics (78F01B33-EBEA-4F98-B9B4-84EACCB95AA2): 0
LogDevObjectVersion:   Dev-Platform (6631380F-2D4D-43E0-8009-CF276956A95A): 0
LogDevObjectVersion:   Dev-Rendering (12F88B9F-8875-4AFC-A67C-D90C383ABD29): 19
LogDevObjectVersion:   Dev-Sequencer (7B5AE74C-D270-4C10-A958-57980B212A5A): 4
LogDevObjectVersion:   Dev-VR (D7296918-1DD6-4BDD-9DE2-64A83CC13884): 0
LogDevObjectVersion:   Dev-LoadTimes (C2A15278-BFE7-4AFE-6C17-90FF531DF755): 1
LogDevObjectVersion:   Private-Geometry (6EACA3D4-40EC-4CC1-B786-8BED09428FC5): 1
LogDevObjectVersion:   Dev-AnimPhys (29E575DD-E0A3-4627-9D10-D276232CDCEA): 7
LogInit: Compiled (64-bit): Aug 15 2017 02:05:26
LogInit: Compiled with Visual C++: 19.00.24215.01
LogInit: Build Configuration: Development
LogInit: Branch Name: ++UE4+Release-4.17
LogInit: Command line:  
LogInit: Base directory: D:/1.6.2/New folder/UE_4.17/Engine/Binaries/Win64/
LogInit: Installed Engine Build: 1
LogInit: Presizing for max 8388607 objects, including 0 objects not considered by GC, pre-allocating 0 bytes for permanent pool.
LogInit: Object subsystem initialized
[2017.09.17-12.28.22:725][  0]LogInit: Selected Device Profile: [Windows]
[2017.09.17-12.28.22:725][  0]LogInit: Applying CVar settings loaded from the selected device profile: [Windows]
[2017.09.17-12.28.22:823][  0]LogInit: Computer: DESKTOP-440KPT7
[2017.09.17-12.28.22:823][  0]LogInit: User: A
[2017.09.17-12.28.22:823][  0]LogInit: CPU Page size=4096, Cores=4
[2017.09.17-12.28.22:823][  0]LogInit: High frequency timer resolution =2.648439 MHz
[2017.09.17-12.28.22:823][  0]LogMemory: Memory total: Physical=31.9GB (32GB approx)
[2017.09.17-12.28.22:831][  0]LogMemory: Platform Memory Stats for Windows
[2017.09.17-12.28.22:831][  0]LogMemory: Process Physical Memory: 279.55 MB used, 279.55 MB peak
[2017.09.17-12.28.22:831][  0]LogMemory: Process Virtual Memory: 286.32 MB used, 286.32 MB peak
[2017.09.17-12.28.22:831][  0]LogMemory: Physical Memory: 8582.17 MB used,  24121.57 MB free, 32703.74 MB total
[2017.09.17-12.28.22:831][  0]LogMemory: Virtual Memory: 681.05 MB used,  24121.57 MB free, 134217728.00 MB total
[2017.09.17-12.28.24:095][  0]LogInit: Using OS detected language (en-US).
[2017.09.17-12.28.24:095][  0]LogInit: Using OS detected locale (en-US).
[2017.09.17-12.28.24:196][  0]LogTextLocalizationManager: No specific localization for 'en-US' exists, so the 'en' localization will be used.
[2017.09.17-12.28.27:812][  0]LogD3D11RHI: D3D11 adapters:
[2017.09.17-12.28.28:354][  0]LogD3D11RHI:    0. 'NVIDIA GeForce GTX 1070' (Feature Level 11_0)
[2017.09.17-12.28.28:354][  0]LogD3D11RHI:       8078/0/16351 MB DedicatedVideo/DedicatedSystem/SharedSystem, Outputs:1, VendorId:0x10de
[2017.09.17-12.28.28:355][  0]LogD3D11RHI:    1. 'Microsoft Basic Render Driver' (Feature Level 11_0)
[2017.09.17-12.28.28:355][  0]LogD3D11RHI:       0/0/16351 MB DedicatedVideo/DedicatedSystem/SharedSystem, Outputs:0, VendorId:0x1414
[2017.09.17-12.28.28:355][  0]LogD3D11RHI: Chosen D3D11 Adapter: 0
[2017.09.17-12.28.28:439][  0]LogD3D11RHI: Creating new Direct3DDevice
[2017.09.17-12.28.28:439][  0]LogD3D11RHI:     GPU DeviceId: 0x1be1 (for the marketing name, search the web for "GPU Device Id")
[2017.09.17-12.28.28:439][  0]LogWindows: EnumDisplayDevices:
[2017.09.17-12.28.28:439][  0]LogWindows:    0. 'NVIDIA GeForce GTX 1070' (P:1 D:1)
[2017.09.17-12.28.28:440][  0]LogWindows:    1. 'NVIDIA GeForce GTX 1070' (P:0 D:0)
[2017.09.17-12.28.28:440][  0]LogWindows:    2. 'NVIDIA GeForce GTX 1070' (P:0 D:0)
[2017.09.17-12.28.28:440][  0]LogWindows:    3. 'NVIDIA GeForce GTX 1070' (P:0 D:0)
[2017.09.17-12.28.28:440][  0]LogWindows: DebugString: FoundDriverCount:4 
[2017.09.17-12.28.28:440][  0]LogD3D11RHI:     Adapter Name: NVIDIA GeForce GTX 1070
[2017.09.17-12.28.28:440][  0]LogD3D11RHI:   Driver Version: 384.94 (internal:22.21.13.8494, unified:384.94)
[2017.09.17-12.28.28:440][  0]LogD3D11RHI:      Driver Date: 7-18-2017
[2017.09.17-12.28.28:440][  0]LogRHI: Texture pool is 1361 MB (70% of 1945 MB)
[2017.09.17-12.28.28:952][  0]LogD3D11RHI: Async texture creation enabled
[2017.09.17-12.28.29:409][  0]LogD3D11RHI: GPU Timing Frequency: 1000.000000 (Debug: 2 1)
[2017.09.17-12.28.29:526][  0]LogShaderCompilers: Guid format shader working directory is 10 characters bigger than the processId version (../../../../../../Repo/AGS/MCMigrate/Intermediate/Shaders/WorkingDirectory/1504/).
[2017.09.17-12.28.29:526][  0]LogShaderCompilers: Cleaned the shader compiler working directory 'C:/Users/Aleks/AppData/Local/Temp/UnrealShaderWorkingDir/EE210F914CB734E709ADBCB09B7101C9/'.
[2017.09.17-12.28.29:534][  0]LogShaderCompilers: Display: Using Local Shader Compiler.
[2017.09.17-12.28.32:958][  0]LogTemp: Display: Loaded TP AllDesktopTargetPlatform
[2017.09.17-12.28.32:990][  0]LogTemp: Display: Loaded TP MacClientTargetPlatform
[2017.09.17-12.28.33:021][  0]LogTemp: Display: Loaded TP MacNoEditorTargetPlatform
[2017.09.17-12.28.33:059][  0]LogTemp: Display: Loaded TP MacServerTargetPlatform
[2017.09.17-12.28.33:111][  0]LogTemp: Display: Loaded TP MacTargetPlatform
[2017.09.17-12.28.33:156][  0]LogTemp: Display: Loaded TP WindowsClientTargetPlatform
[2017.09.17-12.28.33:188][  0]LogTemp: Display: Loaded TP WindowsNoEditorTargetPlatform
[2017.09.17-12.28.33:228][  0]LogTemp: Display: Loaded TP WindowsServerTargetPlatform
[2017.09.17-12.28.33:259][  0]LogTemp: Display: Loaded TP WindowsTargetPlatform
[2017.09.17-12.28.33:312][  0]LogTemp: Display: Loaded TP AndroidTargetPlatform
[2017.09.17-12.28.33:349][  0]LogTemp: Display: Loaded TP Android_ASTCTargetPlatform
[2017.09.17-12.28.33:382][  0]LogTemp: Display: Loaded TP Android_ATCTargetPlatform
[2017.09.17-12.28.33:416][  0]LogTemp: Display: Loaded TP Android_DXTTargetPlatform
[2017.09.17-12.28.33:451][  0]LogTemp: Display: Loaded TP Android_ETC1TargetPlatform
[2017.09.17-12.28.33:489][  0]LogTemp: Display: Loaded TP Android_ETC2TargetPlatform
[2017.09.17-12.28.33:563][  0]LogTemp: Display: Loaded TP Android_MultiTargetPlatform
[2017.09.17-12.28.33:563][  0]LogTemp: Display: Loaded TP Android_PVRTCTargetPlatform
[2017.09.17-12.28.33:587][  0]LogTemp: Display: Loaded TP HTML5TargetPlatform
[2017.09.17-12.28.33:723][  0]LogTemp: Display: Loaded TP IOSTargetPlatform
[2017.09.17-12.28.33:759][  0]LogTemp: Display: Loaded TP TVOSTargetPlatform
[2017.09.17-12.28.33:792][  0]LogTemp: Display: Loaded TP LinuxClientTargetPlatform
[2017.09.17-12.28.33:833][  0]LogTemp: Display: Loaded TP LinuxNoEditorTargetPlatform
[2017.09.17-12.28.33:866][  0]LogTemp: Display: Loaded TP LinuxServerTargetPlatform
[2017.09.17-12.28.33:915][  0]LogTemp: Display: Loaded TP LinuxTargetPlatform
[2017.09.17-12.28.33:915][  0]LogTargetPlatformManager: Display: Building Assets For Windows
[2017.09.17-12.28.35:133][  0]LogDerivedDataCache: Display: Max Cache Size: 512 MB
[2017.09.17-12.28.35:465][  0]LogDerivedDataCache: Loaded boot cache 0.33s 93MB C:/Users/Aleks/AppData/Local/UnrealEngine/4.17/DerivedDataCache/Boot.ddc.
[2017.09.17-12.28.35:465][  0]LogDerivedDataCache: Display: Loaded Boot cache: C:/Users/Aleks/AppData/Local/UnrealEngine/4.17/DerivedDataCache/Boot.ddc
[2017.09.17-12.28.35:465][  0]LogDerivedDataCache: FDerivedDataBackendGraph:  Pak pak cache file ../../../../../../Repo/AGS/MCMigrate/DerivedDataCache/DDC.ddp not found, will not use a pak cache.
[2017.09.17-12.28.35:465][  0]LogDerivedDataCache: Unable to find inner node Pak for hierarchical cache Hierarchy.
[2017.09.17-12.28.35:465][  0]LogDerivedDataCache: FDerivedDataBackendGraph:  CompressedPak pak cache file ../../../../../../Repo/AGS/MCMigrate/DerivedDataCache/Compressed.ddp not found, will not use a pak cache.
[2017.09.17-12.28.35:465][  0]LogDerivedDataCache: Unable to find inner node CompressedPak for hierarchical cache Hierarchy.
[2017.09.17-12.28.35:524][  0]LogDerivedDataCache: Display: Pak cache opened for reading ../../../Engine/DerivedDataCache/Compressed.ddp.
[2017.09.17-12.28.35:535][  0]LogDerivedDataCache: Using Local data cache path C:/Users/Aleks/AppData/Local/UnrealEngine/Common/DerivedDataCache: Writable
[2017.09.17-12.28.35:581][  0]LogMaterial: Verifying Global Shaders for PCD3D_SM5
[2017.09.17-12.28.35:646][  0]LogSlate: Using Freetype 2.6.0
[2017.09.17-12.28.35:721][  0]LogSlate: SlateFontCache - WITH_FREETYPE: 1, WITH_HARFBUZZ: 1
[2017.09.17-12.28.35:732][  0]LogSlate: SlateFontCache - WITH_FREETYPE: 1, WITH_HARFBUZZ: 1
[2017.09.17-12.28.45:292][  0]LogAssetRegistry: FAssetRegistry took 0.0511 seconds to start up
[2017.09.17-12.28.46:542][  0]LogInit: Selected Device Profile: [Windows]
[2017.09.17-12.28.48:577][  0]LogContentStreaming: Texture pool size is 0.00 MB
[2017.09.17-12.28.49:286][  0]LogSimplygon: Simplygon DLL not present - disabling.
[2017.09.17-12.28.49:330][  0]LogMeshReduction: Using SimplygonSwarm for distributed automatic mesh merging
[2017.09.17-12.28.49:351][  0]LogMeshReduction: Using QuadricMeshReduction for automatic static mesh reduction
[2017.09.17-12.28.49:351][  0]LogMeshReduction: No automatic skeletal mesh reduction module available
[2017.09.17-12.28.49:351][  0]LogMeshReduction: No automatic mesh merging module available
[2017.09.17-12.28.49:351][  0]LogMeshMerging: No automatic mesh merging module available
[2017.09.17-12.28.51:986][  0]LogNetVersion: MCMigrate , NetCL: 3573198, EngineNetVer: 2, GameNetVer: 0 (Checksum: 2332261947)
[2017.09.17-12.28.53:192][  0]LogPackageLocalizationCache: Processed 5 localized package path(s) for 2 prioritized culture(s) in 0.102272 seconds
[2017.09.17-12.28.53:205][  0]LogUObjectArray: 35825 objects as part of root set at end of initial load.
[2017.09.17-12.28.53:205][  0]LogUObjectAllocator: 7529112 out of 0 bytes used by permanent object pool.
[2017.09.17-12.28.53:205][  0]LogUObjectArray: CloseDisregardForGC: 0/0 objects in disregard for GC pool
[2017.09.17-12.28.53:244][  0]LogInit: WinSock: version 1.1 (2.2), MaxSocks=32767, MaxUdp=65467
[2017.09.17-12.29.02:385][  0]LogTcpMessaging: Initializing TcpMessaging bridge
[2017.09.17-12.29.02:433][  0]LogUdpMessaging: Initializing bridge on interface 0.0.0.0:0 to multicast group 230.0.0.1:6666.
[2017.09.17-12.29.02:434][  0]FUdpSocketBuilder: Failed to subscribe UdpMessageMulticastSocket to multicast group 230.0.0.1
[2017.09.17-12.29.02:434][  0]FUdpSocketBuilder: Failed to create and initialize socket UdpMessageMulticastSocket (last error: 0)
[2017.09.17-12.29.02:434][  0]LogUdpMessaging: Warning: StartTransport failed to create multicast socket on 0.0.0.0:0, joined to 230.0.0.1:6666 with TTL 1
[2017.09.17-12.29.03:545][  0]LogMaterial: Uniform references updated for custom material expression Custom.
[2017.09.17-12.29.04:239][  0]SourceControl: Source control is disabled
[2017.09.17-12.29.04:239][  0]SourceControl: Source control is disabled
[2017.09.17-12.29.04:320][  0]SourceControl: Source control is disabled
[2017.09.17-12.29.04:360][  0]SourceControl: Source control is disabled
[2017.09.17-12.29.05:209][  0]LogAndroidPermission: UAndroidPermissionCallbackProxy::GetInstance
[2017.09.17-12.29.05:362][  0]LogOcInput: OculusInput pre-init called
[2017.09.17-12.29.05:964][  0]LogEngine: Initializing Engine...
[2017.09.17-12.29.05:996][  0]LogHMD: Failed to initialize OpenVR with code 110
[2017.09.17-12.29.06:747][  0]LogStats: UGameplayTagsManager::ConstructGameplayTagTree: Construct from data asset -  0.000 s
[2017.09.17-12.29.06:747][  0]LogStats: UGameplayTagsManager::ConstructGameplayTagTree: GameplayTagTreeChangedEvent.Broadcast -  0.000 s
[2017.09.17-12.29.07:196][  0]LogAIModule: Creating AISystem for world Untitled
[2017.09.17-12.29.07:287][  0]LogInit: XAudio2 using 'Speakers (Realtek High Definition Audio)' : 6 channels at 48 kHz using 32 bits per sample (channel mask 0x3f)
[2017.09.17-12.29.07:321][  0]LogInit: FAudioDevice initialized.
[2017.09.17-12.29.07:386][  0]LogDerivedDataCache: Saved boot cache 0.06s 93MB C:/Users/Aleks/AppData/Local/UnrealEngine/4.17/DerivedDataCache/Boot.ddc.
[2017.09.17-12.29.07:418][  0]LogInit: Texture streaming: Enabled
[2017.09.17-12.29.07:553][  0]LogEngineSessionManager: EngineSessionManager initialized
[2017.09.17-12.29.07:986][  0]LogInit: Transaction tracking system initialized
[2017.09.17-12.29.08:517][  0]BlueprintLog: New page: Editor Load
[2017.09.17-12.29.09:858][  0]LocalizationService: Localization service is disabled
[2017.09.17-12.29.10:826][  0]LogConsoleResponse: Display: 
[2017.09.17-12.29.12:939][  0]LogFileCache: Scanning file cache for directory 'D:/Repo/AGS/MCMigrate/Content/' took 0.02s
[2017.09.17-12.29.12:939][  0]LogCook: Display: Max memory allowance for cook 16384mb min free memory 0mb
[2017.09.17-12.29.12:939][  0]LogCook: Display: Mobile HDR setting 1
[2017.09.17-12.29.12:996][  0]LogGameplayTags: Display: UGameplayTagsManager::DoneAddingNativeTags. DelegateIsBound: 0
[2017.09.17-12.29.14:581][  0]SourceControl: Source control is disabled
[2017.09.17-12.29.14:666][  0]Cmd: MAP LOAD FILE="../../../../../../Repo/AGS/MCMigrate/Content/ThirdPersonBP/Maps/ThirdPersonExampleMap.umap" TEMPLATE=0 SHOWPROGRESS=1 FEATURELEVEL=3
[2017.09.17-12.29.14:685][  0]LightingResults: New page: Lighting Build
[2017.09.17-12.29.14:802][  0]MapCheck: New page: Map Check
[2017.09.17-12.29.14:802][  0]LightingResults: New page: Lighting Build
[2017.09.17-12.29.16:980][  0]LogBlueprint: Warning: [MCMigration] 'TPSpringArm' variable not found. Base class was probably changed.
[2017.09.17-12.29.16:981][  0]LogBlueprint: Warning: [MCMigration] 'TPSpringArm' variable not found. Base class was probably changed.
[2017.09.17-12.29.16:984][  0]LogBlueprint: Warning: [MCMigration] 'TPSpringArm' variable not found. Base class was probably changed.
[2017.09.17-12.29.18:999][  0]LogAIModule: Creating AISystem for world ThirdPersonExampleMap
[2017.09.17-12.29.19:581][  0]LogEditorServer: Finished looking for orphan Actors (0.000 secs)
[2017.09.17-12.29.19:667][  0]Cmd: MAP CHECKDEP NOCLEARLOG
[2017.09.17-12.29.19:702][  0]MapCheck: Map check complete: 0 Error(s), 0 Warning(s), took 35.053ms to complete.
[2017.09.17-12.29.19:702][  0]LogFileHelpers: Loading map 'ThirdPersonExampleMap' took 5.069
[2017.09.17-12.29.21:125][  0]LogCollectionManager: Loaded 0 collections in 0.001038 seconds
[2017.09.17-12.29.21:262][  0]LogFileCache: Scanning file cache for directory 'D:/Repo/AGS/MCMigrate/Saved/Collections/' took 0.01s
[2017.09.17-12.29.21:262][  0]LogFileCache: Scanning file cache for directory 'D:/Repo/AGS/MCMigrate/Content/Developers/A/Collections/' took 0.01s
[2017.09.17-12.29.21:262][  0]LogFileCache: Scanning file cache for directory 'D:/Repo/AGS/MCMigrate/Content/Collections/' took 0.01s
[2017.09.17-12.29.21:262][  0]LogCollectionManager: Rebuilt the GUID cache for 0 collections in 0.000001 seconds
[2017.09.17-12.29.21:288][  0]LogContentBrowser: Native class hierarchy populated in 0.0248 seconds. Added 2386 classes and 500 folders.
[2017.09.17-12.29.21:400][  0]LogContentBrowser: Native class hierarchy updated for 'WidgetCarousel' in 0.0007 seconds. Added 0 classes and 0 folders.
[2017.09.17-12.29.22:022][  0]LogContentBrowser: Native class hierarchy updated for 'AddContentDialog' in 0.0005 seconds. Added 0 classes and 0 folders.
[2017.09.17-12.29.22:094][  0]LogContentBrowser: Native class hierarchy updated for 'SceneOutliner' in 0.0006 seconds. Added 1 classes and 2 folders.
[2017.09.17-12.29.22:998][  0]LogSlate: Took 0.019069 seconds to synchronously load lazily loaded font '../../../Engine/Content/Slate/Fonts/Roboto-Regular.ttf' (155K)
[2017.09.17-12.29.23:007][  0]LogSlate: Took 0.003652 seconds to synchronously load lazily loaded font '../../../Engine/Content/Slate/Fonts/Roboto-Bold.ttf' (160K)
[2017.09.17-12.29.23:089][  0]LogSlate: Took 0.015454 seconds to synchronously load lazily loaded font '../../../Engine/Content/Editor/Slate/Fonts/FontAwesome.ttf' (139K)
[2017.09.17-12.29.23:476][  0]LogRenderer: Reallocating scene render targets to support 1168x640 Format 10 NumSamples 1 (Frame:1).
[2017.09.17-12.29.23:775][  0]LogSlate: Took 0.017188 seconds to synchronously load lazily loaded font '../../../Engine/Content/Slate/Fonts/Roboto-Light.ttf' (159K)
[2017.09.17-12.29.23:960][  0]LogContentBrowser: Native class hierarchy updated for 'HierarchicalLODOutliner' in 0.0006 seconds. Added 1 classes and 2 folders.
[2017.09.17-12.29.23:960][  0]LogLoad: (Engine Initialization) Total time: 67.62 seconds
[2017.09.17-12.29.23:960][  0]LogLoad: (Engine Initialization) Total Blueprint compile time: 0.00 seconds
[2017.09.17-12.29.23:969][  0]LogExternalProfiler: Found external profiler: VSPerf
[2017.09.17-12.29.23:969][  0]LogExternalProfiler: Using external profiler: VSPerf
[2017.09.17-12.29.24:506][  0]LogContentStreaming: Texture pool size now 3000 MB
[2017.09.17-12.29.24:991][  2]LogAssetRegistry: Asset discovery search completed in 39.7443 seconds
[2017.09.17-12.29.24:993][  2]LogCollectionManager: Rebuilt the object cache for 0 collections in 0.000000 seconds (found 0 objects)
[2017.09.17-12.29.24:993][  2]LogCollectionManager: Fixed up redirectors for 0 collections in 0.000051 seconds (updated 0 objects)
[2017.09.17-12.29.30:818][137]LogTemp: Repeating last play command: Selected Viewport
[2017.09.17-12.29.30:919][137]LogBlueprintUserMessages: Early PlayInEditor Detection: Level '/Game/ThirdPersonBP/Maps/ThirdPersonExampleMap.ThirdPersonExampleMap:PersistentLevel' has LevelScriptBlueprint '/Game/ThirdPersonBP/Maps/ThirdPersonExampleMap.ThirdPersonExampleMap:PersistentLevel.ThirdPersonExampleMap' with GeneratedClass '/Game/ThirdPersonBP/Maps/ThirdPersonExampleMap.ThirdPersonExampleMap_C' with ClassGeneratedBy '/Game/ThirdPersonBP/Maps/ThirdPersonExampleMap.ThirdPersonExampleMap:PersistentLevel.ThirdPersonExampleMap'
[2017.09.17-12.29.30:919][137]LogPlayLevel: PlayLevel: No blueprints needed recompiling
[2017.09.17-12.29.30:953][137]PIE: New page: PIE session: ThirdPersonExampleMap (Sep 17, 2017, 8:29:30 PM)
[2017.09.17-12.29.30:953][137]LogPlayLevel: Creating play world package: /Game/ThirdPersonBP/Maps/UEDPIE_0_ThirdPersonExampleMap
[2017.09.17-12.29.30:995][137]LogPlayLevel: PIE: StaticDuplicateObject took: (0.041406s)
[2017.09.17-12.29.30:995][137]LogAIModule: Creating AISystem for world ThirdPersonExampleMap
[2017.09.17-12.29.30:995][137]LogPlayLevel: PIE: World Init took: (0.000621s)
[2017.09.17-12.29.30:996][137]LogPlayLevel: PIE: Created PIE world by copying editor world from /Game/ThirdPersonBP/Maps/ThirdPersonExampleMap.ThirdPersonExampleMap to /Game/ThirdPersonBP/Maps/UEDPIE_0_ThirdPersonExampleMap.ThirdPersonExampleMap (0.042284s)
[2017.09.17-12.29.31:009][137]LogInit: XAudio2 using 'Speakers (Realtek High Definition Audio)' : 6 channels at 48 kHz using 32 bits per sample (channel mask 0x3f)
[2017.09.17-12.29.31:041][137]LogInit: FAudioDevice initialized.
[2017.09.17-12.29.31:194][137]LogLoad: Game class is 'ThirdPersonGameMode_C'
[2017.09.17-12.29.31:241][137]LogWorld: Bringing World /Game/ThirdPersonBP/Maps/UEDPIE_0_ThirdPersonExampleMap.ThirdPersonExampleMap up for play (max tick rate 60) at 2017.09.17-16.29.31
[2017.09.17-12.29.31:313][137]LogWorld: Bringing up level for play took: 0.088012
[2017.09.17-12.29.31:387][137]LogContentBrowser: Native class hierarchy updated for 'MovieSceneCapture' in 0.0006 seconds. Added 11 classes and 0 folders.
[2017.09.17-12.29.31:411][137]LogBlueprintUserMessages: [s] LoadedGame
[2017.09.17-12.29.31:416][137]PIE: Play in editor start time for /Game/ThirdPersonBP/Maps/UEDPIE_0_ThirdPersonExampleMap 0.936
[2017.09.17-12.29.31:420][137]LogBlueprintUserMessages: Late PlayInEditor Detection: Level '/Game/ThirdPersonBP/Maps/ThirdPersonExampleMap.ThirdPersonExampleMap:PersistentLevel' has LevelScriptBlueprint '/Game/ThirdPersonBP/Maps/ThirdPersonExampleMap.ThirdPersonExampleMap:PersistentLevel.ThirdPersonExampleMap' with GeneratedClass '/Game/ThirdPersonBP/Maps/ThirdPersonExampleMap.ThirdPersonExampleMap_C' with ClassGeneratedBy '/Game/ThirdPersonBP/Maps/ThirdPersonExampleMap.ThirdPersonExampleMap:PersistentLevel.ThirdPersonExampleMap'
[2017.09.17-12.29.32:005][168]LogBlueprintUserMessages: [s] 0
[2017.09.17-12.29.32:574][202]LogBlueprintUserMessages: [s] 0
[2017.09.17-12.29.33:190][239]LogBlueprintUserMessages: [s] 0
[2017.09.17-12.29.33:440][254]LogBlueprintUserMessages: [s] 0
[2017.09.17-12.29.35:658][387]LogBlueprintUserMessages: Early EndPlayMap Detection: Level '/Game/ThirdPersonBP/Maps/ThirdPersonExampleMap.ThirdPersonExampleMap:PersistentLevel' has LevelScriptBlueprint '/Game/ThirdPersonBP/Maps/ThirdPersonExampleMap.ThirdPersonExampleMap:PersistentLevel.ThirdPersonExampleMap' with GeneratedClass '/Game/ThirdPersonBP/Maps/ThirdPersonExampleMap.ThirdPersonExampleMap_C' with ClassGeneratedBy '/Game/ThirdPersonBP/Maps/ThirdPersonExampleMap.ThirdPersonExampleMap:PersistentLevel.ThirdPersonExampleMap'
[2017.09.17-12.29.35:768][387]LogBlueprintUserMessages: Late EndPlayMap Detection: Level '/Game/ThirdPersonBP/Maps/ThirdPersonExampleMap.ThirdPersonExampleMap:PersistentLevel' has LevelScriptBlueprint '/Game/ThirdPersonBP/Maps/ThirdPersonExampleMap.ThirdPersonExampleMap:PersistentLevel.ThirdPersonExampleMap' with GeneratedClass '/Game/ThirdPersonBP/Maps/ThirdPersonExampleMap.ThirdPersonExampleMap_C' with ClassGeneratedBy '/Game/ThirdPersonBP/Maps/ThirdPersonExampleMap.ThirdPersonExampleMap:PersistentLevel.ThirdPersonExampleMap'
[2017.09.17-12.29.40:107][639]LogSlate: Took 0.000116 seconds to synchronously load lazily loaded font '../../../Engine/Content/Slate/Fonts/Roboto-Light.ttf' (159K)
[2017.09.17-12.29.40:585][639]LogSlate: Took 0.000143 seconds to synchronously load lazily loaded font '../../../Engine/Content/Slate/Fonts/Roboto-Regular.ttf' (155K)
[2017.09.17-12.29.40:805][639]LogContentBrowser: Native class hierarchy updated for 'BlueprintGraph' in 0.0008 seconds. Added 113 classes and 0 folders.
[2017.09.17-12.29.42:058][639]LogSlate: Took 0.009346 seconds to synchronously load lazily loaded font '../../../Engine/Content/Editor/Slate/Fonts/Roboto-BoldCondensed.ttf' (158K)
[2017.09.17-12.29.42:620][640]LogSlate: Took 0.020162 seconds to synchronously load lazily loaded font '../../../Engine/Content/Editor/Slate/Fonts/Roboto-Italic.ttf' (157K)
[2017.09.17-12.30.33:793][445]BlueprintLog: New page: Compile MCMigration
[2017.09.17-12.30.35:485][474]Cmd: OBJ SAVEPACKAGE PACKAGE="/Game/ThirdPersonBP/Blueprints/MCMigration" FILE="../../../../../../Repo/AGS/MCMigrate/Content/ThirdPersonBP/Blueprints/MCMigration.uasset" SILENT=true
[2017.09.17-12.30.36:592][474]LogSavePackage: Save=1094.88ms
[2017.09.17-12.30.36:592][474]LogSavePackage: Moving '../../../../../../Repo/AGS/MCMigrate/Saved/MCMigration91F6506F4E764F64EA7DE8A5585B10A7.tmp' to '../../../../../../Repo/AGS/MCMigrate/Content/ThirdPersonBP/Blueprints/MCMigration.uasset'
[2017.09.17-12.30.36:594][474]LogSavePackage: Display: Finished SavePackage ../../../../../../Repo/AGS/MCMigrate/Content/ThirdPersonBP/Blueprints/MCMigration.uasset
[2017.09.17-12.30.39:684][647]LogTemp: Repeating last play command: Selected Viewport
[2017.09.17-12.30.39:716][647]LogBlueprintUserMessages: Early PlayInEditor Detection: Level '/Game/ThirdPersonBP/Maps/ThirdPersonExampleMap.ThirdPersonExampleMap:PersistentLevel' has LevelScriptBlueprint '/Game/ThirdPersonBP/Maps/ThirdPersonExampleMap.ThirdPersonExampleMap:PersistentLevel.ThirdPersonExampleMap' with GeneratedClass '/Game/ThirdPersonBP/Maps/ThirdPersonExampleMap.ThirdPersonExampleMap_C' with ClassGeneratedBy '/Game/ThirdPersonBP/Maps/ThirdPersonExampleMap.ThirdPersonExampleMap:PersistentLevel.ThirdPersonExampleMap'
[2017.09.17-12.30.39:716][647]LogPlayLevel: PlayLevel: No blueprints needed recompiling
[2017.09.17-12.30.39:717][647]PIE: New page: PIE session: ThirdPersonExampleMap (Sep 17, 2017, 8:30:39 PM)
[2017.09.17-12.30.39:717][647]LogPlayLevel: Creating play world package: /Game/ThirdPersonBP/Maps/UEDPIE_0_ThirdPersonExampleMap
[2017.09.17-12.30.39:733][647]LogPlayLevel: PIE: StaticDuplicateObject took: (0.016249s)
[2017.09.17-12.30.39:733][647]LogAIModule: Creating AISystem for world ThirdPersonExampleMap
[2017.09.17-12.30.39:734][647]LogPlayLevel: PIE: World Init took: (0.000697s)
[2017.09.17-12.30.39:734][647]LogPlayLevel: PIE: Created PIE world by copying editor world from /Game/ThirdPersonBP/Maps/ThirdPersonExampleMap.ThirdPersonExampleMap to /Game/ThirdPersonBP/Maps/UEDPIE_0_ThirdPersonExampleMap.ThirdPersonExampleMap (0.017237s)
[2017.09.17-12.30.39:797][647]LogInit: XAudio2 using 'Speakers (Realtek High Definition Audio)' : 6 channels at 48 kHz using 32 bits per sample (channel mask 0x3f)
[2017.09.17-12.30.39:829][647]LogInit: FAudioDevice initialized.
[2017.09.17-12.30.39:858][647]LogLoad: Game class is 'ThirdPersonGameMode_C'
[2017.09.17-12.30.39:862][647]LogWorld: Bringing World /Game/ThirdPersonBP/Maps/UEDPIE_0_ThirdPersonExampleMap.ThirdPersonExampleMap up for play (max tick rate 60) at 2017.09.17-16.30.39
[2017.09.17-12.30.39:862][647]LogWorld: Bringing up level for play took: 0.003225
[2017.09.17-12.30.39:864][647]LogBlueprintUserMessages: [s] LoadedGame
[2017.09.17-12.30.39:865][647]PIE: Play in editor start time for /Game/ThirdPersonBP/Maps/UEDPIE_0_ThirdPersonExampleMap -0.615
[2017.09.17-12.30.39:865][647]LogBlueprintUserMessages: Late PlayInEditor Detection: Level '/Game/ThirdPersonBP/Maps/ThirdPersonExampleMap.ThirdPersonExampleMap:PersistentLevel' has LevelScriptBlueprint '/Game/ThirdPersonBP/Maps/ThirdPersonExampleMap.ThirdPersonExampleMap:PersistentLevel.ThirdPersonExampleMap' with GeneratedClass '/Game/ThirdPersonBP/Maps/ThirdPersonExampleMap.ThirdPersonExampleMap_C' with ClassGeneratedBy '/Game/ThirdPersonBP/Maps/ThirdPersonExampleMap.ThirdPersonExampleMap:PersistentLevel.ThirdPersonExampleMap'
[2017.09.17-12.30.40:008][654]LogBlueprintUserMessages: [s] 0
[2017.09.17-12.30.40:308][672]LogBlueprintUserMessages: [s] 0
[2017.09.17-12.30.40:659][693]LogBlueprintUserMessages: [s] 0
[2017.09.17-12.30.40:908][708]LogBlueprintUserMessages: [s] 0
[2017.09.17-12.30.41:108][720]LogBlueprintUserMessages: [s] 0
[2017.09.17-12.30.41:358][735]LogBlueprintUserMessages: [s] 0
[2017.09.17-12.30.41:625][751]LogBlueprintUserMessages: [s] 0
[2017.09.17-12.30.41:908][768]LogBlueprintUserMessages: [s] 0
[2017.09.17-12.30.42:125][781]LogBlueprintUserMessages: [s] 0
[2017.09.17-12.31.03:295][ 42]LogBlueprintUserMessages: Early EndPlayMap Detection: Level '/Game/ThirdPersonBP/Maps/ThirdPersonExampleMap.ThirdPersonExampleMap:PersistentLevel' has LevelScriptBlueprint '/Game/ThirdPersonBP/Maps/ThirdPersonExampleMap.ThirdPersonExampleMap:PersistentLevel.ThirdPersonExampleMap' with GeneratedClass '/Game/ThirdPersonBP/Maps/ThirdPersonExampleMap.ThirdPersonExampleMap_C' with ClassGeneratedBy '/Game/ThirdPersonBP/Maps/ThirdPersonExampleMap.ThirdPersonExampleMap:PersistentLevel.ThirdPersonExampleMap'
[2017.09.17-12.31.03:329][ 42]LogBlueprintUserMessages: Late EndPlayMap Detection: Level '/Game/ThirdPersonBP/Maps/ThirdPersonExampleMap.ThirdPersonExampleMap:PersistentLevel' has LevelScriptBlueprint '/Game/ThirdPersonBP/Maps/ThirdPersonExampleMap.ThirdPersonExampleMap:PersistentLevel.ThirdPersonExampleMap' with GeneratedClass '/Game/ThirdPersonBP/Maps/ThirdPersonExampleMap.ThirdPersonExampleMap_C' with ClassGeneratedBy '/Game/ThirdPersonBP/Maps/ThirdPersonExampleMap.ThirdPersonExampleMap:PersistentLevel.ThirdPersonExampleMap'
[2017.09.17-12.31.07:480][279]LogSavePackage: Save=102.48ms
[2017.09.17-12.31.07:480][279]LogSavePackage: Moving '../../../../../../Repo/AGS/MCMigrate/Saved/ThirdPersonExampleMap418A31474139E914CEF2C5A574204554.tmp' to '../../../../../../Repo/AGS/MCMigrate/Content/ThirdPersonBP/Maps/ThirdPersonExampleMap.umap'
[2017.09.17-12.31.07:482][279]LogSavePackage: Display: Finished SavePackage ../../../../../../Repo/AGS/MCMigrate/Content/ThirdPersonBP/Maps/ThirdPersonExampleMap.umap
[2017.09.17-12.31.07:746][279]LogSavePackage: Save=184.04ms
[2017.09.17-12.31.07:746][279]LogSavePackage: Moving '../../../../../../Repo/AGS/MCMigrate/Saved/ThirdPersonExampleMap_BuiltDataC672295546810927EF3B03ACE1ECA1B4.tmp' to '../../../../../../Repo/AGS/MCMigrate/Content/ThirdPersonBP/Maps/ThirdPersonExampleMap_BuiltData.uasset'
[2017.09.17-12.31.07:747][279]LogSavePackage: Display: Finished SavePackage ../../../../../../Repo/AGS/MCMigrate/Content/ThirdPersonBP/Maps/ThirdPersonExampleMap_BuiltData.uasset
