Log file open, 09/03/17 13:03:27
LogWindows: LoadLibraryWithSearchPaths failed for file aqProf.dll. GetLastError=0
LogWindows: LoadLibraryWithSearchPaths failed for file VtuneApi.dll. GetLastError=0
LogWindows: LoadLibraryWithSearchPaths failed for file VtuneApi32e.dll. GetLastError=0
LogInit: Display: Running engine for game: MCMigrate
LogPlatformFile: Not using cached read wrapper
LogInit: Display: RandInit(-1948624077) SRandInit(-1948624077).
LogTaskGraph: Started task graph with 5 named threads and 14 total threads with 3 sets of task threads.
LogStats: Stats thread started at 3.718066
LogD3D11RHI: Aftermath initialized
LogPluginManager: Mounting plugin Paper2D
LogPluginManager: Mounting plugin LightPropagationVolume
LogPluginManager: Mounting plugin CodeLiteSourceCodeAccess
LogPluginManager: Mounting plugin GitSourceControl
LogPluginManager: Mounting plugin KDevelopSourceCodeAccess
LogPluginManager: Mounting plugin NullSourceCodeAccess
LogPluginManager: Mounting plugin PerforceSourceControl
LogPluginManager: Mounting plugin SubversionSourceControl
LogPluginManager: Mounting plugin UObjectPlugin
LogPluginManager: Mounting plugin VisualStudioSourceCodeAccess
LogPluginManager: Mounting plugin XCodeSourceCodeAccess
LogPluginManager: Mounting plugin AssetManagerEditor
LogPluginManager: Mounting plugin AudioCapture
LogPluginManager: Mounting plugin FacialAnimation
LogPluginManager: Mounting plugin GameplayTagsEditor
LogPluginManager: Mounting plugin MobileLauncherProfileWizard
LogPluginManager: Mounting plugin PluginBrowser
LogPluginManager: Mounting plugin SpeedTreeImporter
LogPluginManager: Mounting plugin AlembicImporter
LogPluginManager: Mounting plugin CharacterAI
LogPluginManager: Mounting plugin HTML5Networking
LogPluginManager: Mounting plugin AndroidMedia
LogPluginManager: Mounting plugin AvfMedia
LogPluginManager: Mounting plugin MediaPlayerEditor
LogPluginManager: Mounting plugin WmfMedia
LogPluginManager: Mounting plugin TcpMessaging
LogPluginManager: Mounting plugin UdpMessaging
LogPluginManager: Mounting plugin LevelSequenceEditor
LogPluginManager: Mounting plugin MatineeToLevelSequence
LogPluginManager: Mounting plugin OnlineSubsystemGooglePlay
LogPluginManager: Mounting plugin OnlineSubsystemIOS
LogPluginManager: Mounting plugin OnlineSubsystem
LogPluginManager: Mounting plugin OnlineSubsystemNull
LogPluginManager: Mounting plugin OnlineSubsystemUtils
LogPluginManager: Mounting plugin AndroidDeviceProfileSelector
LogPluginManager: Mounting plugin AndroidMoviePlayer
LogPluginManager: Mounting plugin AndroidPermission
LogPluginManager: Mounting plugin AppleMoviePlayer
LogPluginManager: Mounting plugin ArchVisCharacter
LogPluginManager: Mounting plugin CableComponent
LogPluginManager: Mounting plugin CustomMeshComponent
LogPluginManager: Mounting plugin ExampleDeviceProfileSelector
LogPluginManager: Mounting plugin GoogleCloudMessaging
LogPluginManager: Mounting plugin ImmediatePhysics
LogPluginManager: Mounting plugin IOSDeviceProfileSelector
LogPluginManager: Mounting plugin LinuxDeviceProfileSelector
LogPluginManager: Mounting plugin LocationServicesBPLibrary
LogPluginManager: Mounting plugin MobilePatchingUtils
LogPluginManager: Mounting plugin OculusVR
LogPluginManager: Mounting plugin PhysXVehicles
LogPluginManager: Mounting plugin ProceduralMeshComponent
LogPluginManager: Mounting plugin RuntimePhysXCooking
LogPluginManager: Mounting plugin SteamVR
LogPluginManager: Mounting plugin WindowsMoviePlayer
LogInit: Using libcurl 7.47.1
LogInit:  - built for x86_64-pc-win32
LogInit:  - supports SSL with OpenSSL/1.0.2g
LogInit:  - supports HTTP deflate (compression) using libz 1.2.8
LogInit:  - other features:
LogInit:      CURL_VERSION_SSL
LogInit:      CURL_VERSION_LIBZ
LogInit:      CURL_VERSION_IPV6
LogInit:      CURL_VERSION_ASYNCHDNS
LogInit:      CURL_VERSION_LARGEFILE
LogInit:      CURL_VERSION_IDN
LogInit:  CurlRequestOptions (configurable via config and command line):
LogInit:  - bVerifyPeer = false  - Libcurl will NOT verify peer certificate
LogInit:  - bUseHttpProxy = false  - Libcurl will NOT use HTTP proxy
LogInit:  - bDontReuseConnections = false  - Libcurl will reuse connections
LogInit:  - CertBundlePath = nullptr  - Libcurl will use whatever was configured at build time.
LogInit: Build: ++UE4+Release-4.17-CL-3586342
LogInit: Engine Version: 4.17.1-3586342+++UE4+Release-4.17
LogInit: Compatible Engine Version: 4.17.0-3573198+++UE4+Release-4.17
LogInit: Net CL: 3573198
LogDevObjectVersion: Number of dev versions registered: 16
LogDevObjectVersion:   Dev-Blueprints (B0D832E4-1F89-4F0D-ACCF-7EB736FD4AA2): 10
LogDevObjectVersion:   Dev-Build (E1C64328-A22C-4D53-A36C-8E866417BD8C): 0
LogDevObjectVersion:   Dev-Core (375EC13C-06E4-48FB-B500-84F0262A717E): 2
LogDevObjectVersion:   Dev-Editor (E4B068ED-F494-42E9-A231-DA0B2E46BB41): 20
LogDevObjectVersion:   Dev-Framework (CFFC743F-43B0-4480-9391-14DF171D2073): 28
LogDevObjectVersion:   Dev-Mobile (B02B49B5-BB20-44E9-A304-32B752E40360): 0
LogDevObjectVersion:   Dev-Networking (A4E4105C-59A1-49B5-A7C5-40C4547EDFEE): 0
LogDevObjectVersion:   Dev-Online (39C831C9-5AE6-47DC-9A44-9C173E1C8E7C): 0
LogDevObjectVersion:   Dev-Physics (78F01B33-EBEA-4F98-B9B4-84EACCB95AA2): 0
LogDevObjectVersion:   Dev-Platform (6631380F-2D4D-43E0-8009-CF276956A95A): 0
LogDevObjectVersion:   Dev-Rendering (12F88B9F-8875-4AFC-A67C-D90C383ABD29): 19
LogDevObjectVersion:   Dev-Sequencer (7B5AE74C-D270-4C10-A958-57980B212A5A): 4
LogDevObjectVersion:   Dev-VR (D7296918-1DD6-4BDD-9DE2-64A83CC13884): 0
LogDevObjectVersion:   Dev-LoadTimes (C2A15278-BFE7-4AFE-6C17-90FF531DF755): 1
LogDevObjectVersion:   Private-Geometry (6EACA3D4-40EC-4CC1-B786-8BED09428FC5): 1
LogDevObjectVersion:   Dev-AnimPhys (29E575DD-E0A3-4627-9D10-D276232CDCEA): 7
LogInit: Compiled (64-bit): Aug 15 2017 02:05:26
LogInit: Compiled with Visual C++: 19.00.24215.01
LogInit: Build Configuration: Development
LogInit: Branch Name: ++UE4+Release-4.17
LogInit: Command line:  
LogInit: Base directory: D:/1.6.2/New folder/UE_4.17/Engine/Binaries/Win64/
LogInit: Installed Engine Build: 1
LogInit: Presizing for max 8388607 objects, including 0 objects not considered by GC, pre-allocating 0 bytes for permanent pool.
LogInit: Object subsystem initialized
[2017.09.03-09.03.29:143][  0]LogInit: Selected Device Profile: [Windows]
[2017.09.03-09.03.29:143][  0]LogInit: Applying CVar settings loaded from the selected device profile: [Windows]
[2017.09.03-09.03.29:279][  0]LogInit: Computer: DESKTOP-440KPT7
[2017.09.03-09.03.29:279][  0]LogInit: User: A
[2017.09.03-09.03.29:279][  0]LogInit: CPU Page size=4096, Cores=4
[2017.09.03-09.03.29:279][  0]LogInit: High frequency timer resolution =2.648437 MHz
[2017.09.03-09.03.29:280][  0]LogMemory: Memory total: Physical=31.9GB (32GB approx)
[2017.09.03-09.03.29:280][  0]LogMemory: Platform Memory Stats for Windows
[2017.09.03-09.03.29:280][  0]LogMemory: Process Physical Memory: 279.11 MB used, 279.11 MB peak
[2017.09.03-09.03.29:280][  0]LogMemory: Process Virtual Memory: 286.17 MB used, 286.17 MB peak
[2017.09.03-09.03.29:280][  0]LogMemory: Physical Memory: 5896.93 MB used,  26806.81 MB free, 32703.74 MB total
[2017.09.03-09.03.29:280][  0]LogMemory: Virtual Memory: 681.05 MB used,  26806.81 MB free, 134217728.00 MB total
[2017.09.03-09.03.30:943][  0]LogInit: Using OS detected language (en-US).
[2017.09.03-09.03.30:943][  0]LogInit: Using OS detected locale (en-US).
[2017.09.03-09.03.31:173][  0]LogTextLocalizationManager: No specific localization for 'en-US' exists, so the 'en' localization will be used.
[2017.09.03-09.03.35:442][  0]LogD3D11RHI: D3D11 adapters:
[2017.09.03-09.03.36:099][  0]LogD3D11RHI:    0. 'NVIDIA GeForce GTX 1070' (Feature Level 11_0)
[2017.09.03-09.03.36:099][  0]LogD3D11RHI:       8078/0/16351 MB DedicatedVideo/DedicatedSystem/SharedSystem, Outputs:1, VendorId:0x10de
[2017.09.03-09.03.36:100][  0]LogD3D11RHI:    1. 'Microsoft Basic Render Driver' (Feature Level 11_0)
[2017.09.03-09.03.36:100][  0]LogD3D11RHI:       0/0/16351 MB DedicatedVideo/DedicatedSystem/SharedSystem, Outputs:0, VendorId:0x1414
[2017.09.03-09.03.36:100][  0]LogD3D11RHI: Chosen D3D11 Adapter: 0
[2017.09.03-09.03.36:185][  0]LogD3D11RHI: Creating new Direct3DDevice
[2017.09.03-09.03.36:185][  0]LogD3D11RHI:     GPU DeviceId: 0x1be1 (for the marketing name, search the web for "GPU Device Id")
[2017.09.03-09.03.36:185][  0]LogWindows: EnumDisplayDevices:
[2017.09.03-09.03.36:185][  0]LogWindows:    0. 'NVIDIA GeForce GTX 1070' (P:1 D:1)
[2017.09.03-09.03.36:185][  0]LogWindows:    1. 'NVIDIA GeForce GTX 1070' (P:0 D:0)
[2017.09.03-09.03.36:185][  0]LogWindows:    2. 'NVIDIA GeForce GTX 1070' (P:0 D:0)
[2017.09.03-09.03.36:186][  0]LogWindows:    3. 'NVIDIA GeForce GTX 1070' (P:0 D:0)
[2017.09.03-09.03.36:186][  0]LogWindows: DebugString: FoundDriverCount:4 
[2017.09.03-09.03.36:186][  0]LogD3D11RHI:     Adapter Name: NVIDIA GeForce GTX 1070
[2017.09.03-09.03.36:186][  0]LogD3D11RHI:   Driver Version: 384.94 (internal:22.21.13.8494, unified:384.94)
[2017.09.03-09.03.36:186][  0]LogD3D11RHI:      Driver Date: 7-18-2017
[2017.09.03-09.03.36:187][  0]LogRHI: Texture pool is 1361 MB (70% of 1945 MB)
[2017.09.03-09.03.36:984][  0]LogD3D11RHI: Async texture creation enabled
[2017.09.03-09.03.37:359][  0]LogD3D11RHI: GPU Timing Frequency: 1000.000000 (Debug: 2 1)
[2017.09.03-09.03.37:482][  0]LogShaderCompilers: Guid format shader working directory is 9 characters bigger than the processId version (../../../../../../Repo/AGS/MCMigrate/Intermediate/Shaders/WorkingDirectory/14080/).
[2017.09.03-09.03.37:482][  0]LogShaderCompilers: Cleaned the shader compiler working directory 'C:/Users/Aleks/AppData/Local/Temp/UnrealShaderWorkingDir/0ED4EC9241808D6657B2258590B4ECB1/'.
[2017.09.03-09.03.37:490][  0]LogShaderCompilers: Display: Using Local Shader Compiler.
[2017.09.03-09.03.41:405][  0]LogTemp: Display: Loaded TP AllDesktopTargetPlatform
[2017.09.03-09.03.41:447][  0]LogTemp: Display: Loaded TP MacClientTargetPlatform
[2017.09.03-09.03.41:482][  0]LogTemp: Display: Loaded TP MacNoEditorTargetPlatform
[2017.09.03-09.03.41:519][  0]LogTemp: Display: Loaded TP MacServerTargetPlatform
[2017.09.03-09.03.41:573][  0]LogTemp: Display: Loaded TP MacTargetPlatform
[2017.09.03-09.03.41:611][  0]LogTemp: Display: Loaded TP WindowsClientTargetPlatform
[2017.09.03-09.03.41:647][  0]LogTemp: Display: Loaded TP WindowsNoEditorTargetPlatform
[2017.09.03-09.03.41:683][  0]LogTemp: Display: Loaded TP WindowsServerTargetPlatform
[2017.09.03-09.03.41:711][  0]LogTemp: Display: Loaded TP WindowsTargetPlatform
[2017.09.03-09.03.41:758][  0]LogTemp: Display: Loaded TP AndroidTargetPlatform
[2017.09.03-09.03.41:795][  0]LogTemp: Display: Loaded TP Android_ASTCTargetPlatform
[2017.09.03-09.03.41:829][  0]LogTemp: Display: Loaded TP Android_ATCTargetPlatform
[2017.09.03-09.03.41:863][  0]LogTemp: Display: Loaded TP Android_DXTTargetPlatform
[2017.09.03-09.03.41:897][  0]LogTemp: Display: Loaded TP Android_ETC1TargetPlatform
[2017.09.03-09.03.41:930][  0]LogTemp: Display: Loaded TP Android_ETC2TargetPlatform
[2017.09.03-09.03.41:999][  0]LogTemp: Display: Loaded TP Android_MultiTargetPlatform
[2017.09.03-09.03.41:999][  0]LogTemp: Display: Loaded TP Android_PVRTCTargetPlatform
[2017.09.03-09.03.42:024][  0]LogTemp: Display: Loaded TP HTML5TargetPlatform
[2017.09.03-09.03.42:173][  0]LogTemp: Display: Loaded TP IOSTargetPlatform
[2017.09.03-09.03.42:208][  0]LogTemp: Display: Loaded TP TVOSTargetPlatform
[2017.09.03-09.03.42:245][  0]LogTemp: Display: Loaded TP LinuxClientTargetPlatform
[2017.09.03-09.03.42:280][  0]LogTemp: Display: Loaded TP LinuxNoEditorTargetPlatform
[2017.09.03-09.03.42:314][  0]LogTemp: Display: Loaded TP LinuxServerTargetPlatform
[2017.09.03-09.03.42:361][  0]LogTemp: Display: Loaded TP LinuxTargetPlatform
[2017.09.03-09.03.42:361][  0]LogTargetPlatformManager: Display: Building Assets For Windows
[2017.09.03-09.03.43:912][  0]LogDerivedDataCache: Display: Max Cache Size: 512 MB
[2017.09.03-09.03.44:317][  0]LogDerivedDataCache: Loaded boot cache 0.40s 93MB C:/Users/Aleks/AppData/Local/UnrealEngine/4.17/DerivedDataCache/Boot.ddc.
[2017.09.03-09.03.44:317][  0]LogDerivedDataCache: Display: Loaded Boot cache: C:/Users/Aleks/AppData/Local/UnrealEngine/4.17/DerivedDataCache/Boot.ddc
[2017.09.03-09.03.44:317][  0]LogDerivedDataCache: FDerivedDataBackendGraph:  Pak pak cache file ../../../../../../Repo/AGS/MCMigrate/DerivedDataCache/DDC.ddp not found, will not use a pak cache.
[2017.09.03-09.03.44:317][  0]LogDerivedDataCache: Unable to find inner node Pak for hierarchical cache Hierarchy.
[2017.09.03-09.03.44:317][  0]LogDerivedDataCache: FDerivedDataBackendGraph:  CompressedPak pak cache file ../../../../../../Repo/AGS/MCMigrate/DerivedDataCache/Compressed.ddp not found, will not use a pak cache.
[2017.09.03-09.03.44:317][  0]LogDerivedDataCache: Unable to find inner node CompressedPak for hierarchical cache Hierarchy.
[2017.09.03-09.03.44:454][  0]LogDerivedDataCache: Display: Pak cache opened for reading ../../../Engine/DerivedDataCache/Compressed.ddp.
[2017.09.03-09.03.44:469][  0]LogDerivedDataCache: Using Local data cache path C:/Users/Aleks/AppData/Local/UnrealEngine/Common/DerivedDataCache: Writable
[2017.09.03-09.03.44:520][  0]LogMaterial: Verifying Global Shaders for PCD3D_SM5
[2017.09.03-09.03.44:577][  0]LogSlate: Using Freetype 2.6.0
[2017.09.03-09.03.44:744][  0]LogSlate: SlateFontCache - WITH_FREETYPE: 1, WITH_HARFBUZZ: 1
[2017.09.03-09.03.44:747][  0]LogSlate: SlateFontCache - WITH_FREETYPE: 1, WITH_HARFBUZZ: 1
[2017.09.03-09.03.56:180][  0]LogAssetRegistry: FAssetRegistry took 0.0410 seconds to start up
[2017.09.03-09.03.57:385][  0]LogInit: Selected Device Profile: [Windows]
[2017.09.03-09.03.59:520][  0]LogContentStreaming: Texture pool size is 0.00 MB
[2017.09.03-09.04.00:578][  0]LogSimplygon: Simplygon DLL not present - disabling.
[2017.09.03-09.04.00:670][  0]LogMeshReduction: Using SimplygonSwarm for distributed automatic mesh merging
[2017.09.03-09.04.00:691][  0]LogMeshReduction: Using QuadricMeshReduction for automatic static mesh reduction
[2017.09.03-09.04.00:691][  0]LogMeshReduction: No automatic skeletal mesh reduction module available
[2017.09.03-09.04.00:691][  0]LogMeshReduction: No automatic mesh merging module available
[2017.09.03-09.04.00:691][  0]LogMeshMerging: No automatic mesh merging module available
[2017.09.03-09.04.03:975][  0]LogNetVersion: MCMigrate , NetCL: 3573198, EngineNetVer: 2, GameNetVer: 0 (Checksum: 2332261947)
[2017.09.03-09.04.05:720][  0]LogPackageLocalizationCache: Processed 5 localized package path(s) for 2 prioritized culture(s) in 0.131850 seconds
[2017.09.03-09.04.05:736][  0]LogUObjectArray: 35825 objects as part of root set at end of initial load.
[2017.09.03-09.04.05:736][  0]LogUObjectAllocator: 7529104 out of 0 bytes used by permanent object pool.
[2017.09.03-09.04.05:736][  0]LogUObjectArray: CloseDisregardForGC: 0/0 objects in disregard for GC pool
[2017.09.03-09.04.05:809][  0]LogInit: WinSock: version 1.1 (2.2), MaxSocks=32767, MaxUdp=65467
[2017.09.03-09.04.21:608][  0]LogTcpMessaging: Initializing TcpMessaging bridge
[2017.09.03-09.04.21:681][  0]LogUdpMessaging: Initializing bridge on interface 0.0.0.0:0 to multicast group 230.0.0.1:6666.
[2017.09.03-09.04.23:244][  0]LogMaterial: Uniform references updated for custom material expression Custom.
[2017.09.03-09.04.24:301][  0]SourceControl: Source control is disabled
[2017.09.03-09.04.24:301][  0]SourceControl: Source control is disabled
[2017.09.03-09.04.24:392][  0]SourceControl: Source control is disabled
[2017.09.03-09.04.24:467][  0]SourceControl: Source control is disabled
[2017.09.03-09.04.25:615][  0]LogAndroidPermission: UAndroidPermissionCallbackProxy::GetInstance
[2017.09.03-09.04.25:789][  0]LogOcInput: OculusInput pre-init called
[2017.09.03-09.04.26:562][  0]LogEngine: Initializing Engine...
[2017.09.03-09.04.26:594][  0]LogHMD: Failed to initialize OpenVR with code 110
[2017.09.03-09.04.27:755][  0]LogStats: UGameplayTagsManager::ConstructGameplayTagTree: Construct from data asset -  0.000 s
[2017.09.03-09.04.27:755][  0]LogStats: UGameplayTagsManager::ConstructGameplayTagTree: GameplayTagTreeChangedEvent.Broadcast -  0.000 s
[2017.09.03-09.04.28:260][  0]LogAIModule: Creating AISystem for world Untitled
[2017.09.03-09.04.28:401][  0]LogInit: XAudio2 using 'Speakers (Realtek High Definition Audio)' : 6 channels at 48 kHz using 32 bits per sample (channel mask 0x3f)
[2017.09.03-09.04.28:494][  0]LogInit: FAudioDevice initialized.
[2017.09.03-09.04.28:651][  0]LogDerivedDataCache: Saved boot cache 0.16s 93MB C:/Users/Aleks/AppData/Local/UnrealEngine/4.17/DerivedDataCache/Boot.ddc.
[2017.09.03-09.04.28:678][  0]LogInit: Texture streaming: Enabled
[2017.09.03-09.04.28:910][  0]LogEngineSessionManager: EngineSessionManager initialized
[2017.09.03-09.04.29:481][  0]LogInit: Transaction tracking system initialized
[2017.09.03-09.04.30:165][  0]BlueprintLog: New page: Editor Load
[2017.09.03-09.04.32:235][  0]LocalizationService: Localization service is disabled
[2017.09.03-09.04.33:676][  0]LogConsoleResponse: Display: 
[2017.09.03-09.04.35:754][  0]LogFileCache: Scanning file cache for directory 'D:/Repo/AGS/MCMigrate/Content/' took 0.02s
[2017.09.03-09.04.35:754][  0]LogCook: Display: Max memory allowance for cook 16384mb min free memory 0mb
[2017.09.03-09.04.35:754][  0]LogCook: Display: Mobile HDR setting 1
[2017.09.03-09.04.35:803][  0]LogGameplayTags: Display: UGameplayTagsManager::DoneAddingNativeTags. DelegateIsBound: 0
[2017.09.03-09.04.37:412][  0]SourceControl: Source control is disabled
[2017.09.03-09.04.37:447][  0]Cmd: MAP LOAD FILE="../../../../../../Repo/AGS/MCMigrate/Content/ThirdPersonBP/Maps/ThirdPersonExampleMap.umap" TEMPLATE=0 SHOWPROGRESS=1 FEATURELEVEL=3
[2017.09.03-09.04.37:500][  0]LightingResults: New page: Lighting Build
[2017.09.03-09.04.37:633][  0]MapCheck: New page: Map Check
[2017.09.03-09.04.37:633][  0]LightingResults: New page: Lighting Build
[2017.09.03-09.04.40:616][  0]LogBlueprint: Warning: [MCMigration] 'TPSpringArm' variable not found. Base class was probably changed.
[2017.09.03-09.04.40:622][  0]LogBlueprint: Warning: [MCMigration] 'TPSpringArm' variable not found. Base class was probably changed.
[2017.09.03-09.04.40:623][  0]LogBlueprint: Warning: [MCMigration] 'TPSpringArm' variable not found. Base class was probably changed.
[2017.09.03-09.04.43:089][  0]LogAIModule: Creating AISystem for world ThirdPersonExampleMap
[2017.09.03-09.04.43:746][  0]LogEditorServer: Finished looking for orphan Actors (0.000 secs)
[2017.09.03-09.04.43:862][  0]Cmd: MAP CHECKDEP NOCLEARLOG
[2017.09.03-09.04.43:911][  0]MapCheck: Map check complete: 0 Error(s), 0 Warning(s), took 49.826ms to complete.
[2017.09.03-09.04.43:911][  0]LogFileHelpers: Loading map 'ThirdPersonExampleMap' took 6.474
[2017.09.03-09.04.45:248][  0]LogCollectionManager: Loaded 0 collections in 0.001024 seconds
[2017.09.03-09.04.45:422][  0]LogFileCache: Scanning file cache for directory 'D:/Repo/AGS/MCMigrate/Saved/Collections/' took 0.01s
[2017.09.03-09.04.45:422][  0]LogFileCache: Scanning file cache for directory 'D:/Repo/AGS/MCMigrate/Content/Developers/A/Collections/' took 0.01s
[2017.09.03-09.04.45:422][  0]LogFileCache: Scanning file cache for directory 'D:/Repo/AGS/MCMigrate/Content/Collections/' took 0.01s
[2017.09.03-09.04.45:422][  0]LogCollectionManager: Rebuilt the GUID cache for 0 collections in 0.000001 seconds
[2017.09.03-09.04.45:452][  0]LogContentBrowser: Native class hierarchy populated in 0.0273 seconds. Added 2386 classes and 500 folders.
[2017.09.03-09.04.45:645][  0]LogContentBrowser: Native class hierarchy updated for 'WidgetCarousel' in 0.0092 seconds. Added 0 classes and 0 folders.
[2017.09.03-09.04.46:400][  0]LogContentBrowser: Native class hierarchy updated for 'AddContentDialog' in 0.0019 seconds. Added 0 classes and 0 folders.
[2017.09.03-09.04.46:511][  0]LogContentBrowser: Native class hierarchy updated for 'SceneOutliner' in 0.0019 seconds. Added 1 classes and 2 folders.
[2017.09.03-09.04.47:332][  0]LogContentBrowser: Native class hierarchy updated for 'HierarchicalLODOutliner' in 0.0020 seconds. Added 1 classes and 2 folders.
[2017.09.03-09.04.47:333][  0]LogLoad: (Engine Initialization) Total time: 92.24 seconds
[2017.09.03-09.04.47:333][  0]LogLoad: (Engine Initialization) Total Blueprint compile time: 0.00 seconds
[2017.09.03-09.04.47:334][  0]LogExternalProfiler: Found external profiler: VSPerf
[2017.09.03-09.04.47:334][  0]LogExternalProfiler: Using external profiler: VSPerf
[2017.09.03-09.04.47:788][  0]LogContentStreaming: Texture pool size now 3000 MB
[2017.09.03-09.04.47:871][  0]LogSlate: Took 0.024619 seconds to synchronously load lazily loaded font '../../../Engine/Content/Slate/Fonts/Roboto-Regular.ttf' (155K)
[2017.09.03-09.04.47:888][  0]LogSlate: Took 0.011919 seconds to synchronously load lazily loaded font '../../../Engine/Content/Slate/Fonts/Roboto-Bold.ttf' (160K)
[2017.09.03-09.04.47:944][  0]LogSlate: Took 0.029603 seconds to synchronously load lazily loaded font '../../../Engine/Content/Editor/Slate/Fonts/FontAwesome.ttf' (139K)
[2017.09.03-09.04.48:556][  0]LogSlate: Took 0.020758 seconds to synchronously load lazily loaded font '../../../Engine/Content/Slate/Fonts/Roboto-Light.ttf' (159K)
[2017.09.03-09.04.48:717][  1]LogRenderer: Reallocating scene render targets to support 804x404 Format 10 NumSamples 1 (Frame:1).
[2017.09.03-09.04.49:447][  3]LogAssetRegistry: Asset discovery search completed in 53.2907 seconds
[2017.09.03-09.04.49:453][  3]LogCollectionManager: Rebuilt the object cache for 0 collections in 0.000002 seconds (found 0 objects)
[2017.09.03-09.04.49:453][  3]LogCollectionManager: Fixed up redirectors for 0 collections in 0.000133 seconds (updated 0 objects)
[2017.09.03-09.04.57:235][ 27]LogRenderer: Reallocating scene render targets to support 1208x640 Format 10 NumSamples 1 (Frame:2).
[2017.09.03-09.04.57:985][ 68]LogTemp: Repeating last play command: Selected Viewport
[2017.09.03-09.04.58:117][ 68]LogBlueprintUserMessages: Early PlayInEditor Detection: Level '/Game/ThirdPersonBP/Maps/ThirdPersonExampleMap.ThirdPersonExampleMap:PersistentLevel' has LevelScriptBlueprint '/Game/ThirdPersonBP/Maps/ThirdPersonExampleMap.ThirdPersonExampleMap:PersistentLevel.ThirdPersonExampleMap' with GeneratedClass '/Game/ThirdPersonBP/Maps/ThirdPersonExampleMap.ThirdPersonExampleMap_C' with ClassGeneratedBy '/Game/ThirdPersonBP/Maps/ThirdPersonExampleMap.ThirdPersonExampleMap:PersistentLevel.ThirdPersonExampleMap'
[2017.09.03-09.04.58:117][ 68]LogPlayLevel: PlayLevel: No blueprints needed recompiling
[2017.09.03-09.04.58:152][ 68]PIE: New page: PIE session: ThirdPersonExampleMap (Sep 3, 2017, 5:04:58 PM)
[2017.09.03-09.04.58:152][ 68]LogPlayLevel: Creating play world package: /Game/ThirdPersonBP/Maps/UEDPIE_0_ThirdPersonExampleMap
[2017.09.03-09.04.58:233][ 68]LogPlayLevel: PIE: StaticDuplicateObject took: (0.081163s)
[2017.09.03-09.04.58:234][ 68]LogAIModule: Creating AISystem for world ThirdPersonExampleMap
[2017.09.03-09.04.58:234][ 68]LogPlayLevel: PIE: World Init took: (0.001154s)
[2017.09.03-09.04.58:234][ 68]LogPlayLevel: PIE: Created PIE world by copying editor world from /Game/ThirdPersonBP/Maps/ThirdPersonExampleMap.ThirdPersonExampleMap to /Game/ThirdPersonBP/Maps/UEDPIE_0_ThirdPersonExampleMap.ThirdPersonExampleMap (0.082767s)
[2017.09.03-09.04.58:262][ 68]LogInit: XAudio2 using 'Speakers (Realtek High Definition Audio)' : 6 channels at 48 kHz using 32 bits per sample (channel mask 0x3f)
[2017.09.03-09.04.58:294][ 68]LogInit: FAudioDevice initialized.
[2017.09.03-09.04.58:411][ 68]LogLoad: Game class is 'ThirdPersonGameMode_C'
[2017.09.03-09.04.58:441][ 68]LogWorld: Bringing World /Game/ThirdPersonBP/Maps/UEDPIE_0_ThirdPersonExampleMap.ThirdPersonExampleMap up for play (max tick rate 60) at 2017.09.03-13.04.58
[2017.09.03-09.04.58:528][ 68]LogWorld: Bringing up level for play took: 0.094992
[2017.09.03-09.04.58:635][ 68]LogContentBrowser: Native class hierarchy updated for 'MovieSceneCapture' in 0.0005 seconds. Added 11 classes and 0 folders.
[2017.09.03-09.04.58:646][ 68]LogBlueprintUserMessages: [MCMigration_102] LoadedGame
[2017.09.03-09.04.58:647][ 68]PIE: Play in editor start time for /Game/ThirdPersonBP/Maps/UEDPIE_0_ThirdPersonExampleMap -0.005
[2017.09.03-09.04.58:647][ 68]LogBlueprintUserMessages: Late PlayInEditor Detection: Level '/Game/ThirdPersonBP/Maps/ThirdPersonExampleMap.ThirdPersonExampleMap:PersistentLevel' has LevelScriptBlueprint '/Game/ThirdPersonBP/Maps/ThirdPersonExampleMap.ThirdPersonExampleMap:PersistentLevel.ThirdPersonExampleMap' with GeneratedClass '/Game/ThirdPersonBP/Maps/ThirdPersonExampleMap.ThirdPersonExampleMap_C' with ClassGeneratedBy '/Game/ThirdPersonBP/Maps/ThirdPersonExampleMap.ThirdPersonExampleMap:PersistentLevel.ThirdPersonExampleMap'
[2017.09.03-09.05.02:682][301]LogBlueprintUserMessages: Early EndPlayMap Detection: Level '/Game/ThirdPersonBP/Maps/ThirdPersonExampleMap.ThirdPersonExampleMap:PersistentLevel' has LevelScriptBlueprint '/Game/ThirdPersonBP/Maps/ThirdPersonExampleMap.ThirdPersonExampleMap:PersistentLevel.ThirdPersonExampleMap' with GeneratedClass '/Game/ThirdPersonBP/Maps/ThirdPersonExampleMap.ThirdPersonExampleMap_C' with ClassGeneratedBy '/Game/ThirdPersonBP/Maps/ThirdPersonExampleMap.ThirdPersonExampleMap:PersistentLevel.ThirdPersonExampleMap'
[2017.09.03-09.05.02:775][301]LogBlueprintUserMessages: Late EndPlayMap Detection: Level '/Game/ThirdPersonBP/Maps/ThirdPersonExampleMap.ThirdPersonExampleMap:PersistentLevel' has LevelScriptBlueprint '/Game/ThirdPersonBP/Maps/ThirdPersonExampleMap.ThirdPersonExampleMap:PersistentLevel.ThirdPersonExampleMap' with GeneratedClass '/Game/ThirdPersonBP/Maps/ThirdPersonExampleMap.ThirdPersonExampleMap_C' with ClassGeneratedBy '/Game/ThirdPersonBP/Maps/ThirdPersonExampleMap.ThirdPersonExampleMap:PersistentLevel.ThirdPersonExampleMap'
[2017.09.03-09.05.06:523][517]LogEditorViewport: Clicking on Actor (LMB): ExampleActor_C (ExampleActor4)
[2017.09.03-09.05.07:096][518]Cmd: DELETE
[2017.09.03-09.05.07:096][518]Cmd: ACTOR DELETE
[2017.09.03-09.05.07:203][518]LogEditorActor: Deleted Actor: ExampleActor_C
[2017.09.03-09.05.07:234][518]LogEditorActor: Deleted 1 Actors (0.071 secs)
[2017.09.03-09.05.11:322][751]LogTemp: Repeating last play command: Selected Viewport
[2017.09.03-09.05.11:344][751]LogBlueprintUserMessages: Early PlayInEditor Detection: Level '/Game/ThirdPersonBP/Maps/ThirdPersonExampleMap.ThirdPersonExampleMap:PersistentLevel' has LevelScriptBlueprint '/Game/ThirdPersonBP/Maps/ThirdPersonExampleMap.ThirdPersonExampleMap:PersistentLevel.ThirdPersonExampleMap' with GeneratedClass '/Game/ThirdPersonBP/Maps/ThirdPersonExampleMap.ThirdPersonExampleMap_C' with ClassGeneratedBy '/Game/ThirdPersonBP/Maps/ThirdPersonExampleMap.ThirdPersonExampleMap:PersistentLevel.ThirdPersonExampleMap'
[2017.09.03-09.05.11:344][751]LogPlayLevel: PlayLevel: No blueprints needed recompiling
[2017.09.03-09.05.11:344][751]PIE: New page: PIE session: ThirdPersonExampleMap (Sep 3, 2017, 5:05:11 PM)
[2017.09.03-09.05.11:345][751]LogPlayLevel: Creating play world package: /Game/ThirdPersonBP/Maps/UEDPIE_0_ThirdPersonExampleMap
[2017.09.03-09.05.11:363][751]LogPlayLevel: PIE: StaticDuplicateObject took: (0.018666s)
[2017.09.03-09.05.11:364][751]LogAIModule: Creating AISystem for world ThirdPersonExampleMap
[2017.09.03-09.05.11:364][751]LogPlayLevel: PIE: World Init took: (0.001125s)
[2017.09.03-09.05.11:365][751]LogPlayLevel: PIE: Created PIE world by copying editor world from /Game/ThirdPersonBP/Maps/ThirdPersonExampleMap.ThirdPersonExampleMap to /Game/ThirdPersonBP/Maps/UEDPIE_0_ThirdPersonExampleMap.ThirdPersonExampleMap (0.020121s)
[2017.09.03-09.05.11:379][751]LogInit: XAudio2 using 'Speakers (Realtek High Definition Audio)' : 6 channels at 48 kHz using 32 bits per sample (channel mask 0x3f)
[2017.09.03-09.05.11:410][751]LogInit: FAudioDevice initialized.
[2017.09.03-09.05.11:441][751]LogLoad: Game class is 'ThirdPersonGameMode_C'
[2017.09.03-09.05.11:445][751]LogWorld: Bringing World /Game/ThirdPersonBP/Maps/UEDPIE_0_ThirdPersonExampleMap.ThirdPersonExampleMap up for play (max tick rate 60) at 2017.09.03-13.05.11
[2017.09.03-09.05.11:446][751]LogWorld: Bringing up level for play took: 0.003870
[2017.09.03-09.05.11:448][751]LogLinker: Warning: Can't find file '/Game/ThirdPersonBP/Maps/UEDPIE_0_ThirdPersonExampleMap'
[2017.09.03-09.05.11:448][751]LogUObjectGlobals: Warning: Failed to find object 'Object /Game/ThirdPersonBP/Maps/UEDPIE_0_ThirdPersonExampleMap.ThirdPersonExampleMap:PersistentLevel.ExampleActor4_3740'
[2017.09.03-09.05.11:448][751]LogLinker: Warning: Can't find file '/Game/ThirdPersonBP/Maps/UEDPIE_0_ThirdPersonExampleMap'
[2017.09.03-09.05.11:449][751]LogBlueprintUserMessages: [MCMigration_102] LoadedGame
[2017.09.03-09.05.11:449][751]PIE: Play in editor start time for /Game/ThirdPersonBP/Maps/UEDPIE_0_ThirdPersonExampleMap 0.797
[2017.09.03-09.05.11:449][751]LogBlueprintUserMessages: Late PlayInEditor Detection: Level '/Game/ThirdPersonBP/Maps/ThirdPersonExampleMap.ThirdPersonExampleMap:PersistentLevel' has LevelScriptBlueprint '/Game/ThirdPersonBP/Maps/ThirdPersonExampleMap.ThirdPersonExampleMap:PersistentLevel.ThirdPersonExampleMap' with GeneratedClass '/Game/ThirdPersonBP/Maps/ThirdPersonExampleMap.ThirdPersonExampleMap_C' with ClassGeneratedBy '/Game/ThirdPersonBP/Maps/ThirdPersonExampleMap.ThirdPersonExampleMap:PersistentLevel.ThirdPersonExampleMap'
[2017.09.03-09.05.14:914][955]Cmd: LevelEditor.ToggleImmersive
[2017.09.03-09.05.15:069][956]LogRenderer: Reallocating scene render targets to support 1476x792 Format 10 NumSamples 1 (Frame:206).
[2017.09.03-09.05.15:184][957]LogRenderer: Reallocating scene render targets to support 1920x1040 Format 10 NumSamples 1 (Frame:208).
[2017.09.03-09.05.40:032][434]LogBlueprintUserMessages: Early EndPlayMap Detection: Level '/Game/ThirdPersonBP/Maps/ThirdPersonExampleMap.ThirdPersonExampleMap:PersistentLevel' has LevelScriptBlueprint '/Game/ThirdPersonBP/Maps/ThirdPersonExampleMap.ThirdPersonExampleMap:PersistentLevel.ThirdPersonExampleMap' with GeneratedClass '/Game/ThirdPersonBP/Maps/ThirdPersonExampleMap.ThirdPersonExampleMap_C' with ClassGeneratedBy '/Game/ThirdPersonBP/Maps/ThirdPersonExampleMap.ThirdPersonExampleMap:PersistentLevel.ThirdPersonExampleMap'
[2017.09.03-09.05.40:117][434]LogBlueprintUserMessages: Late EndPlayMap Detection: Level '/Game/ThirdPersonBP/Maps/ThirdPersonExampleMap.ThirdPersonExampleMap:PersistentLevel' has LevelScriptBlueprint '/Game/ThirdPersonBP/Maps/ThirdPersonExampleMap.ThirdPersonExampleMap:PersistentLevel.ThirdPersonExampleMap' with GeneratedClass '/Game/ThirdPersonBP/Maps/ThirdPersonExampleMap.ThirdPersonExampleMap_C' with ClassGeneratedBy '/Game/ThirdPersonBP/Maps/ThirdPersonExampleMap.ThirdPersonExampleMap:PersistentLevel.ThirdPersonExampleMap'
[2017.09.03-09.05.42:531][564]LogTemp: Repeating last play command: Selected Viewport
[2017.09.03-09.05.42:555][564]LogBlueprintUserMessages: Early PlayInEditor Detection: Level '/Game/ThirdPersonBP/Maps/ThirdPersonExampleMap.ThirdPersonExampleMap:PersistentLevel' has LevelScriptBlueprint '/Game/ThirdPersonBP/Maps/ThirdPersonExampleMap.ThirdPersonExampleMap:PersistentLevel.ThirdPersonExampleMap' with GeneratedClass '/Game/ThirdPersonBP/Maps/ThirdPersonExampleMap.ThirdPersonExampleMap_C' with ClassGeneratedBy '/Game/ThirdPersonBP/Maps/ThirdPersonExampleMap.ThirdPersonExampleMap:PersistentLevel.ThirdPersonExampleMap'
[2017.09.03-09.05.42:555][564]LogPlayLevel: PlayLevel: No blueprints needed recompiling
[2017.09.03-09.05.42:555][564]PIE: New page: PIE session: ThirdPersonExampleMap (Sep 3, 2017, 5:05:42 PM)
[2017.09.03-09.05.42:555][564]LogPlayLevel: Creating play world package: /Game/ThirdPersonBP/Maps/UEDPIE_0_ThirdPersonExampleMap
[2017.09.03-09.05.42:571][564]LogPlayLevel: PIE: StaticDuplicateObject took: (0.016272s)
[2017.09.03-09.05.42:572][564]LogAIModule: Creating AISystem for world ThirdPersonExampleMap
[2017.09.03-09.05.42:572][564]LogPlayLevel: PIE: World Init took: (0.000609s)
[2017.09.03-09.05.42:572][564]LogPlayLevel: PIE: Created PIE world by copying editor world from /Game/ThirdPersonBP/Maps/ThirdPersonExampleMap.ThirdPersonExampleMap to /Game/ThirdPersonBP/Maps/UEDPIE_0_ThirdPersonExampleMap.ThirdPersonExampleMap (0.017098s)
[2017.09.03-09.05.42:586][564]LogInit: XAudio2 using 'Speakers (Realtek High Definition Audio)' : 6 channels at 48 kHz using 32 bits per sample (channel mask 0x3f)
[2017.09.03-09.05.42:618][564]LogInit: FAudioDevice initialized.
[2017.09.03-09.05.42:647][564]LogLoad: Game class is 'ThirdPersonGameMode_C'
[2017.09.03-09.05.42:651][564]LogWorld: Bringing World /Game/ThirdPersonBP/Maps/UEDPIE_0_ThirdPersonExampleMap.ThirdPersonExampleMap up for play (max tick rate 60) at 2017.09.03-13.05.42
[2017.09.03-09.05.42:652][564]LogWorld: Bringing up level for play took: 0.003623
[2017.09.03-09.05.42:653][564]LogLinker: Warning: Can't find file '/Game/ThirdPersonBP/Maps/UEDPIE_0_ThirdPersonExampleMap'
[2017.09.03-09.05.42:654][564]LogLinker: Warning: Can't find file '/Game/ThirdPersonBP/Maps/UEDPIE_0_ThirdPersonExampleMap'
[2017.09.03-09.05.42:654][564]LogBlueprintUserMessages: [MCMigration_102] LoadedGame
[2017.09.03-09.05.42:654][564]PIE: Play in editor start time for /Game/ThirdPersonBP/Maps/UEDPIE_0_ThirdPersonExampleMap 0.002
[2017.09.03-09.05.42:654][564]LogBlueprintUserMessages: Late PlayInEditor Detection: Level '/Game/ThirdPersonBP/Maps/ThirdPersonExampleMap.ThirdPersonExampleMap:PersistentLevel' has LevelScriptBlueprint '/Game/ThirdPersonBP/Maps/ThirdPersonExampleMap.ThirdPersonExampleMap:PersistentLevel.ThirdPersonExampleMap' with GeneratedClass '/Game/ThirdPersonBP/Maps/ThirdPersonExampleMap.ThirdPersonExampleMap_C' with ClassGeneratedBy '/Game/ThirdPersonBP/Maps/ThirdPersonExampleMap.ThirdPersonExampleMap:PersistentLevel.ThirdPersonExampleMap'
[2017.09.03-09.05.42:998][583]Cmd: LevelEditor.ToggleImmersive
[2017.09.03-09.06.21:880][899]LogBlueprintUserMessages: Early EndPlayMap Detection: Level '/Game/ThirdPersonBP/Maps/ThirdPersonExampleMap.ThirdPersonExampleMap:PersistentLevel' has LevelScriptBlueprint '/Game/ThirdPersonBP/Maps/ThirdPersonExampleMap.ThirdPersonExampleMap:PersistentLevel.ThirdPersonExampleMap' with GeneratedClass '/Game/ThirdPersonBP/Maps/ThirdPersonExampleMap.ThirdPersonExampleMap_C' with ClassGeneratedBy '/Game/ThirdPersonBP/Maps/ThirdPersonExampleMap.ThirdPersonExampleMap:PersistentLevel.ThirdPersonExampleMap'
[2017.09.03-09.06.21:972][899]LogBlueprintUserMessages: Late EndPlayMap Detection: Level '/Game/ThirdPersonBP/Maps/ThirdPersonExampleMap.ThirdPersonExampleMap:PersistentLevel' has LevelScriptBlueprint '/Game/ThirdPersonBP/Maps/ThirdPersonExampleMap.ThirdPersonExampleMap:PersistentLevel.ThirdPersonExampleMap' with GeneratedClass '/Game/ThirdPersonBP/Maps/ThirdPersonExampleMap.ThirdPersonExampleMap_C' with ClassGeneratedBy '/Game/ThirdPersonBP/Maps/ThirdPersonExampleMap.ThirdPersonExampleMap:PersistentLevel.ThirdPersonExampleMap'
[2017.09.03-09.06.54:944][864]LogTemp: Repeating last play command: Selected Viewport
[2017.09.03-09.06.54:968][864]LogBlueprintUserMessages: Early PlayInEditor Detection: Level '/Game/ThirdPersonBP/Maps/ThirdPersonExampleMap.ThirdPersonExampleMap:PersistentLevel' has LevelScriptBlueprint '/Game/ThirdPersonBP/Maps/ThirdPersonExampleMap.ThirdPersonExampleMap:PersistentLevel.ThirdPersonExampleMap' with GeneratedClass '/Game/ThirdPersonBP/Maps/ThirdPersonExampleMap.ThirdPersonExampleMap_C' with ClassGeneratedBy '/Game/ThirdPersonBP/Maps/ThirdPersonExampleMap.ThirdPersonExampleMap:PersistentLevel.ThirdPersonExampleMap'
[2017.09.03-09.06.54:968][864]LogPlayLevel: PlayLevel: No blueprints needed recompiling
[2017.09.03-09.06.54:968][864]PIE: New page: PIE session: ThirdPersonExampleMap (Sep 3, 2017, 5:06:54 PM)
[2017.09.03-09.06.54:968][864]LogPlayLevel: Creating play world package: /Game/ThirdPersonBP/Maps/UEDPIE_0_ThirdPersonExampleMap
[2017.09.03-09.06.54:986][864]LogPlayLevel: PIE: StaticDuplicateObject took: (0.018400s)
[2017.09.03-09.06.54:987][864]LogAIModule: Creating AISystem for world ThirdPersonExampleMap
[2017.09.03-09.06.54:987][864]LogPlayLevel: PIE: World Init took: (0.000746s)
[2017.09.03-09.06.54:987][864]LogPlayLevel: PIE: Created PIE world by copying editor world from /Game/ThirdPersonBP/Maps/ThirdPersonExampleMap.ThirdPersonExampleMap to /Game/ThirdPersonBP/Maps/UEDPIE_0_ThirdPersonExampleMap.ThirdPersonExampleMap (0.019410s)
[2017.09.03-09.06.55:002][864]LogInit: XAudio2 using 'Speakers (Realtek High Definition Audio)' : 6 channels at 48 kHz using 32 bits per sample (channel mask 0x3f)
[2017.09.03-09.06.55:032][864]LogInit: FAudioDevice initialized.
[2017.09.03-09.06.55:061][864]LogLoad: Game class is 'ThirdPersonGameMode_C'
[2017.09.03-09.06.55:066][864]LogWorld: Bringing World /Game/ThirdPersonBP/Maps/UEDPIE_0_ThirdPersonExampleMap.ThirdPersonExampleMap up for play (max tick rate 60) at 2017.09.03-13.06.55
[2017.09.03-09.06.55:066][864]LogWorld: Bringing up level for play took: 0.003787
[2017.09.03-09.06.55:068][864]LogLinker: Warning: Can't find file '/Game/ThirdPersonBP/Maps/UEDPIE_0_ThirdPersonExampleMap'
[2017.09.03-09.06.55:068][864]LogLinker: Warning: Can't find file '/Game/ThirdPersonBP/Maps/UEDPIE_0_ThirdPersonExampleMap'
[2017.09.03-09.06.55:069][864]LogBlueprintUserMessages: [MCMigration_102] LoadedGame
[2017.09.03-09.06.55:069][864]PIE: Play in editor start time for /Game/ThirdPersonBP/Maps/UEDPIE_0_ThirdPersonExampleMap 0.417
[2017.09.03-09.06.55:069][864]LogBlueprintUserMessages: Late PlayInEditor Detection: Level '/Game/ThirdPersonBP/Maps/ThirdPersonExampleMap.ThirdPersonExampleMap:PersistentLevel' has LevelScriptBlueprint '/Game/ThirdPersonBP/Maps/ThirdPersonExampleMap.ThirdPersonExampleMap:PersistentLevel.ThirdPersonExampleMap' with GeneratedClass '/Game/ThirdPersonBP/Maps/ThirdPersonExampleMap.ThirdPersonExampleMap_C' with ClassGeneratedBy '/Game/ThirdPersonBP/Maps/ThirdPersonExampleMap.ThirdPersonExampleMap:PersistentLevel.ThirdPersonExampleMap'
[2017.09.03-09.07.13:076][943]LogBlueprintUserMessages: Early EndPlayMap Detection: Level '/Game/ThirdPersonBP/Maps/ThirdPersonExampleMap.ThirdPersonExampleMap:PersistentLevel' has LevelScriptBlueprint '/Game/ThirdPersonBP/Maps/ThirdPersonExampleMap.ThirdPersonExampleMap:PersistentLevel.ThirdPersonExampleMap' with GeneratedClass '/Game/ThirdPersonBP/Maps/ThirdPersonExampleMap.ThirdPersonExampleMap_C' with ClassGeneratedBy '/Game/ThirdPersonBP/Maps/ThirdPersonExampleMap.ThirdPersonExampleMap:PersistentLevel.ThirdPersonExampleMap'
[2017.09.03-09.07.13:117][943]LogBlueprintUserMessages: Late EndPlayMap Detection: Level '/Game/ThirdPersonBP/Maps/ThirdPersonExampleMap.ThirdPersonExampleMap:PersistentLevel' has LevelScriptBlueprint '/Game/ThirdPersonBP/Maps/ThirdPersonExampleMap.ThirdPersonExampleMap:PersistentLevel.ThirdPersonExampleMap' with GeneratedClass '/Game/ThirdPersonBP/Maps/ThirdPersonExampleMap.ThirdPersonExampleMap_C' with ClassGeneratedBy '/Game/ThirdPersonBP/Maps/ThirdPersonExampleMap.ThirdPersonExampleMap:PersistentLevel.ThirdPersonExampleMap'
[2017.09.03-09.07.14:012][994]LogTemp: Repeating last play command: Selected Viewport
[2017.09.03-09.07.14:034][994]LogBlueprintUserMessages: Early PlayInEditor Detection: Level '/Game/ThirdPersonBP/Maps/ThirdPersonExampleMap.ThirdPersonExampleMap:PersistentLevel' has LevelScriptBlueprint '/Game/ThirdPersonBP/Maps/ThirdPersonExampleMap.ThirdPersonExampleMap:PersistentLevel.ThirdPersonExampleMap' with GeneratedClass '/Game/ThirdPersonBP/Maps/ThirdPersonExampleMap.ThirdPersonExampleMap_C' with ClassGeneratedBy '/Game/ThirdPersonBP/Maps/ThirdPersonExampleMap.ThirdPersonExampleMap:PersistentLevel.ThirdPersonExampleMap'
[2017.09.03-09.07.14:035][994]LogPlayLevel: PlayLevel: No blueprints needed recompiling
[2017.09.03-09.07.14:035][994]PIE: New page: PIE session: ThirdPersonExampleMap (Sep 3, 2017, 5:07:14 PM)
[2017.09.03-09.07.14:035][994]LogPlayLevel: Creating play world package: /Game/ThirdPersonBP/Maps/UEDPIE_0_ThirdPersonExampleMap
[2017.09.03-09.07.14:048][994]LogPlayLevel: PIE: StaticDuplicateObject took: (0.013320s)
[2017.09.03-09.07.14:049][994]LogAIModule: Creating AISystem for world ThirdPersonExampleMap
[2017.09.03-09.07.14:049][994]LogPlayLevel: PIE: World Init took: (0.000701s)
[2017.09.03-09.07.14:049][994]LogPlayLevel: PIE: Created PIE world by copying editor world from /Game/ThirdPersonBP/Maps/ThirdPersonExampleMap.ThirdPersonExampleMap to /Game/ThirdPersonBP/Maps/UEDPIE_0_ThirdPersonExampleMap.ThirdPersonExampleMap (0.014253s)
[2017.09.03-09.07.14:063][994]LogInit: XAudio2 using 'Speakers (Realtek High Definition Audio)' : 6 channels at 48 kHz using 32 bits per sample (channel mask 0x3f)
[2017.09.03-09.07.14:094][994]LogInit: FAudioDevice initialized.
[2017.09.03-09.07.14:128][994]LogLoad: Game class is 'ThirdPersonGameMode_C'
[2017.09.03-09.07.14:134][994]LogWorld: Bringing World /Game/ThirdPersonBP/Maps/UEDPIE_0_ThirdPersonExampleMap.ThirdPersonExampleMap up for play (max tick rate 60) at 2017.09.03-13.07.14
[2017.09.03-09.07.14:136][994]LogWorld: Bringing up level for play took: 0.006523
[2017.09.03-09.07.14:138][994]LogLinker: Warning: Can't find file '/Game/ThirdPersonBP/Maps/UEDPIE_0_ThirdPersonExampleMap'
[2017.09.03-09.07.14:139][994]LogLinker: Warning: Can't find file '/Game/ThirdPersonBP/Maps/UEDPIE_0_ThirdPersonExampleMap'
[2017.09.03-09.07.14:140][994]LogBlueprintUserMessages: [MCMigration_102] LoadedGame
[2017.09.03-09.07.14:140][994]PIE: Play in editor start time for /Game/ThirdPersonBP/Maps/UEDPIE_0_ThirdPersonExampleMap -0.512
[2017.09.03-09.07.14:140][994]LogBlueprintUserMessages: Late PlayInEditor Detection: Level '/Game/ThirdPersonBP/Maps/ThirdPersonExampleMap.ThirdPersonExampleMap:PersistentLevel' has LevelScriptBlueprint '/Game/ThirdPersonBP/Maps/ThirdPersonExampleMap.ThirdPersonExampleMap:PersistentLevel.ThirdPersonExampleMap' with GeneratedClass '/Game/ThirdPersonBP/Maps/ThirdPersonExampleMap.ThirdPersonExampleMap_C' with ClassGeneratedBy '/Game/ThirdPersonBP/Maps/ThirdPersonExampleMap.ThirdPersonExampleMap:PersistentLevel.ThirdPersonExampleMap'
[2017.09.03-09.07.57:352][580]LogBlueprintUserMessages: [MCMigration_102] 45.0
[2017.09.03-09.08.00:049][725]LogBlueprintUserMessages: [MCMigration_102] Hello
[2017.09.03-09.08.02:968][899]LogBlueprintUserMessages: [MCMigration_102] Hello
[2017.09.03-09.08.10:106][327]LogBlueprintUserMessages: [MCMigration_102] Auto Save Complete
[2017.09.03-09.08.20:886][974]LogBlueprintUserMessages: [MCMigration_102] Hello
[2017.09.03-09.08.40:113][127]LogBlueprintUserMessages: [MCMigration_102] Auto Save Complete
[2017.09.03-09.08.57:127][148]LogBlueprintUserMessages: Early EndPlayMap Detection: Level '/Game/ThirdPersonBP/Maps/ThirdPersonExampleMap.ThirdPersonExampleMap:PersistentLevel' has LevelScriptBlueprint '/Game/ThirdPersonBP/Maps/ThirdPersonExampleMap.ThirdPersonExampleMap:PersistentLevel.ThirdPersonExampleMap' with GeneratedClass '/Game/ThirdPersonBP/Maps/ThirdPersonExampleMap.ThirdPersonExampleMap_C' with ClassGeneratedBy '/Game/ThirdPersonBP/Maps/ThirdPersonExampleMap.ThirdPersonExampleMap:PersistentLevel.ThirdPersonExampleMap'
[2017.09.03-09.08.57:168][148]LogBlueprintUserMessages: Late EndPlayMap Detection: Level '/Game/ThirdPersonBP/Maps/ThirdPersonExampleMap.ThirdPersonExampleMap:PersistentLevel' has LevelScriptBlueprint '/Game/ThirdPersonBP/Maps/ThirdPersonExampleMap.ThirdPersonExampleMap:PersistentLevel.ThirdPersonExampleMap' with GeneratedClass '/Game/ThirdPersonBP/Maps/ThirdPersonExampleMap.ThirdPersonExampleMap_C' with ClassGeneratedBy '/Game/ThirdPersonBP/Maps/ThirdPersonExampleMap.ThirdPersonExampleMap:PersistentLevel.ThirdPersonExampleMap'
[2017.09.03-09.17.52:807][724]LogSlate: Took 0.000475 seconds to synchronously load lazily loaded font '../../../Engine/Content/Slate/Fonts/Roboto-Light.ttf' (159K)
[2017.09.03-09.18.02:080][751]LogSlate: Took 0.000264 seconds to synchronously load lazily loaded font '../../../Engine/Content/Slate/Fonts/Roboto-Light.ttf' (159K)
[2017.09.03-09.18.02:299][751]LogSavePackage: Save=142.62ms
[2017.09.03-09.18.02:299][751]LogSavePackage: Moving '../../../../../../Repo/AGS/MCMigrate/Saved/ThirdPersonExampleMap_Auto1A4C24DE746E3F3DB8DD5AAB2DBB454EA.tmp' to '../../../../../../Repo/AGS/MCMigrate/Saved/Autosaves/Game/ThirdPersonBP/Maps/ThirdPersonExampleMap_Auto1.umap'
[2017.09.03-09.18.02:307][751]LogSavePackage: Display: Finished SavePackage ../../../../../../Repo/AGS/MCMigrate/Saved/Autosaves/Game/ThirdPersonBP/Maps/ThirdPersonExampleMap_Auto1.umap
[2017.09.03-09.18.02:315][751]LogFileHelpers: Editor autosave (incl. sublevels) for '/Game/ThirdPersonBP/Maps/ThirdPersonExampleMap' took 0.210
[2017.09.03-09.18.02:315][751]LogFileHelpers: Editor autosave (incl. sublevels) for all levels took 0.210
[2017.09.03-09.35.29:236][596]LogSavePackage: Save=102.32ms
[2017.09.03-09.35.29:236][596]LogSavePackage: Moving '../../../../../../Repo/AGS/MCMigrate/Saved/ThirdPersonExampleMap36ADF5ED439A6FB852C0C9BA496D435C.tmp' to '../../../../../../Repo/AGS/MCMigrate/Content/ThirdPersonBP/Maps/ThirdPersonExampleMap.umap'
[2017.09.03-09.35.29:241][596]LogSavePackage: Display: Finished SavePackage ../../../../../../Repo/AGS/MCMigrate/Content/ThirdPersonBP/Maps/ThirdPersonExampleMap.umap
[2017.09.03-09.35.29:314][596]LogFileHelpers: Saving map 'ThirdPersonExampleMap' took 0.244
[2017.09.03-09.35.29:553][596]LogWindowsTextInputMethodSystem: Display: IME system now deactivated.
[2017.09.03-09.35.29:925][597]Cmd: QUIT_EDITOR
[2017.09.03-09.35.31:114][597]LogExit: Preparing to exit.
[2017.09.03-09.35.31:540][597]LogDirectoryWatcher: A directory notification for 'D:/Repo/AGS/MCMigrate/Content/' was aborted.
[2017.09.03-09.35.31:595][597]LogExit: Editor shut down
[2017.09.03-09.35.31:603][597]LogExit: Transaction tracking system shut down
[2017.09.03-09.35.31:812][597]LogDirectoryWatcher: A directory notification for '../../../Engine/Content/' was aborted.
[2017.09.03-09.35.31:813][597]LogDirectoryWatcher: A directory notification for '../../../../../../Repo/AGS/MCMigrate/Content/' was aborted.
[2017.09.03-09.35.31:813][597]LogDirectoryWatcher: A directory notification for '../../../Engine/Plugins/2D/Paper2D/Content/' was aborted.
[2017.09.03-09.35.31:813][597]LogDirectoryWatcher: A directory notification for '../../../Engine/Plugins/Runtime/Oculus/OculusVR/Content/' was aborted.
[2017.09.03-09.35.31:813][597]LogDirectoryWatcher: A directory notification for '../../../Engine/Plugins/Runtime/Steam/SteamVR/Content/' was aborted.
[2017.09.03-09.35.32:303][597]LogExit: Object subsystem successfully closed.
[2017.09.03-09.35.32:347][597]LogD3D11RHI: Shutdown
[2017.09.03-09.35.32:347][597]LogD3D11RHI: CleanupD3DDevice
[2017.09.03-09.35.32:429][597]LogD3D11RHI: ~FD3D11DynamicRHI
[2017.09.03-09.35.32:636][597]LogModuleManager: Shutting down and abandoning module MovieSceneCapture (532)
[2017.09.03-09.35.32:636][597]LogModuleManager: Shutting down and abandoning module HierarchicalLODOutliner (530)
[2017.09.03-09.35.32:636][597]LogModuleManager: Shutting down and abandoning module SceneOutliner (528)
[2017.09.03-09.35.32:636][597]LogModuleManager: Shutting down and abandoning module AddContentDialog (526)
[2017.09.03-09.35.32:636][597]LogDirectoryWatcher: A directory notification for 'D:/1.6.2/New folder/UE_4.17/FeaturePacks/' was aborted.
[2017.09.03-09.35.32:638][597]LogModuleManager: Shutting down and abandoning module WidgetCarousel (525)
[2017.09.03-09.35.32:639][597]LogModuleManager: Shutting down and abandoning module EditorWidgets (522)
[2017.09.03-09.35.32:639][597]LogModuleManager: Shutting down and abandoning module CollectionManager (520)
[2017.09.03-09.35.32:639][597]LogDirectoryWatcher: A directory notification for 'D:/Repo/AGS/MCMigrate/Content/Collections/' was aborted.
[2017.09.03-09.35.32:639][597]LogDirectoryWatcher: A directory notification for 'D:/Repo/AGS/MCMigrate/Content/Developers/A/Collections/' was aborted.
[2017.09.03-09.35.32:639][597]LogDirectoryWatcher: A directory notification for 'D:/Repo/AGS/MCMigrate/Saved/Collections/' was aborted.
[2017.09.03-09.35.32:639][597]LogModuleManager: Shutting down and abandoning module StatsViewer (518)
[2017.09.03-09.35.32:639][597]LogModuleManager: Shutting down and abandoning module FoliageEdit (516)
[2017.09.03-09.35.32:639][597]LogModuleManager: Shutting down and abandoning module LandscapeEditor (514)
[2017.09.03-09.35.32:652][597]LogModuleManager: Shutting down and abandoning module MeshPaintMode (512)
[2017.09.03-09.35.32:653][597]LogModuleManager: Shutting down and abandoning module SceneDepthPickerMode (510)
[2017.09.03-09.35.32:653][597]LogModuleManager: Shutting down and abandoning module ActorPickerMode (508)
[2017.09.03-09.35.32:653][597]LogModuleManager: Shutting down and abandoning module GeometryMode (506)
[2017.09.03-09.35.32:653][597]LogModuleManager: Shutting down and abandoning module TextureAlignMode (504)
[2017.09.03-09.35.32:653][597]LogModuleManager: Shutting down and abandoning module BspMode (502)
[2017.09.03-09.35.32:653][597]LogModuleManager: Shutting down and abandoning module PIEPreviewDeviceProfileSelector (500)
[2017.09.03-09.35.32:653][597]LogModuleManager: Shutting down and abandoning module HardwareSurvey (498)
[2017.09.03-09.35.32:653][597]LogModuleManager: Shutting down and abandoning module SequenceRecorderSections (496)
[2017.09.03-09.35.32:653][597]LogModuleManager: Shutting down and abandoning module AutomationWorker (494)
[2017.09.03-09.35.32:653][597]LogModuleManager: Shutting down and abandoning module MatineeToLevelSequence (492)
[2017.09.03-09.35.32:653][597]LogModuleManager: Shutting down and abandoning module LevelSequenceEditor (490)
[2017.09.03-09.35.32:668][597]LogModuleManager: Shutting down and abandoning module PlacementMode (489)
[2017.09.03-09.35.32:669][597]LogModuleManager: Shutting down and abandoning module WmfMediaFactory (486)
[2017.09.03-09.35.32:669][597]LogModuleManager: Shutting down and abandoning module WmfMediaEditor (484)
[2017.09.03-09.35.32:669][597]LogModuleManager: Shutting down and abandoning module AvfMediaFactory (482)
[2017.09.03-09.35.32:669][597]LogModuleManager: Shutting down and abandoning module AvfMediaEditor (480)
[2017.09.03-09.35.32:669][597]LogModuleManager: Shutting down and abandoning module AndroidMediaFactory (478)
[2017.09.03-09.35.32:669][597]LogModuleManager: Shutting down and abandoning module Media (477)
[2017.09.03-09.35.32:669][597]LogModuleManager: Shutting down and abandoning module AndroidMediaEditor (474)
[2017.09.03-09.35.32:669][597]LogModuleManager: Shutting down and abandoning module CharacterAI (472)
[2017.09.03-09.35.32:669][597]LogModuleManager: Shutting down and abandoning module AudioCapture (470)
[2017.09.03-09.35.32:669][597]LogModuleManager: Shutting down and abandoning module SequenceRecorder (469)
[2017.09.03-09.35.32:669][597]LogModuleManager: Shutting down and abandoning module SmartSnapping (466)
[2017.09.03-09.35.32:669][597]LogModuleManager: Shutting down and abandoning module SessionServices (464)
[2017.09.03-09.35.32:669][597]LogModuleManager: Shutting down and abandoning module ViewportSnapping (462)
[2017.09.03-09.35.32:669][597]LogModuleManager: Shutting down and abandoning module ViewportInteraction (460)
[2017.09.03-09.35.32:669][597]LogModuleManager: Shutting down and abandoning module ClothPainter (458)
[2017.09.03-09.35.32:678][597]LogModuleManager: Shutting down and abandoning module LogVisualizer (456)
[2017.09.03-09.35.32:679][597]LogModuleManager: Shutting down and abandoning module IntroTutorials (454)
[2017.09.03-09.35.32:679][597]LogModuleManager: Shutting down and abandoning module GameProjectGeneration (453)
[2017.09.03-09.35.32:694][597]LogModuleManager: Shutting down and abandoning module IOSPlatformEditor (450)
[2017.09.03-09.35.32:694][597]LogModuleManager: Shutting down and abandoning module HTML5PlatformEditor (448)
[2017.09.03-09.35.32:694][597]LogModuleManager: Shutting down and abandoning module AndroidPlatformEditor (446)
[2017.09.03-09.35.32:695][597]LogModuleManager: Shutting down and abandoning module AndroidDeviceDetection (445)
[2017.09.03-09.35.33:284][597]LogModuleManager: Shutting down and abandoning module WindowsPlatformEditor (442)
[2017.09.03-09.35.33:284][597]LogModuleManager: Shutting down and abandoning module IOSRuntimeSettings (440)
[2017.09.03-09.35.33:284][597]LogModuleManager: Shutting down and abandoning module AndroidRuntimeSettings (438)
[2017.09.03-09.35.33:284][597]LogModuleManager: Shutting down and abandoning module InputBindingEditor (436)
[2017.09.03-09.35.33:284][597]LogModuleManager: Shutting down and abandoning module MergeActors (434)
[2017.09.03-09.35.33:322][597]LogModuleManager: Shutting down and abandoning module SizeMap (432)
[2017.09.03-09.35.33:322][597]LogModuleManager: Shutting down and abandoning module TreeMap (430)
[2017.09.03-09.35.33:322][597]LogModuleManager: Shutting down and abandoning module ReferenceViewer (428)
[2017.09.03-09.35.33:323][597]LogModuleManager: Shutting down and abandoning module LocalizationDashboard (426)
[2017.09.03-09.35.33:336][597]LogModuleManager: Shutting down and abandoning module LocalizationService (425)
[2017.09.03-09.35.33:336][597]LogModuleManager: Shutting down and abandoning module HardwareTargeting (422)
[2017.09.03-09.35.33:336][597]LogModuleManager: Shutting down and abandoning module DeviceProfileEditor (420)
[2017.09.03-09.35.33:336][597]LogModuleManager: Shutting down and abandoning module UndoHistory (418)
[2017.09.03-09.35.33:336][597]LogModuleManager: Shutting down and abandoning module XmlParser (416)
[2017.09.03-09.35.33:336][597]LogModuleManager: Shutting down and abandoning module Blutility (414)
[2017.09.03-09.35.33:337][597]LogModuleManager: Shutting down and abandoning module ProjectSettingsViewer (412)
[2017.09.03-09.35.33:337][597]LogModuleManager: Shutting down and abandoning module ProjectTargetPlatformEditor (411)
[2017.09.03-09.35.33:337][597]LogModuleManager: Shutting down and abandoning module EditorSettingsViewer (408)
[2017.09.03-09.35.33:337][597]LogModuleManager: Shutting down and abandoning module SettingsEditor (406)
[2017.09.03-09.35.33:345][597]LogModuleManager: Shutting down and abandoning module ProjectLauncher (404)
[2017.09.03-09.35.33:360][597]LogModuleManager: Shutting down and abandoning module SessionFrontend (402)
[2017.09.03-09.35.33:360][597]LogModuleManager: Shutting down and abandoning module ProfilerClient (400)
[2017.09.03-09.35.33:371][597]LogModuleManager: Shutting down and abandoning module DeviceManager (398)
[2017.09.03-09.35.33:371][597]LogModuleManager: Shutting down and abandoning module TargetDeviceServices (397)
[2017.09.03-09.35.33:414][597]LogModuleManager: Shutting down and abandoning module AutomationController (394)
[2017.09.03-09.35.33:414][597]LogModuleManager: Shutting down and abandoning module AutomationWindow (392)
[2017.09.03-09.35.33:432][597]LogModuleManager: Shutting down and abandoning module Layers (390)
[2017.09.03-09.35.33:454][597]LogModuleManager: Shutting down and abandoning module ComponentVisualizers (388)
[2017.09.03-09.35.33:455][597]LogModuleManager: Shutting down and abandoning module DetailCustomizations (386)
[2017.09.03-09.35.33:455][597]LogModuleManager: Shutting down and abandoning module PackagesDialog (384)
[2017.09.03-09.35.33:455][597]LogModuleManager: Shutting down and abandoning module Persona (382)
[2017.09.03-09.35.33:470][597]LogModuleManager: Shutting down and abandoning module AdvancedPreviewScene (381)
[2017.09.03-09.35.33:470][597]LogModuleManager: Shutting down and abandoning module AnimGraph (379)
[2017.09.03-09.35.33:471][597]LogModuleManager: Shutting down and abandoning module Kismet (376)
[2017.09.03-09.35.33:474][597]LogModuleManager: Shutting down and abandoning module ClassViewer (374)
[2017.09.03-09.35.33:474][597]LogModuleManager: Shutting down and abandoning module Toolbox (372)
[2017.09.03-09.35.33:474][597]LogModuleManager: Shutting down and abandoning module ModuleUI (370)
[2017.09.03-09.35.33:482][597]LogModuleManager: Shutting down and abandoning module MovieSceneTools (368)
[2017.09.03-09.35.33:496][597]LogModuleManager: Shutting down and abandoning module OutputLog (366)
[2017.09.03-09.35.33:496][597]LogModuleManager: Shutting down and abandoning module GammaUI (364)
[2017.09.03-09.35.33:496][597]LogModuleManager: Shutting down and abandoning module Documentation (362)
[2017.09.03-09.35.33:497][597]LogModuleManager: Shutting down and abandoning module MovieSceneTracks (360)
[2017.09.03-09.35.33:509][597]LogModuleManager: Shutting down and abandoning module MovieScene (358)
[2017.09.03-09.35.33:509][597]LogModuleManager: Shutting down and abandoning module Niagara (356)
[2017.09.03-09.35.33:509][597]LogModuleManager: Shutting down and abandoning module NiagaraEditor (355)
[2017.09.03-09.35.33:522][597]LogModuleManager: Shutting down and abandoning module StreamingPauseRendering (352)
[2017.09.03-09.35.33:523][597]LogModuleManager: Shutting down and abandoning module LauncherPlatform (350)
[2017.09.03-09.35.33:523][597]LogModuleManager: Shutting down and abandoning module AnalyticsET (348)
[2017.09.03-09.35.33:523][597]LogModuleManager: Shutting down and abandoning module PortalServices (346)
[2017.09.03-09.35.33:523][597]LogModuleManager: Shutting down and abandoning module PortalRpc (344)
[2017.09.03-09.35.33:523][597]LogModuleManager: Shutting down and abandoning module MessagingRpc (342)
[2017.09.03-09.35.33:523][597]LogModuleManager: Shutting down and abandoning module AIModule (340)
[2017.09.03-09.35.33:523][597]LogModuleManager: Shutting down and abandoning module GameplayDebugger (339)
[2017.09.03-09.35.33:523][597]LogModuleManager: Shutting down and abandoning module AITestSuite (337)
[2017.09.03-09.35.33:523][597]LogModuleManager: Shutting down and abandoning module ProfilerService (334)
[2017.09.03-09.35.33:675][597]LogModuleManager: Shutting down and abandoning module TaskGraph (332)
[2017.09.03-09.35.33:686][597]LogModuleManager: Shutting down and abandoning module SteamVRController (330)
[2017.09.03-09.35.33:686][597]LogModuleManager: Shutting down and abandoning module ProceduralMeshComponentEditor (328)
[2017.09.03-09.35.33:686][597]LogModuleManager: Shutting down and abandoning module ProceduralMeshComponent (326)
[2017.09.03-09.35.33:686][597]LogModuleManager: Shutting down and abandoning module OculusInput (324)
[2017.09.03-09.35.33:686][597]LogModuleManager: Shutting down and abandoning module MobilePatchingUtils (322)
[2017.09.03-09.35.33:686][597]LogModuleManager: Shutting down and abandoning module CustomMeshComponent (320)
[2017.09.03-09.35.33:686][597]LogModuleManager: Shutting down and abandoning module CableComponent (318)
[2017.09.03-09.35.33:687][597]LogModuleManager: Shutting down and abandoning module ArchVisCharacter (316)
[2017.09.03-09.35.33:687][597]LogModuleManager: Shutting down and abandoning module AndroidPermission (314)
[2017.09.03-09.35.33:687][597]LogModuleManager: Shutting down and abandoning module MediaPlayerEditor (310)
[2017.09.03-09.35.33:699][597]LogModuleManager: Shutting down and abandoning module HTML5Networking (308)
[2017.09.03-09.35.33:699][597]LogModuleManager: Shutting down and abandoning module AlembicImporter (306)
[2017.09.03-09.35.33:709][597]LogModuleManager: Shutting down and abandoning module AlembicLibrary (305)
[2017.09.03-09.35.33:709][597]LogModuleManager: Shutting down and abandoning module GeometryCache (304)
[2017.09.03-09.35.33:709][597]LogModuleManager: Shutting down and abandoning module GeometryCacheEd (303)
[2017.09.03-09.35.33:709][597]LogModuleManager: Shutting down and abandoning module SpeedTreeImporter (298)
[2017.09.03-09.35.33:709][597]LogModuleManager: Shutting down and abandoning module PluginBrowser (296)
[2017.09.03-09.35.33:721][597]LogModuleManager: Shutting down and abandoning module MobileLauncherProfileWizard (294)
[2017.09.03-09.35.33:736][597]LogModuleManager: Shutting down and abandoning module VisualStudioSourceCodeAccess (292)
[2017.09.03-09.35.33:736][597]LogModuleManager: Shutting down and abandoning module DesktopPlatform (291)
[2017.09.03-09.35.33:736][597]LogModuleManager: Shutting down and abandoning module UObjectPlugin (288)
[2017.09.03-09.35.33:736][597]LogModuleManager: Shutting down and abandoning module SubversionSourceControl (286)
[2017.09.03-09.35.33:736][597]LogModuleManager: Shutting down and abandoning module PerforceSourceControl (284)
[2017.09.03-09.35.33:736][597]LogModuleManager: Shutting down and abandoning module GitSourceControl (282)
[2017.09.03-09.35.33:736][597]LogModuleManager: Shutting down and abandoning module SourceControl (281)
[2017.09.03-09.35.33:736][597]LogModuleManager: Shutting down and abandoning module LightPropagationVolumeEditor (278)
[2017.09.03-09.35.33:736][597]LogModuleManager: Shutting down and abandoning module PaperTiledImporter (276)
[2017.09.03-09.35.33:736][597]LogModuleManager: Shutting down and abandoning module PaperSpriteSheetImporter (274)
[2017.09.03-09.35.33:736][597]LogModuleManager: Shutting down and abandoning module Paper2DEditor (272)
[2017.09.03-09.35.33:737][597]LogModuleManager: Shutting down and abandoning module MeshPaint (271)
[2017.09.03-09.35.33:737][597]LogModuleManager: Shutting down and abandoning module LevelEditor (269)
[2017.09.03-09.35.33:738][597]LogModuleManager: Shutting down and abandoning module PixelInspectorModule (268)
[2017.09.03-09.35.33:739][597]LogModuleManager: Shutting down and abandoning module MainFrame (266)
[2017.09.03-09.35.33:739][597]LogModuleManager: Shutting down and abandoning module HotReload (265)
[2017.09.03-09.35.33:739][597]LogModuleManager: Shutting down and abandoning module RuntimePhysXCooking (260)
[2017.09.03-09.35.33:740][597]LogModuleManager: Shutting down and abandoning module PhysXVehiclesEditor (258)
[2017.09.03-09.35.33:740][597]LogModuleManager: Shutting down and abandoning module PhysXVehicles (256)
[2017.09.03-09.35.33:740][597]LogModuleManager: Shutting down and abandoning module OculusEditor (254)
[2017.09.03-09.35.33:740][597]LogModuleManager: Shutting down and abandoning module LocationServicesBPLibrary (252)
[2017.09.03-09.35.33:740][597]LogModuleManager: Shutting down and abandoning module ImmediatePhysicsEditor (250)
[2017.09.03-09.35.33:740][597]LogModuleManager: Shutting down and abandoning module ImmediatePhysics (248)
[2017.09.03-09.35.33:740][597]LogModuleManager: Shutting down and abandoning module UdpMessaging (246)
[2017.09.03-09.35.33:841][597]LogModuleManager: Shutting down and abandoning module TcpMessaging (244)
[2017.09.03-09.35.33:941][597]LogModuleManager: Shutting down and abandoning module GameplayTagsEditor (242)
[2017.09.03-09.35.33:955][597]LogModuleManager: Shutting down and abandoning module FacialAnimationEditor (240)
[2017.09.03-09.35.33:955][597]LogModuleManager: Shutting down and abandoning module FacialAnimation (238)
[2017.09.03-09.35.33:956][597]LogModuleManager: Shutting down and abandoning module AssetManagerEditor (236)
[2017.09.03-09.35.33:956][597]LogModuleManager: Shutting down and abandoning module GraphEditor (235)
[2017.09.03-09.35.33:974][597]LogModuleManager: Shutting down and abandoning module ContentBrowser (233)
[2017.09.03-09.35.33:976][597]LogModuleManager: Shutting down and abandoning module LightPropagationVolumeRuntime (230)
[2017.09.03-09.35.33:976][597]LogModuleManager: Shutting down and abandoning module Paper2D (228)
[2017.09.03-09.35.33:977][597]LogModuleManager: Shutting down and abandoning module WindowsMoviePlayer (226)
[2017.09.03-09.35.33:977][597]LogModuleManager: Shutting down and abandoning module WmfMedia (224)
[2017.09.03-09.35.33:977][597]LogModuleManager: Shutting down and abandoning module PacketHandler (222)
[2017.09.03-09.35.33:977][597]LogModuleManager: Shutting down and abandoning module ClothingSystemEditor (220)
[2017.09.03-09.35.33:977][597]LogModuleManager: Shutting down and abandoning module ClothingSystemRuntime (218)
[2017.09.03-09.35.33:988][597]LogModuleManager: Shutting down and abandoning module Overlay (216)
[2017.09.03-09.35.33:988][597]LogModuleManager: Shutting down and abandoning module OverlayEditor (215)
[2017.09.03-09.35.33:988][597]LogModuleManager: Shutting down and abandoning module MediaAssets (212)
[2017.09.03-09.35.33:989][597]LogModuleManager: Shutting down and abandoning module VREditor (210)
[2017.09.03-09.35.34:001][597]LogModuleManager: Shutting down and abandoning module StringTableEditor (208)
[2017.09.03-09.35.34:006][597]LogModuleManager: Shutting down and abandoning module GameplayTasksEditor (206)
[2017.09.03-09.35.34:006][597]LogModuleManager: Shutting down and abandoning module BehaviorTreeEditor (204)
[2017.09.03-09.35.34:026][597]LogModuleManager: Shutting down and abandoning module FunctionalTesting (202)
[2017.09.03-09.35.34:026][597]LogModuleManager: Shutting down and abandoning module CollisionAnalyzer (200)
[2017.09.03-09.35.34:026][597]LogModuleManager: Shutting down and abandoning module WorkspaceMenuStructure (199)
[2017.09.03-09.35.34:026][597]LogModuleManager: Shutting down and abandoning module UMG (196)
[2017.09.03-09.35.34:031][597]LogModuleManager: Shutting down and abandoning module UMGEditor (195)
[2017.09.03-09.35.34:045][597]LogModuleManager: Shutting down and abandoning module Sequencer (194)
[2017.09.03-09.35.34:060][597]LogModuleManager: Shutting down and abandoning module MessageLog (191)
[2017.09.03-09.35.34:060][597]LogModuleManager: Shutting down and abandoning module SlateReflector (186)
[2017.09.03-09.35.34:079][597]LogModuleManager: Shutting down and abandoning module Slate (184)
[2017.09.03-09.35.34:079][597]LogModuleManager: Shutting down and abandoning module EditorStyle (182)
[2017.09.03-09.35.34:085][597]LogModuleManager: Shutting down and abandoning module MRMesh (180)
[2017.09.03-09.35.34:085][597]LogModuleManager: Shutting down and abandoning module SourceCodeAccess (178)
[2017.09.03-09.35.34:085][597]LogModuleManager: Shutting down and abandoning module HeadMountedDisplay (176)
[2017.09.03-09.35.34:085][597]LogModuleManager: Shutting down and abandoning module XAudio2 (174)
[2017.09.03-09.35.34:085][597]LogModuleManager: Shutting down and abandoning module Networking (172)
[2017.09.03-09.35.34:085][597]LogModuleManager: Shutting down and abandoning module Core (168)
[2017.09.03-09.35.34:085][597]LogModuleManager: Shutting down and abandoning module KismetCompiler (164)
[2017.09.03-09.35.34:085][597]LogModuleManager: Shutting down and abandoning module LevelSequence (162)
[2017.09.03-09.35.34:085][597]LogModuleManager: Shutting down and abandoning module MeshUtilities (160)
[2017.09.03-09.35.34:097][597]LogModuleManager: Shutting down and abandoning module MeshMergeUtilities (159)
[2017.09.03-09.35.34:108][597]LogModuleManager: Shutting down and abandoning module MeshReductionInterface (158)
[2017.09.03-09.35.34:108][597]LogModuleManager: Shutting down and abandoning module SimplygonSwarm (157)
[2017.09.03-09.35.34:121][597]LogModuleManager: Shutting down and abandoning module SimplygonMeshReduction (155)
[2017.09.03-09.35.34:121][597]LogModuleManager: Shutting down and abandoning module QuadricMeshReduction (153)
[2017.09.03-09.35.34:121][597]LogModuleManager: Shutting down and abandoning module MaterialBaking (149)
[2017.09.03-09.35.34:121][597]LogModuleManager: Shutting down and abandoning module DirectoryWatcher (146)
[2017.09.03-09.35.34:123][597]LogModuleManager: Shutting down and abandoning module DerivedDataCache (144)
[2017.09.03-09.35.34:129][597]LogDerivedDataCache: Shutdown
[2017.09.03-09.35.34:129][597]LogModuleManager: Shutting down and abandoning module TargetPlatform (142)
[2017.09.03-09.35.34:129][597]LogModuleManager: Shutting down and abandoning module VulkanShaderFormat (141)
[2017.09.03-09.35.34:129][597]LogModuleManager: Shutting down and abandoning module ShaderFormatVectorVM (139)
[2017.09.03-09.35.34:136][597]LogModuleManager: Shutting down and abandoning module ShaderFormatOpenGL (137)
[2017.09.03-09.35.34:151][597]LogModuleManager: Shutting down and abandoning module ShaderFormatD3D (135)
[2017.09.03-09.35.34:151][597]LogModuleManager: Shutting down and abandoning module MetalShaderFormat (133)
[2017.09.03-09.35.34:161][597]LogModuleManager: Shutting down and abandoning module TextureFormatUncompressed (131)
[2017.09.03-09.35.34:161][597]LogModuleManager: Shutting down and abandoning module TextureFormatPVR (129)
[2017.09.03-09.35.34:161][597]LogModuleManager: Shutting down and abandoning module TextureFormatDXT (127)
[2017.09.03-09.35.34:161][597]LogModuleManager: Shutting down and abandoning module TextureFormatIntelISPCTexComp (125)
[2017.09.03-09.35.34:162][597]LogModuleManager: Shutting down and abandoning module TextureFormatASTC (123)
[2017.09.03-09.35.34:162][597]LogModuleManager: Shutting down and abandoning module ImageWrapper (122)
[2017.09.03-09.35.34:162][597]LogModuleManager: Shutting down and abandoning module TextureFormatAndroid (119)
[2017.09.03-09.35.34:162][597]LogModuleManager: Shutting down and abandoning module AudioFormatOpus (117)
[2017.09.03-09.35.34:162][597]LogModuleManager: Shutting down and abandoning module AudioFormatOgg (115)
[2017.09.03-09.35.34:162][597]LogModuleManager: Shutting down and abandoning module AudioFormatADPCM (113)
[2017.09.03-09.35.34:162][597]LogModuleManager: Shutting down and abandoning module LinuxTargetPlatform (111)
[2017.09.03-09.35.34:162][597]LogModuleManager: Shutting down and abandoning module LinuxServerTargetPlatform (109)
[2017.09.03-09.35.34:162][597]LogModuleManager: Shutting down and abandoning module LinuxNoEditorTargetPlatform (107)
[2017.09.03-09.35.34:162][597]LogModuleManager: Shutting down and abandoning module LinuxClientTargetPlatform (105)
[2017.09.03-09.35.34:162][597]LogModuleManager: Shutting down and abandoning module TVOSTargetPlatform (103)
[2017.09.03-09.35.34:162][597]LogModuleManager: Shutting down and abandoning module Messaging (101)
[2017.09.03-09.35.34:162][597]LogModuleManager: Shutting down and abandoning module IOSTargetPlatform (99)
[2017.09.03-09.35.34:162][597]LogModuleManager: Shutting down and abandoning module HTML5TargetPlatform (97)
[2017.09.03-09.35.34:162][597]LogModuleManager: Shutting down and abandoning module Android_PVRTCTargetPlatform (95)
[2017.09.03-09.35.34:162][597]LogModuleManager: Shutting down and abandoning module Android_MultiTargetPlatform (93)
[2017.09.03-09.35.34:162][597]LogModuleManager: Shutting down and abandoning module Android_ETC2TargetPlatform (91)
[2017.09.03-09.35.34:162][597]LogModuleManager: Shutting down and abandoning module Android_ETC1TargetPlatform (89)
[2017.09.03-09.35.34:162][597]LogModuleManager: Shutting down and abandoning module Android_DXTTargetPlatform (87)
[2017.09.03-09.35.34:162][597]LogModuleManager: Shutting down and abandoning module Android_ATCTargetPlatform (85)
[2017.09.03-09.35.34:163][597]LogModuleManager: Shutting down and abandoning module Android_ASTCTargetPlatform (83)
[2017.09.03-09.35.34:163][597]LogModuleManager: Shutting down and abandoning module AndroidTargetPlatform (81)
[2017.09.03-09.35.34:163][597]LogModuleManager: Shutting down and abandoning module WindowsTargetPlatform (79)
[2017.09.03-09.35.34:163][597]LogModuleManager: Shutting down and abandoning module WindowsServerTargetPlatform (77)
[2017.09.03-09.35.34:163][597]LogModuleManager: Shutting down and abandoning module WindowsNoEditorTargetPlatform (75)
[2017.09.03-09.35.34:163][597]LogModuleManager: Shutting down and abandoning module WindowsClientTargetPlatform (73)
[2017.09.03-09.35.34:163][597]LogModuleManager: Shutting down and abandoning module MacTargetPlatform (71)
[2017.09.03-09.35.34:163][597]LogModuleManager: Shutting down and abandoning module MacServerTargetPlatform (69)
[2017.09.03-09.35.34:163][597]LogModuleManager: Shutting down and abandoning module MacNoEditorTargetPlatform (67)
[2017.09.03-09.35.34:163][597]LogModuleManager: Shutting down and abandoning module MacClientTargetPlatform (65)
[2017.09.03-09.35.34:163][597]LogModuleManager: Shutting down and abandoning module AllDesktopTargetPlatform (63)
[2017.09.03-09.35.34:163][597]LogModuleManager: Shutting down and abandoning module InputCore (60)
[2017.09.03-09.35.34:163][597]LogModuleManager: Shutting down and abandoning module Settings (58)
[2017.09.03-09.35.34:163][597]LogModuleManager: Shutting down and abandoning module PhysXCooking (56)
[2017.09.03-09.35.34:163][597]LogModuleManager: Shutting down and abandoning module SteamVR (54)
[2017.09.03-09.35.34:163][597]LogModuleManager: Shutting down and abandoning module OculusHMD (52)
[2017.09.03-09.35.34:163][597]LogModuleManager: Shutting down and abandoning module ExampleDeviceProfileSelector (50)
[2017.09.03-09.35.34:163][597]LogModuleManager: Shutting down and abandoning module OnlineBlueprintSupport (48)
[2017.09.03-09.35.34:163][597]LogModuleManager: Shutting down and abandoning module OnlineSubsystem (44)
[2017.09.03-09.35.34:163][597]LogOnline: Display: Unloading online subsystem: NULL
[2017.09.03-09.35.34:181][597]LogModuleManager: Shutting down and abandoning module XMPP (43)
[2017.09.03-09.35.34:195][597]LogModuleManager: Shutting down and abandoning module HTTP (41)
[2017.09.03-09.35.34:195][597]LogHttp: Display: Http module shutting down, but needs to wait on 1 outstanding Http requests:
[2017.09.03-09.35.34:195][597]LogHttp: Display: 	verb=[POST] url=[https://datarouter.ol.epicgames.com/datarouter/api/v1/public/data?SessionID=%7B88C731AB-4B03-5494-83A2-D5B7ECE61974%7D&AppID=UEEditor.Rocket.Release&AppVersion=4.17.1-3586342%2B%2B%2BUE4%2BRelease-4.17&UserID=d844313648ae837ffc76d7bfa58eef18%7C2e42d70969d44ec199f474a888389f42%7Cd2d11c2b-0f0c-4abd-b516-22879837d91b&AppEnvironment=datacollector-binary&UploadType=eteventstream] status=Processing
[2017.09.03-09.35.34:210][597]LogModuleManager: Shutting down and abandoning module SSL (40)
[2017.09.03-09.35.34:214][597]LogModuleManager: Shutting down and abandoning module AnimationModifiers (36)
[2017.09.03-09.35.34:215][597]LogModuleManager: Shutting down and abandoning module PropertyEditor (35)
[2017.09.03-09.35.34:215][597]LogModuleManager: Shutting down and abandoning module AudioEditor (32)
[2017.09.03-09.35.34:246][597]LogModuleManager: Shutting down and abandoning module TextureCompressor (30)
[2017.09.03-09.35.34:246][597]LogModuleManager: Shutting down and abandoning module ShaderCore (28)
[2017.09.03-09.35.34:246][597]LogModuleManager: Shutting down and abandoning module Landscape (26)
[2017.09.03-09.35.34:246][597]LogModuleManager: Shutting down and abandoning module SlateRHIRenderer (24)
[2017.09.03-09.35.34:286][597]LogModuleManager: Shutting down and abandoning module OpenGLDrv (22)
[2017.09.03-09.35.34:301][597]LogModuleManager: Shutting down and abandoning module D3D11RHI (20)
[2017.09.03-09.35.34:301][597]LogModuleManager: Shutting down and abandoning module AnimGraphRuntime (18)
[2017.09.03-09.35.34:301][597]LogModuleManager: Shutting down and abandoning module Renderer (16)
[2017.09.03-09.35.34:301][597]LogModuleManager: Shutting down and abandoning module Engine (14)
[2017.09.03-09.35.34:301][597]LogModuleManager: Shutting down and abandoning module CoreUObject (12)
[2017.09.03-09.35.34:301][597]LogModuleManager: Shutting down and abandoning module NetworkFile (10)
[2017.09.03-09.35.34:302][597]LogModuleManager: Shutting down and abandoning module CookedIterativeFile (8)
[2017.09.03-09.35.34:302][597]LogModuleManager: Shutting down and abandoning module StreamingFile (6)
[2017.09.03-09.35.34:302][597]LogModuleManager: Shutting down and abandoning module SandboxFile (4)
[2017.09.03-09.35.34:302][597]LogModuleManager: Shutting down and abandoning module PakFile (2)
[2017.09.03-09.35.34:311][597]LogExit: Exiting.
[2017.09.03-09.35.34:364][597]Log file closed, 09/03/17 13:35:34
